12:12:45 INFO  : Registering command handlers for SDK TCF services
12:12:46 INFO  : Launching XSCT server: xsct.bat -interactive C:\FPGA\Assignment_1\FPGA\PongDesign\PongDesign.sdk\temp_xsdb_launch_script.tcl
12:12:50 INFO  : XSCT server has started successfully.
12:12:50 INFO  : Successfully done setting XSCT server connection channel  
12:12:54 INFO  : Processing command line option -hwspec C:/FPGA/Assignment_1/FPGA/PongDesign/PongDesign.sdk/design_1_wrapper.hdf.
12:12:54 INFO  : Successfully done setting SDK workspace  
12:16:23 INFO  : No changes in MSS file content so not generating sources.
12:21:18 INFO  : Connected to target on host '127.0.0.1' and port '3121'.
12:21:20 INFO  : 'targets -set -filter {jtag_cable_name =~ "Avnet MiniZed V1 1234-oj1A" && level==0} -index 1' command is executed.
12:21:21 INFO  : FPGA configured successfully with bitstream "C:/FPGA/Assignment_1/FPGA/PongDesign/PongDesign.sdk/design_1_wrapper_hw_platform_0/design_1_wrapper.bit"
12:21:49 INFO  : Connected to target on host '127.0.0.1' and port '3121'.
12:21:49 INFO  : 'targets -set -filter {jtag_cable_name =~ "Avnet MiniZed V1 1234-oj1A" && level==0} -index 1' command is executed.
12:21:50 INFO  : FPGA configured successfully with bitstream "C:/FPGA/Assignment_1/FPGA/PongDesign/PongDesign.sdk/design_1_wrapper_hw_platform_0/design_1_wrapper.bit"
12:22:19 INFO  : Connected to target on host '127.0.0.1' and port '3121'.
12:22:19 INFO  : 'targets -set -filter {jtag_cable_name =~ "Avnet MiniZed V1 1234-oj1A" && level==0} -index 1' command is executed.
12:22:21 INFO  : FPGA configured successfully with bitstream "C:/FPGA/Assignment_1/FPGA/PongDesign/PongDesign.sdk/design_1_wrapper_hw_platform_0/design_1_wrapper.bit"
12:22:31 INFO  : 'targets -set -filter {jtag_cable_name =~ "Avnet MiniZed V1 1234-oj1A" && level==0} -index 1' command is executed.
12:22:31 INFO  : 'fpga -state' command is executed.
12:22:31 INFO  : Connected to target on host '127.0.0.1' and port '3121'.
12:22:31 INFO  : Jtag cable 'Avnet MiniZed V1 1234-oj1A' is selected.
12:22:31 INFO  : 'jtag frequency' command is executed.
12:22:31 INFO  : Sourcing of 'C:/FPGA/Assignment_1/FPGA/PongDesign/PongDesign.sdk/design_1_wrapper_hw_platform_0/ps7_init.tcl' is done.
12:22:31 INFO  : Context for 'APU' is selected.
12:22:31 INFO  : Hardware design information is loaded from 'C:/FPGA/Assignment_1/FPGA/PongDesign/PongDesign.sdk/design_1_wrapper_hw_platform_0/system.hdf'.
12:22:31 INFO  : 'configparams force-mem-access 1' command is executed.
12:22:31 INFO  : Context for 'APU' is selected.
12:22:31 INFO  : 'stop' command is executed.
12:22:32 INFO  : 'ps7_init' command is executed.
12:22:32 INFO  : 'ps7_post_config' command is executed.
12:22:32 INFO  : Context for processor 'ps7_cortexa9_0' is selected.
12:22:32 INFO  : Processor reset is completed for 'ps7_cortexa9_0'.
12:22:32 INFO  : Context for processor 'ps7_cortexa9_0' is selected.
12:22:32 INFO  : The application 'C:/FPGA/Assignment_1/FPGA/PongDesign/PongDesign.sdk/firstTest/Debug/firstTest.elf' is downloaded to processor 'ps7_cortexa9_0'.
12:22:32 INFO  : 'configparams force-mem-access 0' command is executed.
12:22:32 INFO  : ----------------XSDB Script----------------
connect -url tcp:127.0.0.1:3121
source C:/FPGA/Assignment_1/FPGA/PongDesign/PongDesign.sdk/design_1_wrapper_hw_platform_0/ps7_init.tcl
targets -set -nocase -filter {name =~"APU*" && jtag_cable_name =~ "Avnet MiniZed V1 1234-oj1A"} -index 0
loadhw -hw C:/FPGA/Assignment_1/FPGA/PongDesign/PongDesign.sdk/design_1_wrapper_hw_platform_0/system.hdf -mem-ranges [list {0x40000000 0xbfffffff}]
configparams force-mem-access 1
targets -set -nocase -filter {name =~"APU*" && jtag_cable_name =~ "Avnet MiniZed V1 1234-oj1A"} -index 0
stop
ps7_init
ps7_post_config
targets -set -nocase -filter {name =~ "ARM*#0" && jtag_cable_name =~ "Avnet MiniZed V1 1234-oj1A"} -index 0
rst -processor
targets -set -nocase -filter {name =~ "ARM*#0" && jtag_cable_name =~ "Avnet MiniZed V1 1234-oj1A"} -index 0
dow C:/FPGA/Assignment_1/FPGA/PongDesign/PongDesign.sdk/firstTest/Debug/firstTest.elf
configparams force-mem-access 0
----------------End of Script----------------

12:22:32 INFO  : Context for processor 'ps7_cortexa9_0' is selected.
12:22:32 INFO  : 'con' command is executed.
12:22:32 INFO  : ----------------XSDB Script (After Launch)----------------
targets -set -nocase -filter {name =~ "ARM*#0" && jtag_cable_name =~ "Avnet MiniZed V1 1234-oj1A"} -index 0
con
----------------End of Script----------------

12:22:32 INFO  : Disconnected from the channel tcfchan#1.
12:23:22 INFO  : 'targets -set -filter {jtag_cable_name =~ "Avnet MiniZed V1 1234-oj1A" && level==0} -index 1' command is executed.
12:23:22 INFO  : 'fpga -state' command is executed.
12:23:22 INFO  : Connected to target on host '127.0.0.1' and port '3121'.
12:23:23 INFO  : Jtag cable 'Avnet MiniZed V1 1234-oj1A' is selected.
12:23:23 INFO  : 'jtag frequency' command is executed.
12:23:23 INFO  : Sourcing of 'C:/FPGA/Assignment_1/FPGA/PongDesign/PongDesign.sdk/design_1_wrapper_hw_platform_0/ps7_init.tcl' is done.
12:23:23 INFO  : Context for 'APU' is selected.
12:23:25 INFO  : Hardware design information is loaded from 'C:/FPGA/Assignment_1/FPGA/PongDesign/PongDesign.sdk/design_1_wrapper_hw_platform_0/system.hdf'.
12:23:25 INFO  : 'configparams force-mem-access 1' command is executed.
12:23:25 INFO  : Context for 'APU' is selected.
12:23:25 INFO  : 'stop' command is executed.
12:23:26 INFO  : 'ps7_init' command is executed.
12:23:26 INFO  : 'ps7_post_config' command is executed.
12:23:26 INFO  : Context for processor 'ps7_cortexa9_0' is selected.
12:23:26 INFO  : Processor reset is completed for 'ps7_cortexa9_0'.
12:23:26 INFO  : Context for processor 'ps7_cortexa9_0' is selected.
12:23:26 INFO  : The application 'C:/FPGA/Assignment_1/FPGA/PongDesign/PongDesign.sdk/firstTest/Debug/firstTest.elf' is downloaded to processor 'ps7_cortexa9_0'.
12:23:26 INFO  : 'configparams force-mem-access 0' command is executed.
12:23:26 INFO  : ----------------XSDB Script----------------
connect -url tcp:127.0.0.1:3121
source C:/FPGA/Assignment_1/FPGA/PongDesign/PongDesign.sdk/design_1_wrapper_hw_platform_0/ps7_init.tcl
targets -set -nocase -filter {name =~"APU*" && jtag_cable_name =~ "Avnet MiniZed V1 1234-oj1A"} -index 0
loadhw -hw C:/FPGA/Assignment_1/FPGA/PongDesign/PongDesign.sdk/design_1_wrapper_hw_platform_0/system.hdf -mem-ranges [list {0x40000000 0xbfffffff}]
configparams force-mem-access 1
targets -set -nocase -filter {name =~"APU*" && jtag_cable_name =~ "Avnet MiniZed V1 1234-oj1A"} -index 0
stop
ps7_init
ps7_post_config
targets -set -nocase -filter {name =~ "ARM*#0" && jtag_cable_name =~ "Avnet MiniZed V1 1234-oj1A"} -index 0
rst -processor
targets -set -nocase -filter {name =~ "ARM*#0" && jtag_cable_name =~ "Avnet MiniZed V1 1234-oj1A"} -index 0
dow C:/FPGA/Assignment_1/FPGA/PongDesign/PongDesign.sdk/firstTest/Debug/firstTest.elf
configparams force-mem-access 0
----------------End of Script----------------

12:23:26 INFO  : Context for processor 'ps7_cortexa9_0' is selected.
12:23:27 INFO  : 'con' command is executed.
12:23:27 INFO  : ----------------XSDB Script (After Launch)----------------
targets -set -nocase -filter {name =~ "ARM*#0" && jtag_cable_name =~ "Avnet MiniZed V1 1234-oj1A"} -index 0
con
----------------End of Script----------------

12:23:27 INFO  : Disconnected from the channel tcfchan#2.
12:23:34 INFO  : 'targets -set -filter {jtag_cable_name =~ "Avnet MiniZed V1 1234-oj1A" && level==0} -index 1' command is executed.
12:23:34 INFO  : 'fpga -state' command is executed.
12:23:35 INFO  : Connected to target on host '127.0.0.1' and port '3121'.
12:23:35 INFO  : Jtag cable 'Avnet MiniZed V1 1234-oj1A' is selected.
12:23:35 INFO  : 'jtag frequency' command is executed.
12:23:35 INFO  : Sourcing of 'C:/FPGA/Assignment_1/FPGA/PongDesign/PongDesign.sdk/design_1_wrapper_hw_platform_0/ps7_init.tcl' is done.
12:23:35 INFO  : Context for 'APU' is selected.
12:23:37 INFO  : Hardware design information is loaded from 'C:/FPGA/Assignment_1/FPGA/PongDesign/PongDesign.sdk/design_1_wrapper_hw_platform_0/system.hdf'.
12:23:37 INFO  : 'configparams force-mem-access 1' command is executed.
12:23:37 INFO  : Context for 'APU' is selected.
12:23:37 INFO  : 'stop' command is executed.
12:23:37 INFO  : 'ps7_init' command is executed.
12:23:37 INFO  : 'ps7_post_config' command is executed.
12:23:37 INFO  : Context for processor 'ps7_cortexa9_0' is selected.
12:23:37 INFO  : Processor reset is completed for 'ps7_cortexa9_0'.
12:23:37 INFO  : Context for processor 'ps7_cortexa9_0' is selected.
12:23:38 INFO  : The application 'C:/FPGA/Assignment_1/FPGA/PongDesign/PongDesign.sdk/firstTest/Debug/firstTest.elf' is downloaded to processor 'ps7_cortexa9_0'.
12:23:38 INFO  : 'configparams force-mem-access 0' command is executed.
12:23:38 INFO  : ----------------XSDB Script----------------
connect -url tcp:127.0.0.1:3121
source C:/FPGA/Assignment_1/FPGA/PongDesign/PongDesign.sdk/design_1_wrapper_hw_platform_0/ps7_init.tcl
targets -set -nocase -filter {name =~"APU*" && jtag_cable_name =~ "Avnet MiniZed V1 1234-oj1A"} -index 0
loadhw -hw C:/FPGA/Assignment_1/FPGA/PongDesign/PongDesign.sdk/design_1_wrapper_hw_platform_0/system.hdf -mem-ranges [list {0x40000000 0xbfffffff}]
configparams force-mem-access 1
targets -set -nocase -filter {name =~"APU*" && jtag_cable_name =~ "Avnet MiniZed V1 1234-oj1A"} -index 0
stop
ps7_init
ps7_post_config
targets -set -nocase -filter {name =~ "ARM*#0" && jtag_cable_name =~ "Avnet MiniZed V1 1234-oj1A"} -index 0
rst -processor
targets -set -nocase -filter {name =~ "ARM*#0" && jtag_cable_name =~ "Avnet MiniZed V1 1234-oj1A"} -index 0
dow C:/FPGA/Assignment_1/FPGA/PongDesign/PongDesign.sdk/firstTest/Debug/firstTest.elf
configparams force-mem-access 0
----------------End of Script----------------

12:23:38 INFO  : Context for processor 'ps7_cortexa9_0' is selected.
12:23:38 INFO  : 'con' command is executed.
12:23:38 INFO  : ----------------XSDB Script (After Launch)----------------
targets -set -nocase -filter {name =~ "ARM*#0" && jtag_cable_name =~ "Avnet MiniZed V1 1234-oj1A"} -index 0
con
----------------End of Script----------------

12:23:38 INFO  : Disconnected from the channel tcfchan#3.
12:24:47 INFO  : Connected to target on host '127.0.0.1' and port '3121'.
12:24:48 INFO  : 'targets -set -filter {jtag_cable_name =~ "Avnet MiniZed V1 1234-oj1A" && level==0} -index 1' command is executed.
12:24:49 INFO  : FPGA configured successfully with bitstream "C:/FPGA/Assignment_1/FPGA/PongDesign/PongDesign.sdk/design_1_wrapper_hw_platform_0/design_1_wrapper.bit"
12:25:04 INFO  : Connected to target on host '127.0.0.1' and port '3121'.
12:25:04 INFO  : Jtag cable 'Avnet MiniZed V1 1234-oj1A' is selected.
12:25:04 INFO  : 'jtag frequency' command is executed.
12:25:04 INFO  : Sourcing of 'C:/FPGA/Assignment_1/FPGA/PongDesign/PongDesign.sdk/design_1_wrapper_hw_platform_0/ps7_init.tcl' is done.
12:25:04 INFO  : 'targets -set -filter {jtag_cable_name =~ "Avnet MiniZed V1 1234-oj1A" && level==0} -index 1' command is executed.
12:25:05 INFO  : FPGA configured successfully with bitstream "C:/FPGA/Assignment_1/FPGA/PongDesign/PongDesign.sdk/design_1_wrapper_hw_platform_0/design_1_wrapper.bit"
12:25:05 INFO  : Context for 'APU' is selected.
12:25:06 INFO  : Hardware design information is loaded from 'C:/FPGA/Assignment_1/FPGA/PongDesign/PongDesign.sdk/design_1_wrapper_hw_platform_0/system.hdf'.
12:25:06 INFO  : 'configparams force-mem-access 1' command is executed.
12:25:06 INFO  : Context for 'APU' is selected.
12:25:06 INFO  : 'stop' command is executed.
12:25:06 INFO  : 'ps7_init' command is executed.
12:25:06 INFO  : 'ps7_post_config' command is executed.
12:25:06 INFO  : Context for processor 'ps7_cortexa9_0' is selected.
12:25:06 INFO  : Processor reset is completed for 'ps7_cortexa9_0'.
12:25:06 INFO  : Context for processor 'ps7_cortexa9_0' is selected.
12:25:06 INFO  : The application 'C:/FPGA/Assignment_1/FPGA/PongDesign/PongDesign.sdk/firstTest/Debug/firstTest.elf' is downloaded to processor 'ps7_cortexa9_0'.
12:25:06 INFO  : 'configparams force-mem-access 0' command is executed.
12:25:06 INFO  : ----------------XSDB Script----------------
connect -url tcp:127.0.0.1:3121
source C:/FPGA/Assignment_1/FPGA/PongDesign/PongDesign.sdk/design_1_wrapper_hw_platform_0/ps7_init.tcl
targets -set -filter {jtag_cable_name =~ "Avnet MiniZed V1 1234-oj1A" && level==0} -index 1
fpga -file C:/FPGA/Assignment_1/FPGA/PongDesign/PongDesign.sdk/design_1_wrapper_hw_platform_0/design_1_wrapper.bit
targets -set -nocase -filter {name =~"APU*" && jtag_cable_name =~ "Avnet MiniZed V1 1234-oj1A"} -index 0
loadhw -hw C:/FPGA/Assignment_1/FPGA/PongDesign/PongDesign.sdk/design_1_wrapper_hw_platform_0/system.hdf -mem-ranges [list {0x40000000 0xbfffffff}]
configparams force-mem-access 1
targets -set -nocase -filter {name =~"APU*" && jtag_cable_name =~ "Avnet MiniZed V1 1234-oj1A"} -index 0
stop
ps7_init
ps7_post_config
targets -set -nocase -filter {name =~ "ARM*#0" && jtag_cable_name =~ "Avnet MiniZed V1 1234-oj1A"} -index 0
rst -processor
targets -set -nocase -filter {name =~ "ARM*#0" && jtag_cable_name =~ "Avnet MiniZed V1 1234-oj1A"} -index 0
dow C:/FPGA/Assignment_1/FPGA/PongDesign/PongDesign.sdk/firstTest/Debug/firstTest.elf
configparams force-mem-access 0
----------------End of Script----------------

12:25:06 INFO  : Context for processor 'ps7_cortexa9_0' is selected.
12:25:06 INFO  : 'con' command is executed.
12:25:06 INFO  : ----------------XSDB Script (After Launch)----------------
targets -set -nocase -filter {name =~ "ARM*#0" && jtag_cable_name =~ "Avnet MiniZed V1 1234-oj1A"} -index 0
con
----------------End of Script----------------

12:25:06 INFO  : Disconnected from the channel tcfchan#4.
12:25:40 INFO  : Connected to target on host '127.0.0.1' and port '3121'.
12:25:41 INFO  : Jtag cable 'Avnet MiniZed V1 1234-oj1A' is selected.
12:25:41 INFO  : 'jtag frequency' command is executed.
12:25:41 INFO  : Sourcing of 'C:/FPGA/Assignment_1/FPGA/PongDesign/PongDesign.sdk/design_1_wrapper_hw_platform_0/ps7_init.tcl' is done.
12:25:41 INFO  : 'targets -set -filter {jtag_cable_name =~ "Avnet MiniZed V1 1234-oj1A" && level==0} -index 1' command is executed.
12:25:42 INFO  : FPGA configured successfully with bitstream "C:/FPGA/Assignment_1/FPGA/PongDesign/PongDesign.sdk/design_1_wrapper_hw_platform_0/design_1_wrapper.bit"
12:25:43 INFO  : Context for 'APU' is selected.
12:25:45 INFO  : Hardware design information is loaded from 'C:/FPGA/Assignment_1/FPGA/PongDesign/PongDesign.sdk/design_1_wrapper_hw_platform_0/system.hdf'.
12:25:45 INFO  : 'configparams force-mem-access 1' command is executed.
12:25:46 INFO  : Context for 'APU' is selected.
12:25:46 INFO  : 'stop' command is executed.
12:25:46 INFO  : 'ps7_init' command is executed.
12:25:46 INFO  : 'ps7_post_config' command is executed.
12:25:46 INFO  : Context for processor 'ps7_cortexa9_0' is selected.
12:25:46 INFO  : Processor reset is completed for 'ps7_cortexa9_0'.
12:25:46 INFO  : Context for processor 'ps7_cortexa9_0' is selected.
12:25:47 INFO  : The application 'C:/FPGA/Assignment_1/FPGA/PongDesign/PongDesign.sdk/firstTest/Debug/firstTest.elf' is downloaded to processor 'ps7_cortexa9_0'.
12:25:47 INFO  : 'configparams force-mem-access 0' command is executed.
12:25:47 INFO  : ----------------XSDB Script----------------
connect -url tcp:127.0.0.1:3121
source C:/FPGA/Assignment_1/FPGA/PongDesign/PongDesign.sdk/design_1_wrapper_hw_platform_0/ps7_init.tcl
targets -set -filter {jtag_cable_name =~ "Avnet MiniZed V1 1234-oj1A" && level==0} -index 1
fpga -file C:/FPGA/Assignment_1/FPGA/PongDesign/PongDesign.sdk/design_1_wrapper_hw_platform_0/design_1_wrapper.bit
targets -set -nocase -filter {name =~"APU*" && jtag_cable_name =~ "Avnet MiniZed V1 1234-oj1A"} -index 0
loadhw -hw C:/FPGA/Assignment_1/FPGA/PongDesign/PongDesign.sdk/design_1_wrapper_hw_platform_0/system.hdf -mem-ranges [list {0x40000000 0xbfffffff}]
configparams force-mem-access 1
targets -set -nocase -filter {name =~"APU*" && jtag_cable_name =~ "Avnet MiniZed V1 1234-oj1A"} -index 0
stop
ps7_init
ps7_post_config
targets -set -nocase -filter {name =~ "ARM*#0" && jtag_cable_name =~ "Avnet MiniZed V1 1234-oj1A"} -index 0
rst -processor
targets -set -nocase -filter {name =~ "ARM*#0" && jtag_cable_name =~ "Avnet MiniZed V1 1234-oj1A"} -index 0
dow C:/FPGA/Assignment_1/FPGA/PongDesign/PongDesign.sdk/firstTest/Debug/firstTest.elf
configparams force-mem-access 0
----------------End of Script----------------

12:25:47 INFO  : Context for processor 'ps7_cortexa9_0' is selected.
12:25:47 INFO  : 'con' command is executed.
12:25:47 INFO  : ----------------XSDB Script (After Launch)----------------
targets -set -nocase -filter {name =~ "ARM*#0" && jtag_cable_name =~ "Avnet MiniZed V1 1234-oj1A"} -index 0
con
----------------End of Script----------------

12:25:47 INFO  : Disconnected from the channel tcfchan#5.
12:27:42 INFO  : Connected to target on host '127.0.0.1' and port '3121'.
12:27:43 INFO  : 'targets -set -filter {jtag_cable_name =~ "Avnet MiniZed V1 1234-oj1A" && level==0} -index 1' command is executed.
12:27:44 INFO  : FPGA configured successfully with bitstream "C:/FPGA/Assignment_1/FPGA/PongDesign/PongDesign.sdk/design_1_wrapper_hw_platform_0/design_1_wrapper.bit"
12:28:29 INFO  : Connected to target on host '127.0.0.1' and port '3121'.
12:28:29 INFO  : 'targets -set -filter {jtag_cable_name =~ "Avnet MiniZed V1 1234-oj1A" && level==0} -index 1' command is executed.
12:28:30 INFO  : FPGA configured successfully with bitstream "C:/FPGA/Assignment_1/FPGA/PongDesign/PongDesign.sdk/design_1_wrapper_hw_platform_0/design_1_wrapper.bit"
12:28:38 INFO  : Connected to target on host '127.0.0.1' and port '3121'.
12:28:38 INFO  : Jtag cable 'Avnet MiniZed V1 1234-oj1A' is selected.
12:28:38 INFO  : 'jtag frequency' command is executed.
12:28:38 INFO  : Sourcing of 'C:/FPGA/Assignment_1/FPGA/PongDesign/PongDesign.sdk/design_1_wrapper_hw_platform_0/ps7_init.tcl' is done.
12:28:38 INFO  : 'targets -set -filter {jtag_cable_name =~ "Avnet MiniZed V1 1234-oj1A" && level==0} -index 1' command is executed.
12:28:39 INFO  : FPGA configured successfully with bitstream "C:/FPGA/Assignment_1/FPGA/PongDesign/PongDesign.sdk/design_1_wrapper_hw_platform_0/design_1_wrapper.bit"
12:28:39 INFO  : Context for 'APU' is selected.
12:28:39 INFO  : Hardware design information is loaded from 'C:/FPGA/Assignment_1/FPGA/PongDesign/PongDesign.sdk/design_1_wrapper_hw_platform_0/system.hdf'.
12:28:39 INFO  : 'configparams force-mem-access 1' command is executed.
12:28:39 INFO  : Context for 'APU' is selected.
12:28:39 INFO  : 'stop' command is executed.
12:28:40 INFO  : 'ps7_init' command is executed.
12:28:40 INFO  : 'ps7_post_config' command is executed.
12:28:40 INFO  : Context for processor 'ps7_cortexa9_0' is selected.
12:28:40 INFO  : Processor reset is completed for 'ps7_cortexa9_0'.
12:28:40 INFO  : Context for processor 'ps7_cortexa9_0' is selected.
12:28:40 INFO  : The application 'C:/FPGA/Assignment_1/FPGA/PongDesign/PongDesign.sdk/firstTest/Debug/firstTest.elf' is downloaded to processor 'ps7_cortexa9_0'.
12:28:40 INFO  : 'configparams force-mem-access 0' command is executed.
12:28:40 INFO  : ----------------XSDB Script----------------
connect -url tcp:127.0.0.1:3121
source C:/FPGA/Assignment_1/FPGA/PongDesign/PongDesign.sdk/design_1_wrapper_hw_platform_0/ps7_init.tcl
targets -set -filter {jtag_cable_name =~ "Avnet MiniZed V1 1234-oj1A" && level==0} -index 1
fpga -file C:/FPGA/Assignment_1/FPGA/PongDesign/PongDesign.sdk/design_1_wrapper_hw_platform_0/design_1_wrapper.bit
targets -set -nocase -filter {name =~"APU*" && jtag_cable_name =~ "Avnet MiniZed V1 1234-oj1A"} -index 0
loadhw -hw C:/FPGA/Assignment_1/FPGA/PongDesign/PongDesign.sdk/design_1_wrapper_hw_platform_0/system.hdf -mem-ranges [list {0x40000000 0xbfffffff}]
configparams force-mem-access 1
targets -set -nocase -filter {name =~"APU*" && jtag_cable_name =~ "Avnet MiniZed V1 1234-oj1A"} -index 0
stop
ps7_init
ps7_post_config
targets -set -nocase -filter {name =~ "ARM*#0" && jtag_cable_name =~ "Avnet MiniZed V1 1234-oj1A"} -index 0
rst -processor
targets -set -nocase -filter {name =~ "ARM*#0" && jtag_cable_name =~ "Avnet MiniZed V1 1234-oj1A"} -index 0
dow C:/FPGA/Assignment_1/FPGA/PongDesign/PongDesign.sdk/firstTest/Debug/firstTest.elf
configparams force-mem-access 0
----------------End of Script----------------

12:28:40 INFO  : Context for processor 'ps7_cortexa9_0' is selected.
12:28:40 INFO  : 'con' command is executed.
12:28:40 INFO  : ----------------XSDB Script (After Launch)----------------
targets -set -nocase -filter {name =~ "ARM*#0" && jtag_cable_name =~ "Avnet MiniZed V1 1234-oj1A"} -index 0
con
----------------End of Script----------------

12:28:40 INFO  : Disconnected from the channel tcfchan#6.
13:33:45 INFO  : Connected to target on host '127.0.0.1' and port '3121'.
13:33:47 INFO  : 'targets -set -filter {jtag_cable_name =~ "Avnet MiniZed V1 1234-oj1A" && level==0} -index 1' command is executed.
13:33:48 INFO  : FPGA configured successfully with bitstream "C:/FPGA/Assignment_1/FPGA/PongDesign/PongDesign.sdk/design_1_wrapper_hw_platform_0/design_1_wrapper.bit"
13:34:35 INFO  : Connected to target on host '127.0.0.1' and port '3121'.
13:34:36 INFO  : Jtag cable 'Avnet MiniZed V1 1234-oj1A' is selected.
13:34:36 INFO  : 'jtag frequency' command is executed.
13:34:36 INFO  : Sourcing of 'C:/FPGA/Assignment_1/FPGA/PongDesign/PongDesign.sdk/design_1_wrapper_hw_platform_0/ps7_init.tcl' is done.
13:34:36 INFO  : 'targets -set -filter {jtag_cable_name =~ "Avnet MiniZed V1 1234-oj1A" && level==0} -index 1' command is executed.
13:34:37 INFO  : FPGA configured successfully with bitstream "C:/FPGA/Assignment_1/FPGA/PongDesign/PongDesign.sdk/design_1_wrapper_hw_platform_0/design_1_wrapper.bit"
13:34:37 INFO  : Context for 'APU' is selected.
13:34:38 INFO  : Hardware design information is loaded from 'C:/FPGA/Assignment_1/FPGA/PongDesign/PongDesign.sdk/design_1_wrapper_hw_platform_0/system.hdf'.
13:34:38 INFO  : 'configparams force-mem-access 1' command is executed.
13:34:38 INFO  : Context for 'APU' is selected.
13:34:38 INFO  : 'stop' command is executed.
13:34:38 INFO  : 'ps7_init' command is executed.
13:34:38 INFO  : 'ps7_post_config' command is executed.
13:34:38 INFO  : Context for processor 'ps7_cortexa9_0' is selected.
13:34:38 INFO  : Processor reset is completed for 'ps7_cortexa9_0'.
13:34:38 INFO  : Context for processor 'ps7_cortexa9_0' is selected.
13:34:39 INFO  : The application 'C:/FPGA/Assignment_1/FPGA/PongDesign/PongDesign.sdk/firstTest/Debug/firstTest.elf' is downloaded to processor 'ps7_cortexa9_0'.
13:34:39 INFO  : 'configparams force-mem-access 0' command is executed.
13:34:39 INFO  : ----------------XSDB Script----------------
connect -url tcp:127.0.0.1:3121
source C:/FPGA/Assignment_1/FPGA/PongDesign/PongDesign.sdk/design_1_wrapper_hw_platform_0/ps7_init.tcl
targets -set -filter {jtag_cable_name =~ "Avnet MiniZed V1 1234-oj1A" && level==0} -index 1
fpga -file C:/FPGA/Assignment_1/FPGA/PongDesign/PongDesign.sdk/design_1_wrapper_hw_platform_0/design_1_wrapper.bit
targets -set -nocase -filter {name =~"APU*" && jtag_cable_name =~ "Avnet MiniZed V1 1234-oj1A"} -index 0
loadhw -hw C:/FPGA/Assignment_1/FPGA/PongDesign/PongDesign.sdk/design_1_wrapper_hw_platform_0/system.hdf -mem-ranges [list {0x40000000 0xbfffffff}]
configparams force-mem-access 1
targets -set -nocase -filter {name =~"APU*" && jtag_cable_name =~ "Avnet MiniZed V1 1234-oj1A"} -index 0
stop
ps7_init
ps7_post_config
targets -set -nocase -filter {name =~ "ARM*#0" && jtag_cable_name =~ "Avnet MiniZed V1 1234-oj1A"} -index 0
rst -processor
targets -set -nocase -filter {name =~ "ARM*#0" && jtag_cable_name =~ "Avnet MiniZed V1 1234-oj1A"} -index 0
dow C:/FPGA/Assignment_1/FPGA/PongDesign/PongDesign.sdk/firstTest/Debug/firstTest.elf
configparams force-mem-access 0
----------------End of Script----------------

13:34:39 INFO  : Context for processor 'ps7_cortexa9_0' is selected.
13:34:39 INFO  : 'con' command is executed.
13:34:39 INFO  : ----------------XSDB Script (After Launch)----------------
targets -set -nocase -filter {name =~ "ARM*#0" && jtag_cable_name =~ "Avnet MiniZed V1 1234-oj1A"} -index 0
con
----------------End of Script----------------

13:34:39 INFO  : Disconnected from the channel tcfchan#7.
13:37:08 INFO  : Connected to target on host '127.0.0.1' and port '3121'.
13:37:09 INFO  : 'targets -set -filter {jtag_cable_name =~ "Avnet MiniZed V1 1234-oj1A" && level==0} -index 1' command is executed.
13:37:10 INFO  : FPGA configured successfully with bitstream "C:/FPGA/Assignment_1/FPGA/PongDesign/PongDesign.sdk/design_1_wrapper_hw_platform_0/design_1_wrapper.bit"
13:38:09 INFO  : Connected to target on host '127.0.0.1' and port '3121'.
13:38:10 INFO  : Jtag cable 'Avnet MiniZed V1 1234-oj1A' is selected.
13:38:10 INFO  : 'jtag frequency' command is executed.
13:38:10 INFO  : Sourcing of 'C:/FPGA/Assignment_1/FPGA/PongDesign/PongDesign.sdk/design_1_wrapper_hw_platform_0/ps7_init.tcl' is done.
13:38:10 INFO  : 'targets -set -filter {jtag_cable_name =~ "Avnet MiniZed V1 1234-oj1A" && level==0} -index 1' command is executed.
13:38:11 INFO  : FPGA configured successfully with bitstream "C:/FPGA/Assignment_1/FPGA/PongDesign/PongDesign.sdk/design_1_wrapper_hw_platform_0/design_1_wrapper.bit"
13:38:12 INFO  : Context for 'APU' is selected.
13:38:12 INFO  : Hardware design information is loaded from 'C:/FPGA/Assignment_1/FPGA/PongDesign/PongDesign.sdk/design_1_wrapper_hw_platform_0/system.hdf'.
13:38:12 INFO  : 'configparams force-mem-access 1' command is executed.
13:38:12 INFO  : Context for 'APU' is selected.
13:38:12 INFO  : 'stop' command is executed.
13:38:12 INFO  : 'ps7_init' command is executed.
13:38:12 INFO  : 'ps7_post_config' command is executed.
13:38:12 INFO  : Context for processor 'ps7_cortexa9_0' is selected.
13:38:13 INFO  : Processor reset is completed for 'ps7_cortexa9_0'.
13:38:13 INFO  : Context for processor 'ps7_cortexa9_0' is selected.
13:38:13 INFO  : The application 'C:/FPGA/Assignment_1/FPGA/PongDesign/PongDesign.sdk/firstTest/Debug/firstTest.elf' is downloaded to processor 'ps7_cortexa9_0'.
13:38:13 INFO  : 'configparams force-mem-access 0' command is executed.
13:38:13 INFO  : ----------------XSDB Script----------------
connect -url tcp:127.0.0.1:3121
source C:/FPGA/Assignment_1/FPGA/PongDesign/PongDesign.sdk/design_1_wrapper_hw_platform_0/ps7_init.tcl
targets -set -filter {jtag_cable_name =~ "Avnet MiniZed V1 1234-oj1A" && level==0} -index 1
fpga -file C:/FPGA/Assignment_1/FPGA/PongDesign/PongDesign.sdk/design_1_wrapper_hw_platform_0/design_1_wrapper.bit
targets -set -nocase -filter {name =~"APU*" && jtag_cable_name =~ "Avnet MiniZed V1 1234-oj1A"} -index 0
loadhw -hw C:/FPGA/Assignment_1/FPGA/PongDesign/PongDesign.sdk/design_1_wrapper_hw_platform_0/system.hdf -mem-ranges [list {0x40000000 0xbfffffff}]
configparams force-mem-access 1
targets -set -nocase -filter {name =~"APU*" && jtag_cable_name =~ "Avnet MiniZed V1 1234-oj1A"} -index 0
stop
ps7_init
ps7_post_config
targets -set -nocase -filter {name =~ "ARM*#0" && jtag_cable_name =~ "Avnet MiniZed V1 1234-oj1A"} -index 0
rst -processor
targets -set -nocase -filter {name =~ "ARM*#0" && jtag_cable_name =~ "Avnet MiniZed V1 1234-oj1A"} -index 0
dow C:/FPGA/Assignment_1/FPGA/PongDesign/PongDesign.sdk/firstTest/Debug/firstTest.elf
configparams force-mem-access 0
----------------End of Script----------------

13:38:13 INFO  : Context for processor 'ps7_cortexa9_0' is selected.
13:38:13 INFO  : 'con' command is executed.
13:38:13 INFO  : ----------------XSDB Script (After Launch)----------------
targets -set -nocase -filter {name =~ "ARM*#0" && jtag_cable_name =~ "Avnet MiniZed V1 1234-oj1A"} -index 0
con
----------------End of Script----------------

13:38:13 INFO  : Disconnected from the channel tcfchan#8.
13:38:39 INFO  : Connected to target on host '127.0.0.1' and port '3121'.
13:38:41 INFO  : Jtag cable 'Avnet MiniZed V1 1234-oj1A' is selected.
13:38:41 INFO  : 'jtag frequency' command is executed.
13:38:41 INFO  : Sourcing of 'C:/FPGA/Assignment_1/FPGA/PongDesign/PongDesign.sdk/design_1_wrapper_hw_platform_0/ps7_init.tcl' is done.
13:38:42 INFO  : 'targets -set -filter {jtag_cable_name =~ "Avnet MiniZed V1 1234-oj1A" && level==0} -index 1' command is executed.
13:38:44 INFO  : FPGA configured successfully with bitstream "C:/FPGA/Assignment_1/FPGA/PongDesign/PongDesign.sdk/design_1_wrapper_hw_platform_0/design_1_wrapper.bit"
13:38:44 INFO  : Context for 'APU' is selected.
13:38:50 INFO  : Hardware design information is loaded from 'C:/FPGA/Assignment_1/FPGA/PongDesign/PongDesign.sdk/design_1_wrapper_hw_platform_0/system.hdf'.
13:38:50 INFO  : 'configparams force-mem-access 1' command is executed.
13:38:50 INFO  : Context for 'APU' is selected.
13:38:50 INFO  : 'stop' command is executed.
13:38:50 INFO  : 'ps7_init' command is executed.
13:38:50 INFO  : 'ps7_post_config' command is executed.
13:38:50 INFO  : Context for processor 'ps7_cortexa9_0' is selected.
13:38:51 INFO  : Processor reset is completed for 'ps7_cortexa9_0'.
13:38:51 INFO  : Context for processor 'ps7_cortexa9_0' is selected.
13:38:51 INFO  : The application 'C:/FPGA/Assignment_1/FPGA/PongDesign/PongDesign.sdk/firstTest/Debug/firstTest.elf' is downloaded to processor 'ps7_cortexa9_0'.
13:38:51 INFO  : 'configparams force-mem-access 0' command is executed.
13:38:51 INFO  : ----------------XSDB Script----------------
connect -url tcp:127.0.0.1:3121
source C:/FPGA/Assignment_1/FPGA/PongDesign/PongDesign.sdk/design_1_wrapper_hw_platform_0/ps7_init.tcl
targets -set -filter {jtag_cable_name =~ "Avnet MiniZed V1 1234-oj1A" && level==0} -index 1
fpga -file C:/FPGA/Assignment_1/FPGA/PongDesign/PongDesign.sdk/design_1_wrapper_hw_platform_0/design_1_wrapper.bit
targets -set -nocase -filter {name =~"APU*" && jtag_cable_name =~ "Avnet MiniZed V1 1234-oj1A"} -index 0
loadhw -hw C:/FPGA/Assignment_1/FPGA/PongDesign/PongDesign.sdk/design_1_wrapper_hw_platform_0/system.hdf -mem-ranges [list {0x40000000 0xbfffffff}]
configparams force-mem-access 1
targets -set -nocase -filter {name =~"APU*" && jtag_cable_name =~ "Avnet MiniZed V1 1234-oj1A"} -index 0
stop
ps7_init
ps7_post_config
targets -set -nocase -filter {name =~ "ARM*#0" && jtag_cable_name =~ "Avnet MiniZed V1 1234-oj1A"} -index 0
rst -processor
targets -set -nocase -filter {name =~ "ARM*#0" && jtag_cable_name =~ "Avnet MiniZed V1 1234-oj1A"} -index 0
dow C:/FPGA/Assignment_1/FPGA/PongDesign/PongDesign.sdk/firstTest/Debug/firstTest.elf
configparams force-mem-access 0
----------------End of Script----------------

13:38:54 INFO  : Disconnected from the channel tcfchan#9.
14:39:48 INFO  : Registering command handlers for SDK TCF services
14:39:49 INFO  : Launching XSCT server: xsct.bat -interactive C:\FPGA\Assignment_1\FPGA\PongDesign\PongDesign.sdk\temp_xsdb_launch_script.tcl
14:39:52 INFO  : XSCT server has started successfully.
14:39:52 INFO  : Successfully done setting XSCT server connection channel  
14:39:55 INFO  : Processing command line option -hwspec C:/FPGA/Assignment_1/FPGA/PongDesign/PongDesign.sdk/design_1_wrapper.hdf.
14:39:55 INFO  : Successfully done setting SDK workspace  
14:39:55 INFO  : Checking for hwspec changes in the project design_1_wrapper_hw_platform_0.
14:40:01 INFO  : SDK has detected change in the last modified timestamps for source hardware specification file Source:1572961135757,  Project:1572952259130
14:40:01 INFO  : The hardware specification for project 'design_1_wrapper_hw_platform_0' is different from C:/FPGA/Assignment_1/FPGA/PongDesign/PongDesign.sdk/design_1_wrapper.hdf.
14:40:01 INFO  : Copied contents of C:/FPGA/Assignment_1/FPGA/PongDesign/PongDesign.sdk/design_1_wrapper.hdf into \design_1_wrapper_hw_platform_0\system.hdf.
14:40:06 INFO  : Synchronizing projects in the workspace with the hardware platform specification changes.
14:40:12 INFO  : 
14:40:12 INFO  : Updating hardware inferred compiler options for firstTest.
14:40:12 INFO  : Clearing existing target manager status.
14:40:41 INFO  : No changes in MSS file content so not generating sources.
14:44:25 INFO  : Connected to target on host '127.0.0.1' and port '3121'.
14:44:26 INFO  : 'targets -set -filter {jtag_cable_name =~ "Avnet MiniZed V1 1234-oj1A" && level==0} -index 1' command is executed.
14:44:27 INFO  : FPGA configured successfully with bitstream "C:/FPGA/Assignment_1/FPGA/PongDesign/PongDesign.sdk/design_1_wrapper_hw_platform_0/design_1_wrapper.bit"
