==============================================================
Vivado(TM) HLS - High-Level Synthesis from C, C++ and SystemC v2019.2 (64-bit)
Copyright 1986-2019 Xilinx, Inc. All Rights Reserved.
==============================================================
INFO: [SYN 201-201] Setting up clock 'default' with a period of 13.333ns.
INFO: [HLS 200-10] Setting target device to 'xc7z020-clg484-2'
INFO: [SYN 201-201] Setting up clock 'default' with a period of 13.333ns.
INFO: [SCHED 204-61] Option 'relax_ii_for_timing' is enabled, will increase II to preserve clock frequency constraints.
INFO: [HLS 200-10] Analyzing design file 'example.cpp' ... 
INFO: [HLS 200-111] Finished Linking Time (s): cpu = 00:00:01 ; elapsed = 00:00:09 . Memory (MB): peak = 174.773 ; gain = 84.395
INFO: [HLS 200-111] Finished Checking Pragmas Time (s): cpu = 00:00:01 ; elapsed = 00:00:09 . Memory (MB): peak = 174.773 ; gain = 84.395
INFO: [HLS 200-10] Starting code transformations ...
INFO: [HLS 200-111] Finished Standard Transforms Time (s): cpu = 00:00:01 ; elapsed = 00:00:10 . Memory (MB): peak = 174.773 ; gain = 84.395
INFO: [HLS 200-10] Checking synthesizability ...
INFO: [HLS 200-111] Finished Checking Synthesizability Time (s): cpu = 00:00:01 ; elapsed = 00:00:10 . Memory (MB): peak = 174.773 ; gain = 84.395
INFO: [HLS 200-111] Finished Pre-synthesis Time (s): cpu = 00:00:01 ; elapsed = 00:00:10 . Memory (MB): peak = 174.773 ; gain = 84.395
INFO: [HLS 200-111] Finished Architecture Synthesis Time (s): cpu = 00:00:01 ; elapsed = 00:00:10 . Memory (MB): peak = 174.773 ; gain = 84.395
INFO: [HLS 200-10] Starting hardware synthesis ...
INFO: [HLS 200-10] Synthesizing 'example' ...
INFO: [HLS 200-10] ----------------------------------------------------------------
INFO: [HLS 200-42] -- Implementing module 'example' 
INFO: [HLS 200-10] ----------------------------------------------------------------
INFO: [SCHED 204-11] Starting scheduling ...
INFO: [SCHED 204-11] Finished scheduling.
INFO: [HLS 200-111]  Elapsed time: 10.31 seconds; current allocated memory: 90.570 MB.
INFO: [BIND 205-100] Starting micro-architecture generation ...
INFO: [BIND 205-101] Performing variable lifetime analysis.
INFO: [BIND 205-101] Exploring resource sharing.
INFO: [BIND 205-101] Binding ...
INFO: [BIND 205-100] Finished micro-architecture generation.
INFO: [HLS 200-111]  Elapsed time: 0.073 seconds; current allocated memory: 90.669 MB.
INFO: [HLS 200-10] ----------------------------------------------------------------
INFO: [HLS 200-10] -- Generating RTL for module 'example' 
INFO: [HLS 200-10] ----------------------------------------------------------------
INFO: [RTGEN 206-500] Setting interface mode on port 'example/a' to 's_axilite & ap_none'.
INFO: [RTGEN 206-500] Setting interface mode on port 'example/b' to 's_axilite & ap_none'.
INFO: [RTGEN 206-500] Setting interface mode on port 'example/c' to 's_axilite & ap_ovld' (register).
INFO: [RTGEN 206-500] Setting interface mode on function 'example' to 's_axilite & ap_ctrl_hs'.
INFO: [RTGEN 206-100] Bundling port 'return', 'b' and 'c' to AXI-Lite port BUS_A.
INFO: [RTGEN 206-100] Finished creating RTL model for 'example'.
INFO: [HLS 200-111]  Elapsed time: 0.105 seconds; current allocated memory: 90.947 MB.
INFO: [HLS 200-789] **** Estimated Fmax: 201.37 MHz
INFO: [HLS 200-111] Finished generating all RTL models Time (s): cpu = 00:00:02 ; elapsed = 00:00:12 . Memory (MB): peak = 174.773 ; gain = 84.395
INFO: [VHDL 208-304] Generating VHDL RTL for example.
INFO: [VLOG 209-307] Generating Verilog RTL for example.
INFO: [HLS 200-112] Total elapsed time: 11.985 seconds; peak allocated memory: 90.947 MB.
==============================================================
Vivado(TM) HLS - High-Level Synthesis from C, C++ and SystemC v2019.2 (64-bit)
Copyright 1986-2019 Xilinx, Inc. All Rights Reserved.
==============================================================
INFO: [SYN 201-201] Setting up clock 'default' with a period of 13.333ns.
INFO: [HLS 200-10] Setting target device to 'xc7z020-clg484-2'
INFO: [IMPL 213-8] Exporting RTL as a Vivado IP.
