Copyright 1986-2019 Xilinx, Inc. All Rights Reserved.
------------------------------------------------------------------------------------
| Tool Version : Vivado v.2019.1 (win64) Build 2552052 Fri May 24 14:49:42 MDT 2019
| Date         : Thu Sep 26 10:20:27 2019
| Host         : Gilles-Lenaerts running 64-bit major release  (build 9200)
| Command      : upgrade_ip
| Device       : xc7z007sclg225-1
------------------------------------------------------------------------------------

Upgrade Log for IP 'design_1_ps7_0_axi_periph_0'

1. Summary
----------

SUCCESS in the upgrade of design_1_ps7_0_axi_periph_0 (xilinx.com:ip:axi_interconnect:2.1) from (Rev. 19) to (Rev. 20)






Copyright 1986-2019 Xilinx, Inc. All Rights Reserved.
------------------------------------------------------------------------------------
| Tool Version : Vivado v.2019.1 (win64) Build 2552052 Fri May 24 14:49:42 MDT 2019
| Date         : Thu Sep 26 10:20:27 2019
| Host         : Gilles-Lenaerts running 64-bit major release  (build 9200)
| Command      : upgrade_ip
| Device       : xc7z007sclg225-1
------------------------------------------------------------------------------------

Upgrade Log for IP 'design_1_axi_iic_0_0'

1. Summary
----------

SUCCESS in the upgrade of design_1_axi_iic_0_0 (xilinx.com:ip:axi_iic:2.0) from (Rev. 21) to (Rev. 22)






Copyright 1986-2019 Xilinx, Inc. All Rights Reserved.
------------------------------------------------------------------------------------
| Tool Version : Vivado v.2019.1 (win64) Build 2552052 Fri May 24 14:49:42 MDT 2019
| Date         : Thu Sep 26 10:20:27 2019
| Host         : Gilles-Lenaerts running 64-bit major release  (build 9200)
| Command      : upgrade_ip
| Device       : xc7z007sclg225-1
------------------------------------------------------------------------------------

Upgrade Log for IP 'design_1_axi_gpio_0_0'

1. Summary
----------

CAUTION (success, with warnings) in the upgrade of design_1_axi_gpio_0_0 (xilinx.com:ip:axi_gpio:2.0) from (Rev. 20) to (Rev. 21)

After upgrade, an IP may have parameter differences compared to the original customization. Please review the parameters within the IP customization GUI to ensure proper functionality.

2. Customization warnings
-------------------------

An attempt to modify the value of disabled parameter 'C_GPIO2_WIDTH' from '32' to '1' has been ignored for IP 'design_1_axi_gpio_0_0'

An attempt to modify the value of disabled parameter 'C_ALL_OUTPUTS_2' from '0' to '1' has been ignored for IP 'design_1_axi_gpio_0_0'


3. Debug Commands
-----------------

  The following debug information can be passed to Vivado as Tcl commands,
in order to validate or debug the output of the upgrade flow.
  You may consult any warnings from within this upgrade, and alter or remove
the configuration parameter(s) which caused the warning; then execute the Tcl
commands, and use the IP Customization GUI to verify the IP configuration.

create_ip -vlnv xilinx.com:ip:axi_gpio:2.0 -user_name design_1_axi_gpio_0_0
set_property -dict "\
  CONFIG.C_ALL_INPUTS {0} \
  CONFIG.C_ALL_INPUTS_2 {0} \
  CONFIG.C_ALL_OUTPUTS {1} \
  CONFIG.C_ALL_OUTPUTS_2 {1} \
  CONFIG.C_DOUT_DEFAULT {0x00000000} \
  CONFIG.C_DOUT_DEFAULT_2 {0x00000000} \
  CONFIG.C_GPIO2_WIDTH {1} \
  CONFIG.C_GPIO_WIDTH {4} \
  CONFIG.C_INTERRUPT_PRESENT {0} \
  CONFIG.C_IS_DUAL {0} \
  CONFIG.C_TRI_DEFAULT {0xFFFFFFFF} \
  CONFIG.C_TRI_DEFAULT_2 {0xFFFFFFFF} \
  CONFIG.Component_Name {design_1_axi_gpio_0_0} \
  CONFIG.GPIO.BOARD.ASSOCIATED_PARAM {GPIO_BOARD_INTERFACE} \
  CONFIG.GPIO2_BOARD_INTERFACE {Custom} \
  CONFIG.GPIO_BOARD_INTERFACE {Custom} \
  CONFIG.S_AXI.ADDR_WIDTH {9} \
  CONFIG.S_AXI.ARUSER_WIDTH {0} \
  CONFIG.S_AXI.AWUSER_WIDTH {0} \
  CONFIG.S_AXI.BUSER_WIDTH {0} \
  CONFIG.S_AXI.CLK_DOMAIN {design_1_processing_system7_0_0_FCLK_CLK0} \
  CONFIG.S_AXI.DATA_WIDTH {32} \
  CONFIG.S_AXI.FREQ_HZ {50000000} \
  CONFIG.S_AXI.HAS_BRESP {1} \
  CONFIG.S_AXI.HAS_BURST {0} \
  CONFIG.S_AXI.HAS_CACHE {0} \
  CONFIG.S_AXI.HAS_LOCK {0} \
  CONFIG.S_AXI.HAS_PROT {0} \
  CONFIG.S_AXI.HAS_QOS {0} \
  CONFIG.S_AXI.HAS_REGION {0} \
  CONFIG.S_AXI.HAS_RRESP {1} \
  CONFIG.S_AXI.HAS_WSTRB {1} \
  CONFIG.S_AXI.ID_WIDTH {0} \
  CONFIG.S_AXI.INSERT_VIP {0} \
  CONFIG.S_AXI.MAX_BURST_LENGTH {1} \
  CONFIG.S_AXI.NUM_READ_OUTSTANDING {2} \
  CONFIG.S_AXI.NUM_READ_THREADS {1} \
  CONFIG.S_AXI.NUM_WRITE_OUTSTANDING {2} \
  CONFIG.S_AXI.NUM_WRITE_THREADS {1} \
  CONFIG.S_AXI.PHASE {0.000} \
  CONFIG.S_AXI.PROTOCOL {AXI4LITE} \
  CONFIG.S_AXI.READ_WRITE_MODE {READ_WRITE} \
  CONFIG.S_AXI.RUSER_BITS_PER_BYTE {0} \
  CONFIG.S_AXI.RUSER_WIDTH {0} \
  CONFIG.S_AXI.SUPPORTS_NARROW_BURST {0} \
  CONFIG.S_AXI.WUSER_BITS_PER_BYTE {0} \
  CONFIG.S_AXI.WUSER_WIDTH {0} \
  CONFIG.S_AXI_ACLK.ASSOCIATED_BUSIF {S_AXI} \
  CONFIG.S_AXI_ACLK.ASSOCIATED_RESET {s_axi_aresetn} \
  CONFIG.S_AXI_ACLK.CLK_DOMAIN {design_1_processing_system7_0_0_FCLK_CLK0} \
  CONFIG.S_AXI_ACLK.FREQ_HZ {50000000} \
  CONFIG.S_AXI_ACLK.INSERT_VIP {0} \
  CONFIG.S_AXI_ACLK.PHASE {0.000} \
  CONFIG.S_AXI_ARESETN.INSERT_VIP {0} \
  CONFIG.S_AXI_ARESETN.POLARITY {ACTIVE_LOW} \
  CONFIG.USE_BOARD_FLOW {true} " [get_ips design_1_axi_gpio_0_0]


