13:35:10 INFO  : Registering command handlers for SDK TCF services
13:35:13 INFO  : Launching XSCT server: xsct.bat -interactive C:\FPGA\Hcsr04\Hcsr04.sdk\temp_xsdb_launch_script.tcl
13:35:19 INFO  : XSCT server has started successfully.
13:35:26 INFO  : Processing command line option -hwspec C:/FPGA/Hcsr04/Hcsr04.sdk/design_1_wrapper.hdf.
13:35:26 INFO  : Successfully done setting XSCT server connection channel  
13:35:26 INFO  : Successfully done setting SDK workspace  
13:37:43 INFO  : Refreshed build settings on project Hcscr04
13:45:58 INFO  : 'targets -set -filter {jtag_cable_name =~ "Avnet MiniZed V1 1234-oj1A" && level==0} -index 1' command is executed.
13:45:58 INFO  : 'fpga -state' command is executed.
13:46:05 INFO  : Memory regions updated for context APU
13:46:08 INFO  : Connected to target on host '127.0.0.1' and port '3121'.
13:46:08 INFO  : 'targets -set -filter {jtag_cable_name =~ "Avnet MiniZed V1 1234-oj1A" && level==0} -index 1' command is executed.
13:46:10 INFO  : FPGA configured successfully with bitstream "C:/FPGA/Hcsr04/Hcsr04.sdk/design_1_wrapper_hw_platform_0/design_1_wrapper.bit"
13:46:15 INFO  : 'targets -set -filter {jtag_cable_name =~ "Avnet MiniZed V1 1234-oj1A" && level==0} -index 1' command is executed.
13:46:15 INFO  : 'fpga -state' command is executed.
13:46:15 INFO  : Connected to target on host '127.0.0.1' and port '3121'.
13:46:16 INFO  : Jtag cable 'Avnet MiniZed V1 1234-oj1A' is selected.
13:46:16 INFO  : 'jtag frequency' command is executed.
13:46:16 INFO  : Sourcing of 'C:/FPGA/Hcsr04/Hcsr04.sdk/design_1_wrapper_hw_platform_0/ps7_init.tcl' is done.
13:46:16 INFO  : Context for 'APU' is selected.
13:46:16 INFO  : Hardware design information is loaded from 'C:/FPGA/Hcsr04/Hcsr04.sdk/design_1_wrapper_hw_platform_0/system.hdf'.
13:46:16 INFO  : 'configparams force-mem-access 1' command is executed.
13:46:16 INFO  : Context for 'APU' is selected.
13:46:16 INFO  : 'stop' command is executed.
13:46:17 INFO  : 'ps7_init' command is executed.
13:46:17 INFO  : 'ps7_post_config' command is executed.
13:46:17 INFO  : Context for processor 'ps7_cortexa9_0' is selected.
13:46:17 INFO  : Processor reset is completed for 'ps7_cortexa9_0'.
13:46:17 INFO  : Context for processor 'ps7_cortexa9_0' is selected.
13:46:17 INFO  : The application 'C:/FPGA/Hcsr04/Hcsr04.sdk/Hcscr04/Debug/Hcscr04.elf' is downloaded to processor 'ps7_cortexa9_0'.
13:46:18 INFO  : 'configparams force-mem-access 0' command is executed.
13:46:18 INFO  : ----------------XSDB Script----------------
connect -url tcp:127.0.0.1:3121
source C:/FPGA/Hcsr04/Hcsr04.sdk/design_1_wrapper_hw_platform_0/ps7_init.tcl
targets -set -nocase -filter {name =~"APU*" && jtag_cable_name =~ "Avnet MiniZed V1 1234-oj1A"} -index 0
loadhw -hw C:/FPGA/Hcsr04/Hcsr04.sdk/design_1_wrapper_hw_platform_0/system.hdf -mem-ranges [list {0x40000000 0xbfffffff}]
configparams force-mem-access 1
targets -set -nocase -filter {name =~"APU*" && jtag_cable_name =~ "Avnet MiniZed V1 1234-oj1A"} -index 0
stop
ps7_init
ps7_post_config
targets -set -nocase -filter {name =~ "ARM*#0" && jtag_cable_name =~ "Avnet MiniZed V1 1234-oj1A"} -index 0
rst -processor
targets -set -nocase -filter {name =~ "ARM*#0" && jtag_cable_name =~ "Avnet MiniZed V1 1234-oj1A"} -index 0
dow C:/FPGA/Hcsr04/Hcsr04.sdk/Hcscr04/Debug/Hcscr04.elf
configparams force-mem-access 0
----------------End of Script----------------

13:46:18 INFO  : Memory regions updated for context APU
13:46:18 INFO  : Context for processor 'ps7_cortexa9_0' is selected.
13:46:18 INFO  : 'con' command is executed.
13:46:18 INFO  : ----------------XSDB Script (After Launch)----------------
targets -set -nocase -filter {name =~ "ARM*#0" && jtag_cable_name =~ "Avnet MiniZed V1 1234-oj1A"} -index 0
con
----------------End of Script----------------

13:46:18 INFO  : Launch script is exported to file 'C:\FPGA\Hcsr04\Hcsr04.sdk\.sdk\launch_scripts\xilinx_c-c++_application_(system_debugger)\system_debugger_using_debug_hcscr04.elf_on_local.tcl'
13:48:41 INFO  : Disconnected from the channel tcfchan#1.
13:48:42 INFO  : 'targets -set -filter {jtag_cable_name =~ "Avnet MiniZed V1 1234-oj1A" && level==0} -index 1' command is executed.
13:48:42 INFO  : 'fpga -state' command is executed.
13:48:42 INFO  : Connected to target on host '127.0.0.1' and port '3121'.
13:48:43 INFO  : Jtag cable 'Avnet MiniZed V1 1234-oj1A' is selected.
13:48:43 INFO  : 'jtag frequency' command is executed.
13:48:43 INFO  : Sourcing of 'C:/FPGA/Hcsr04/Hcsr04.sdk/design_1_wrapper_hw_platform_0/ps7_init.tcl' is done.
13:48:43 INFO  : Context for 'APU' is selected.
13:48:47 INFO  : Hardware design information is loaded from 'C:/FPGA/Hcsr04/Hcsr04.sdk/design_1_wrapper_hw_platform_0/system.hdf'.
13:48:47 INFO  : 'configparams force-mem-access 1' command is executed.
13:48:47 INFO  : Context for 'APU' is selected.
13:48:47 INFO  : 'stop' command is executed.
13:48:48 INFO  : 'ps7_init' command is executed.
13:48:48 INFO  : 'ps7_post_config' command is executed.
13:48:48 INFO  : Context for processor 'ps7_cortexa9_0' is selected.
13:48:48 INFO  : Processor reset is completed for 'ps7_cortexa9_0'.
13:48:48 INFO  : Context for processor 'ps7_cortexa9_0' is selected.
13:48:48 INFO  : The application 'C:/FPGA/Hcsr04/Hcsr04.sdk/Hcscr04/Debug/Hcscr04.elf' is downloaded to processor 'ps7_cortexa9_0'.
13:48:48 INFO  : 'configparams force-mem-access 0' command is executed.
13:48:48 INFO  : ----------------XSDB Script----------------
connect -url tcp:127.0.0.1:3121
source C:/FPGA/Hcsr04/Hcsr04.sdk/design_1_wrapper_hw_platform_0/ps7_init.tcl
targets -set -nocase -filter {name =~"APU*" && jtag_cable_name =~ "Avnet MiniZed V1 1234-oj1A"} -index 0
loadhw -hw C:/FPGA/Hcsr04/Hcsr04.sdk/design_1_wrapper_hw_platform_0/system.hdf -mem-ranges [list {0x40000000 0xbfffffff}]
configparams force-mem-access 1
targets -set -nocase -filter {name =~"APU*" && jtag_cable_name =~ "Avnet MiniZed V1 1234-oj1A"} -index 0
stop
ps7_init
ps7_post_config
targets -set -nocase -filter {name =~ "ARM*#0" && jtag_cable_name =~ "Avnet MiniZed V1 1234-oj1A"} -index 0
rst -processor
targets -set -nocase -filter {name =~ "ARM*#0" && jtag_cable_name =~ "Avnet MiniZed V1 1234-oj1A"} -index 0
dow C:/FPGA/Hcsr04/Hcsr04.sdk/Hcscr04/Debug/Hcscr04.elf
configparams force-mem-access 0
----------------End of Script----------------

13:48:48 INFO  : Memory regions updated for context APU
13:48:48 INFO  : Context for processor 'ps7_cortexa9_0' is selected.
13:48:49 INFO  : 'con' command is executed.
13:48:49 INFO  : ----------------XSDB Script (After Launch)----------------
targets -set -nocase -filter {name =~ "ARM*#0" && jtag_cable_name =~ "Avnet MiniZed V1 1234-oj1A"} -index 0
con
----------------End of Script----------------

13:48:49 INFO  : Launch script is exported to file 'C:\FPGA\Hcsr04\Hcsr04.sdk\.sdk\launch_scripts\xilinx_c-c++_application_(system_debugger)\system_debugger_using_debug_hcscr04.elf_on_local.tcl'
13:50:44 INFO  : Disconnected from the channel tcfchan#2.
14:13:16 INFO  : Registering command handlers for SDK TCF services
14:13:17 INFO  : Launching XSCT server: xsct.bat -interactive C:\FPGA\Hcsr04\Hcsr04.sdk\temp_xsdb_launch_script.tcl
14:13:22 INFO  : XSCT server has started successfully.
14:13:22 INFO  : Processing command line option -hwspec C:/FPGA/Hcsr04/Hcsr04.sdk/design_1_wrapper.hdf.
14:13:22 INFO  : Successfully done setting XSCT server connection channel  
14:13:22 INFO  : Successfully done setting SDK workspace  
14:13:22 INFO  : Checking for hwspec changes in the project design_1_wrapper_hw_platform_0.
14:13:28 INFO  : SDK has detected change in the last modified timestamps for source hardware specification file Source:1546866539878,  Project:1546864381130
14:13:28 INFO  : The hardware specification for project 'design_1_wrapper_hw_platform_0' is different from C:/FPGA/Hcsr04/Hcsr04.sdk/design_1_wrapper.hdf.
14:13:29 INFO  : Copied contents of C:/FPGA/Hcsr04/Hcsr04.sdk/design_1_wrapper.hdf into \design_1_wrapper_hw_platform_0\system.hdf.
14:13:35 INFO  : Synchronizing projects in the workspace with the hardware platform specification changes.
14:13:40 INFO  : 
14:13:41 INFO  : Updating hardware inferred compiler options for Hcscr04.
14:13:41 INFO  : Clearing existing target manager status.
14:13:52 INFO  : Connected to target on host '127.0.0.1' and port '3121'.
14:13:53 INFO  : 'targets -set -filter {jtag_cable_name =~ "Avnet MiniZed V1 1234-oj1A" && level==0} -index 1' command is executed.
14:13:54 INFO  : FPGA configured successfully with bitstream "C:/FPGA/Hcsr04/Hcsr04.sdk/design_1_wrapper_hw_platform_0/design_1_wrapper.bit"
14:14:05 INFO  : 'targets -set -filter {jtag_cable_name =~ "Avnet MiniZed V1 1234-oj1A" && level==0} -index 1' command is executed.
14:14:05 INFO  : 'fpga -state' command is executed.
14:14:05 INFO  : Connected to target on host '127.0.0.1' and port '3121'.
14:14:06 INFO  : Jtag cable 'Avnet MiniZed V1 1234-oj1A' is selected.
14:14:06 INFO  : 'jtag frequency' command is executed.
14:14:06 INFO  : Sourcing of 'C:/FPGA/Hcsr04/Hcsr04.sdk/design_1_wrapper_hw_platform_0/ps7_init.tcl' is done.
14:14:06 INFO  : Context for 'APU' is selected.
14:14:06 INFO  : Hardware design information is loaded from 'C:/FPGA/Hcsr04/Hcsr04.sdk/design_1_wrapper_hw_platform_0/system.hdf'.
14:14:06 INFO  : 'configparams force-mem-access 1' command is executed.
14:14:06 INFO  : Context for 'APU' is selected.
14:14:06 INFO  : 'stop' command is executed.
14:14:07 INFO  : 'ps7_init' command is executed.
14:14:07 INFO  : 'ps7_post_config' command is executed.
14:14:07 INFO  : Context for processor 'ps7_cortexa9_0' is selected.
14:14:07 INFO  : Processor reset is completed for 'ps7_cortexa9_0'.
14:14:07 INFO  : Context for processor 'ps7_cortexa9_0' is selected.
14:14:07 INFO  : The application 'C:/FPGA/Hcsr04/Hcsr04.sdk/Hcscr04/Debug/Hcscr04.elf' is downloaded to processor 'ps7_cortexa9_0'.
14:14:07 INFO  : 'configparams force-mem-access 0' command is executed.
14:14:07 INFO  : ----------------XSDB Script----------------
connect -url tcp:127.0.0.1:3121
source C:/FPGA/Hcsr04/Hcsr04.sdk/design_1_wrapper_hw_platform_0/ps7_init.tcl
targets -set -nocase -filter {name =~"APU*" && jtag_cable_name =~ "Avnet MiniZed V1 1234-oj1A"} -index 0
loadhw -hw C:/FPGA/Hcsr04/Hcsr04.sdk/design_1_wrapper_hw_platform_0/system.hdf -mem-ranges [list {0x40000000 0xbfffffff}]
configparams force-mem-access 1
targets -set -nocase -filter {name =~"APU*" && jtag_cable_name =~ "Avnet MiniZed V1 1234-oj1A"} -index 0
stop
ps7_init
ps7_post_config
targets -set -nocase -filter {name =~ "ARM*#0" && jtag_cable_name =~ "Avnet MiniZed V1 1234-oj1A"} -index 0
rst -processor
targets -set -nocase -filter {name =~ "ARM*#0" && jtag_cable_name =~ "Avnet MiniZed V1 1234-oj1A"} -index 0
dow C:/FPGA/Hcsr04/Hcsr04.sdk/Hcscr04/Debug/Hcscr04.elf
configparams force-mem-access 0
----------------End of Script----------------

14:14:08 INFO  : Memory regions updated for context APU
14:14:08 INFO  : Context for processor 'ps7_cortexa9_0' is selected.
14:14:08 INFO  : 'con' command is executed.
14:14:08 INFO  : ----------------XSDB Script (After Launch)----------------
targets -set -nocase -filter {name =~ "ARM*#0" && jtag_cable_name =~ "Avnet MiniZed V1 1234-oj1A"} -index 0
con
----------------End of Script----------------

14:14:08 INFO  : Launch script is exported to file 'C:\FPGA\Hcsr04\Hcsr04.sdk\.sdk\launch_scripts\xilinx_c-c++_application_(system_debugger)\system_debugger_using_debug_hcscr04.elf_on_local.tcl'
14:14:17 INFO  : Disconnected from the channel tcfchan#1.
14:14:37 INFO  : Registering command handlers for SDK TCF services
14:14:38 INFO  : Launching XSCT server: xsct.bat -interactive C:\FPGA\Hcsr04\Hcsr04.sdk\temp_xsdb_launch_script.tcl
14:14:42 INFO  : XSCT server has started successfully.
14:14:50 INFO  : Processing command line option -hwspec C:/FPGA/Hcsr04/Hcsr04.sdk/design_1_wrapper.hdf.
14:14:50 INFO  : Successfully done setting XSCT server connection channel  
14:14:50 INFO  : Successfully done setting SDK workspace  
14:14:51 INFO  : Checking for hwspec changes in the project design_1_wrapper_hw_platform_0.
14:16:56 INFO  : 'targets -set -filter {jtag_cable_name =~ "Avnet MiniZed V1 1234-oj1A" && level==0} -index 1' command is executed.
14:16:56 INFO  : 'fpga -state' command is executed.
14:16:56 INFO  : Connected to target on host '127.0.0.1' and port '3121'.
14:16:57 INFO  : Jtag cable 'Avnet MiniZed V1 1234-oj1A' is selected.
14:16:57 INFO  : 'jtag frequency' command is executed.
14:16:57 INFO  : Sourcing of 'C:/FPGA/Hcsr04/Hcsr04.sdk/design_1_wrapper_hw_platform_0/ps7_init.tcl' is done.
14:16:57 INFO  : Context for 'APU' is selected.
14:16:57 INFO  : Hardware design information is loaded from 'C:/FPGA/Hcsr04/Hcsr04.sdk/design_1_wrapper_hw_platform_0/system.hdf'.
14:16:57 INFO  : 'configparams force-mem-access 1' command is executed.
14:16:58 INFO  : Context for 'APU' is selected.
14:16:58 INFO  : 'stop' command is executed.
14:16:58 INFO  : 'ps7_init' command is executed.
14:16:58 INFO  : 'ps7_post_config' command is executed.
14:16:58 INFO  : Context for processor 'ps7_cortexa9_0' is selected.
14:16:59 INFO  : Processor reset is completed for 'ps7_cortexa9_0'.
14:16:59 INFO  : Context for processor 'ps7_cortexa9_0' is selected.
14:16:59 INFO  : The application 'C:/FPGA/Hcsr04/Hcsr04.sdk/Hcscr04/Debug/Hcscr04.elf' is downloaded to processor 'ps7_cortexa9_0'.
14:16:59 INFO  : 'configparams force-mem-access 0' command is executed.
14:16:59 INFO  : ----------------XSDB Script----------------
connect -url tcp:127.0.0.1:3121
source C:/FPGA/Hcsr04/Hcsr04.sdk/design_1_wrapper_hw_platform_0/ps7_init.tcl
targets -set -nocase -filter {name =~"APU*" && jtag_cable_name =~ "Avnet MiniZed V1 1234-oj1A"} -index 0
loadhw -hw C:/FPGA/Hcsr04/Hcsr04.sdk/design_1_wrapper_hw_platform_0/system.hdf -mem-ranges [list {0x40000000 0xbfffffff}]
configparams force-mem-access 1
targets -set -nocase -filter {name =~"APU*" && jtag_cable_name =~ "Avnet MiniZed V1 1234-oj1A"} -index 0
stop
ps7_init
ps7_post_config
targets -set -nocase -filter {name =~ "ARM*#0" && jtag_cable_name =~ "Avnet MiniZed V1 1234-oj1A"} -index 0
rst -processor
targets -set -nocase -filter {name =~ "ARM*#0" && jtag_cable_name =~ "Avnet MiniZed V1 1234-oj1A"} -index 0
dow C:/FPGA/Hcsr04/Hcsr04.sdk/Hcscr04/Debug/Hcscr04.elf
configparams force-mem-access 0
----------------End of Script----------------

14:16:59 INFO  : Memory regions updated for context APU
14:16:59 INFO  : Context for processor 'ps7_cortexa9_0' is selected.
14:16:59 INFO  : 'con' command is executed.
14:16:59 INFO  : ----------------XSDB Script (After Launch)----------------
targets -set -nocase -filter {name =~ "ARM*#0" && jtag_cable_name =~ "Avnet MiniZed V1 1234-oj1A"} -index 0
con
----------------End of Script----------------

14:16:59 INFO  : Launch script is exported to file 'C:\FPGA\Hcsr04\Hcsr04.sdk\.sdk\launch_scripts\xilinx_c-c++_application_(system_debugger)\system_debugger_using_debug_hcscr04.elf_on_local.tcl'
14:17:40 INFO  : Disconnected from the channel tcfchan#1.
14:25:49 INFO  : Registering command handlers for SDK TCF services
14:25:51 INFO  : Launching XSCT server: xsct.bat -interactive C:\FPGA\Hcsr04\Hcsr04.sdk\temp_xsdb_launch_script.tcl
14:25:55 INFO  : XSCT server has started successfully.
14:25:55 INFO  : Successfully done setting XSCT server connection channel  
14:25:55 INFO  : Processing command line option -hwspec C:/FPGA/Hcsr04/Hcsr04.sdk/design_1_wrapper.hdf.
14:25:55 INFO  : Successfully done setting SDK workspace  
14:25:55 INFO  : Checking for hwspec changes in the project design_1_wrapper_hw_platform_0.
14:26:02 INFO  : SDK has detected change in the last modified timestamps for source hardware specification file Source:1546867515819,  Project:1546866539878
14:26:02 INFO  : The hardware specification for project 'design_1_wrapper_hw_platform_0' is different from C:/FPGA/Hcsr04/Hcsr04.sdk/design_1_wrapper.hdf.
14:26:02 INFO  : Copied contents of C:/FPGA/Hcsr04/Hcsr04.sdk/design_1_wrapper.hdf into \design_1_wrapper_hw_platform_0\system.hdf.
14:26:09 INFO  : Synchronizing projects in the workspace with the hardware platform specification changes.
14:26:13 INFO  : 
14:26:14 INFO  : Updating hardware inferred compiler options for Hcscr04.
14:26:14 INFO  : Clearing existing target manager status.
14:27:23 INFO  : Connected to target on host '127.0.0.1' and port '3121'.
14:27:24 INFO  : 'targets -set -filter {jtag_cable_name =~ "Avnet MiniZed V1 1234-oj1A" && level==0} -index 1' command is executed.
14:27:25 INFO  : FPGA configured successfully with bitstream "C:/FPGA/Hcsr04/Hcsr04.sdk/design_1_wrapper_hw_platform_0/design_1_wrapper.bit"
14:28:05 INFO  : 'targets -set -filter {jtag_cable_name =~ "Avnet MiniZed V1 1234-oj1A" && level==0} -index 1' command is executed.
14:28:05 INFO  : 'fpga -state' command is executed.
14:28:05 INFO  : Connected to target on host '127.0.0.1' and port '3121'.
14:28:06 INFO  : Jtag cable 'Avnet MiniZed V1 1234-oj1A' is selected.
14:28:06 INFO  : 'jtag frequency' command is executed.
14:28:06 INFO  : Sourcing of 'C:/FPGA/Hcsr04/Hcsr04.sdk/design_1_wrapper_hw_platform_0/ps7_init.tcl' is done.
14:28:06 INFO  : Context for 'APU' is selected.
14:28:06 INFO  : Hardware design information is loaded from 'C:/FPGA/Hcsr04/Hcsr04.sdk/design_1_wrapper_hw_platform_0/system.hdf'.
14:28:06 INFO  : 'configparams force-mem-access 1' command is executed.
14:28:06 INFO  : Context for 'APU' is selected.
14:28:06 INFO  : 'stop' command is executed.
14:28:06 INFO  : 'ps7_init' command is executed.
14:28:06 INFO  : 'ps7_post_config' command is executed.
14:28:07 INFO  : Context for processor 'ps7_cortexa9_0' is selected.
14:28:07 INFO  : Processor reset is completed for 'ps7_cortexa9_0'.
14:28:07 INFO  : Context for processor 'ps7_cortexa9_0' is selected.
14:28:07 INFO  : The application 'C:/FPGA/Hcsr04/Hcsr04.sdk/Hcscr04/Debug/Hcscr04.elf' is downloaded to processor 'ps7_cortexa9_0'.
14:28:07 INFO  : 'configparams force-mem-access 0' command is executed.
14:28:07 INFO  : ----------------XSDB Script----------------
connect -url tcp:127.0.0.1:3121
source C:/FPGA/Hcsr04/Hcsr04.sdk/design_1_wrapper_hw_platform_0/ps7_init.tcl
targets -set -nocase -filter {name =~"APU*" && jtag_cable_name =~ "Avnet MiniZed V1 1234-oj1A"} -index 0
loadhw -hw C:/FPGA/Hcsr04/Hcsr04.sdk/design_1_wrapper_hw_platform_0/system.hdf -mem-ranges [list {0x40000000 0xbfffffff}]
configparams force-mem-access 1
targets -set -nocase -filter {name =~"APU*" && jtag_cable_name =~ "Avnet MiniZed V1 1234-oj1A"} -index 0
stop
ps7_init
ps7_post_config
targets -set -nocase -filter {name =~ "ARM*#0" && jtag_cable_name =~ "Avnet MiniZed V1 1234-oj1A"} -index 0
rst -processor
targets -set -nocase -filter {name =~ "ARM*#0" && jtag_cable_name =~ "Avnet MiniZed V1 1234-oj1A"} -index 0
dow C:/FPGA/Hcsr04/Hcsr04.sdk/Hcscr04/Debug/Hcscr04.elf
configparams force-mem-access 0
----------------End of Script----------------

14:28:07 INFO  : Memory regions updated for context APU
14:28:07 INFO  : Context for processor 'ps7_cortexa9_0' is selected.
14:28:07 INFO  : 'con' command is executed.
14:28:07 INFO  : ----------------XSDB Script (After Launch)----------------
targets -set -nocase -filter {name =~ "ARM*#0" && jtag_cable_name =~ "Avnet MiniZed V1 1234-oj1A"} -index 0
con
----------------End of Script----------------

14:28:07 INFO  : Launch script is exported to file 'C:\FPGA\Hcsr04\Hcsr04.sdk\.sdk\launch_scripts\xilinx_c-c++_application_(system_debugger)\system_debugger_using_debug_hcscr04.elf_on_local.tcl'
14:28:25 INFO  : Disconnected from the channel tcfchan#1.
14:49:11 INFO  : Registering command handlers for SDK TCF services
14:49:11 INFO  : Launching XSCT server: xsct.bat -interactive C:\FPGA\Hcsr04\Hcsr04.sdk\temp_xsdb_launch_script.tcl
14:49:13 INFO  : XSCT server has started successfully.
14:49:13 INFO  : Successfully done setting XSCT server connection channel  
14:49:14 INFO  : Successfully done setting SDK workspace  
14:49:14 INFO  : Processing command line option -hwspec C:/FPGA/Hcsr04/Hcsr04.sdk/design_1_wrapper.hdf.
14:49:14 INFO  : Checking for hwspec changes in the project design_1_wrapper_hw_platform_0.
14:49:16 INFO  : SDK has detected change in the last modified timestamps for source hardware specification file Source:1546868745833,  Project:1546867515819
14:49:16 INFO  : The hardware specification for project 'design_1_wrapper_hw_platform_0' is different from C:/FPGA/Hcsr04/Hcsr04.sdk/design_1_wrapper.hdf.
14:49:17 INFO  : Copied contents of C:/FPGA/Hcsr04/Hcsr04.sdk/design_1_wrapper.hdf into \design_1_wrapper_hw_platform_0\system.hdf.
14:49:20 INFO  : Synchronizing projects in the workspace with the hardware platform specification changes.
14:49:22 INFO  : 
14:49:23 INFO  : Updating hardware inferred compiler options for Hcscr04.
14:49:23 INFO  : Clearing existing target manager status.
14:51:03 INFO  : 'targets -set -filter {jtag_cable_name =~ "Avnet MiniZed V1 1234-oj1A" && level==0} -index 1' command is executed.
14:51:03 INFO  : 'fpga -state' command is executed.
14:51:03 INFO  : Connected to target on host '127.0.0.1' and port '3121'.
14:51:03 INFO  : Jtag cable 'Avnet MiniZed V1 1234-oj1A' is selected.
14:51:03 INFO  : 'jtag frequency' command is executed.
14:51:03 INFO  : Sourcing of 'C:/FPGA/Hcsr04/Hcsr04.sdk/design_1_wrapper_hw_platform_0/ps7_init.tcl' is done.
14:51:03 INFO  : Context for 'APU' is selected.
14:51:03 INFO  : Hardware design information is loaded from 'C:/FPGA/Hcsr04/Hcsr04.sdk/design_1_wrapper_hw_platform_0/system.hdf'.
14:51:03 INFO  : 'configparams force-mem-access 1' command is executed.
14:51:03 INFO  : Context for 'APU' is selected.
14:51:03 INFO  : 'stop' command is executed.
14:51:04 INFO  : 'ps7_init' command is executed.
14:51:04 INFO  : 'ps7_post_config' command is executed.
14:51:04 INFO  : Context for processor 'ps7_cortexa9_0' is selected.
14:51:04 INFO  : Processor reset is completed for 'ps7_cortexa9_0'.
14:51:04 INFO  : Context for processor 'ps7_cortexa9_0' is selected.
14:51:04 INFO  : The application 'C:/FPGA/Hcsr04/Hcsr04.sdk/Hcscr04/Debug/Hcscr04.elf' is downloaded to processor 'ps7_cortexa9_0'.
14:51:05 INFO  : 'configparams force-mem-access 0' command is executed.
14:51:05 INFO  : ----------------XSDB Script----------------
connect -url tcp:127.0.0.1:3121
source C:/FPGA/Hcsr04/Hcsr04.sdk/design_1_wrapper_hw_platform_0/ps7_init.tcl
targets -set -nocase -filter {name =~"APU*" && jtag_cable_name =~ "Avnet MiniZed V1 1234-oj1A"} -index 0
loadhw -hw C:/FPGA/Hcsr04/Hcsr04.sdk/design_1_wrapper_hw_platform_0/system.hdf -mem-ranges [list {0x40000000 0xbfffffff}]
configparams force-mem-access 1
targets -set -nocase -filter {name =~"APU*" && jtag_cable_name =~ "Avnet MiniZed V1 1234-oj1A"} -index 0
stop
ps7_init
ps7_post_config
targets -set -nocase -filter {name =~ "ARM*#0" && jtag_cable_name =~ "Avnet MiniZed V1 1234-oj1A"} -index 0
rst -processor
targets -set -nocase -filter {name =~ "ARM*#0" && jtag_cable_name =~ "Avnet MiniZed V1 1234-oj1A"} -index 0
dow C:/FPGA/Hcsr04/Hcsr04.sdk/Hcscr04/Debug/Hcscr04.elf
configparams force-mem-access 0
----------------End of Script----------------

14:51:05 INFO  : Memory regions updated for context APU
14:51:05 INFO  : Context for processor 'ps7_cortexa9_0' is selected.
14:51:05 INFO  : 'con' command is executed.
14:51:05 INFO  : ----------------XSDB Script (After Launch)----------------
targets -set -nocase -filter {name =~ "ARM*#0" && jtag_cable_name =~ "Avnet MiniZed V1 1234-oj1A"} -index 0
con
----------------End of Script----------------

14:51:05 INFO  : Launch script is exported to file 'C:\FPGA\Hcsr04\Hcsr04.sdk\.sdk\launch_scripts\xilinx_c-c++_application_(system_debugger)\system_debugger_using_debug_hcscr04.elf_on_local.tcl'
14:54:11 INFO  : Disconnected from the channel tcfchan#1.
15:25:57 INFO  : Registering command handlers for SDK TCF services
15:25:58 INFO  : Launching XSCT server: xsct.bat -interactive C:\FPGA\Hcsr04\Hcsr04.sdk\temp_xsdb_launch_script.tcl
15:26:01 INFO  : XSCT server has started successfully.
15:26:04 INFO  : Successfully done setting XSCT server connection channel  
15:26:04 INFO  : Processing command line option -hwspec C:/FPGA/Hcsr04/Hcsr04.sdk/design_1_wrapper.hdf.
15:26:04 INFO  : Successfully done setting SDK workspace  
15:26:04 INFO  : Checking for hwspec changes in the project design_1_wrapper_hw_platform_0.
15:26:08 INFO  : SDK has detected change in the last modified timestamps for source hardware specification file Source:1546871116993,  Project:1546868745833
15:26:08 INFO  : The hardware specification for project 'design_1_wrapper_hw_platform_0' is different from C:/FPGA/Hcsr04/Hcsr04.sdk/design_1_wrapper.hdf.
15:26:08 INFO  : Copied contents of C:/FPGA/Hcsr04/Hcsr04.sdk/design_1_wrapper.hdf into \design_1_wrapper_hw_platform_0\system.hdf.
15:26:11 INFO  : Synchronizing projects in the workspace with the hardware platform specification changes.
15:26:16 INFO  : 
15:26:17 INFO  : Updating hardware inferred compiler options for Hcscr04.
15:26:17 INFO  : Clearing existing target manager status.
15:28:28 INFO  : 'targets -set -filter {jtag_cable_name =~ "Avnet MiniZed V1 1234-oj1A" && level==0} -index 1' command is executed.
15:28:28 INFO  : 'fpga -state' command is executed.
15:28:31 INFO  : Memory regions updated for context APU
15:28:33 INFO  : Connected to target on host '127.0.0.1' and port '3121'.
15:28:33 INFO  : 'targets -set -filter {jtag_cable_name =~ "Avnet MiniZed V1 1234-oj1A" && level==0} -index 1' command is executed.
15:28:34 INFO  : FPGA configured successfully with bitstream "C:/FPGA/Hcsr04/Hcsr04.sdk/design_1_wrapper_hw_platform_0/design_1_wrapper.bit"
15:28:39 INFO  : 'targets -set -filter {jtag_cable_name =~ "Avnet MiniZed V1 1234-oj1A" && level==0} -index 1' command is executed.
15:28:39 INFO  : 'fpga -state' command is executed.
15:28:39 INFO  : Connected to target on host '127.0.0.1' and port '3121'.
15:28:40 INFO  : Jtag cable 'Avnet MiniZed V1 1234-oj1A' is selected.
15:28:40 INFO  : 'jtag frequency' command is executed.
15:28:40 INFO  : Sourcing of 'C:/FPGA/Hcsr04/Hcsr04.sdk/design_1_wrapper_hw_platform_0/ps7_init.tcl' is done.
15:28:40 INFO  : Context for 'APU' is selected.
15:28:40 INFO  : Hardware design information is loaded from 'C:/FPGA/Hcsr04/Hcsr04.sdk/design_1_wrapper_hw_platform_0/system.hdf'.
15:28:40 INFO  : 'configparams force-mem-access 1' command is executed.
15:28:40 INFO  : Context for 'APU' is selected.
15:28:40 INFO  : 'stop' command is executed.
15:28:40 INFO  : 'ps7_init' command is executed.
15:28:40 INFO  : 'ps7_post_config' command is executed.
15:28:40 INFO  : Context for processor 'ps7_cortexa9_0' is selected.
15:28:40 INFO  : Processor reset is completed for 'ps7_cortexa9_0'.
15:28:40 INFO  : Context for processor 'ps7_cortexa9_0' is selected.
15:28:41 INFO  : The application 'C:/FPGA/Hcsr04/Hcsr04.sdk/Hcscr04/Debug/Hcscr04.elf' is downloaded to processor 'ps7_cortexa9_0'.
15:28:41 INFO  : 'configparams force-mem-access 0' command is executed.
15:28:41 INFO  : ----------------XSDB Script----------------
connect -url tcp:127.0.0.1:3121
source C:/FPGA/Hcsr04/Hcsr04.sdk/design_1_wrapper_hw_platform_0/ps7_init.tcl
targets -set -nocase -filter {name =~"APU*" && jtag_cable_name =~ "Avnet MiniZed V1 1234-oj1A"} -index 0
loadhw -hw C:/FPGA/Hcsr04/Hcsr04.sdk/design_1_wrapper_hw_platform_0/system.hdf -mem-ranges [list {0x40000000 0xbfffffff}]
configparams force-mem-access 1
targets -set -nocase -filter {name =~"APU*" && jtag_cable_name =~ "Avnet MiniZed V1 1234-oj1A"} -index 0
stop
ps7_init
ps7_post_config
targets -set -nocase -filter {name =~ "ARM*#0" && jtag_cable_name =~ "Avnet MiniZed V1 1234-oj1A"} -index 0
rst -processor
targets -set -nocase -filter {name =~ "ARM*#0" && jtag_cable_name =~ "Avnet MiniZed V1 1234-oj1A"} -index 0
dow C:/FPGA/Hcsr04/Hcsr04.sdk/Hcscr04/Debug/Hcscr04.elf
configparams force-mem-access 0
----------------End of Script----------------

15:28:41 INFO  : Memory regions updated for context APU
15:28:41 INFO  : Context for processor 'ps7_cortexa9_0' is selected.
15:28:41 INFO  : 'con' command is executed.
15:28:41 INFO  : ----------------XSDB Script (After Launch)----------------
targets -set -nocase -filter {name =~ "ARM*#0" && jtag_cable_name =~ "Avnet MiniZed V1 1234-oj1A"} -index 0
con
----------------End of Script----------------

15:28:41 INFO  : Launch script is exported to file 'C:\FPGA\Hcsr04\Hcsr04.sdk\.sdk\launch_scripts\xilinx_c-c++_application_(system_debugger)\system_debugger_using_debug_hcscr04.elf_on_local.tcl'
15:30:26 INFO  : Disconnected from the channel tcfchan#1.
15:30:27 INFO  : 'targets -set -filter {jtag_cable_name =~ "Avnet MiniZed V1 1234-oj1A" && level==0} -index 1' command is executed.
15:30:27 INFO  : 'fpga -state' command is executed.
15:30:27 INFO  : Connected to target on host '127.0.0.1' and port '3121'.
15:30:28 INFO  : Jtag cable 'Avnet MiniZed V1 1234-oj1A' is selected.
15:30:28 INFO  : 'jtag frequency' command is executed.
15:30:28 INFO  : Sourcing of 'C:/FPGA/Hcsr04/Hcsr04.sdk/design_1_wrapper_hw_platform_0/ps7_init.tcl' is done.
15:30:28 INFO  : Context for 'APU' is selected.
15:30:30 INFO  : Hardware design information is loaded from 'C:/FPGA/Hcsr04/Hcsr04.sdk/design_1_wrapper_hw_platform_0/system.hdf'.
15:30:30 INFO  : 'configparams force-mem-access 1' command is executed.
15:30:30 INFO  : Context for 'APU' is selected.
15:30:30 INFO  : 'stop' command is executed.
15:30:31 INFO  : 'ps7_init' command is executed.
15:30:31 INFO  : 'ps7_post_config' command is executed.
15:30:31 INFO  : Context for processor 'ps7_cortexa9_0' is selected.
15:30:31 INFO  : Processor reset is completed for 'ps7_cortexa9_0'.
15:30:31 INFO  : Context for processor 'ps7_cortexa9_0' is selected.
15:30:31 INFO  : The application 'C:/FPGA/Hcsr04/Hcsr04.sdk/Hcscr04/Debug/Hcscr04.elf' is downloaded to processor 'ps7_cortexa9_0'.
15:30:31 INFO  : 'configparams force-mem-access 0' command is executed.
15:30:31 INFO  : ----------------XSDB Script----------------
connect -url tcp:127.0.0.1:3121
source C:/FPGA/Hcsr04/Hcsr04.sdk/design_1_wrapper_hw_platform_0/ps7_init.tcl
targets -set -nocase -filter {name =~"APU*" && jtag_cable_name =~ "Avnet MiniZed V1 1234-oj1A"} -index 0
loadhw -hw C:/FPGA/Hcsr04/Hcsr04.sdk/design_1_wrapper_hw_platform_0/system.hdf -mem-ranges [list {0x40000000 0xbfffffff}]
configparams force-mem-access 1
targets -set -nocase -filter {name =~"APU*" && jtag_cable_name =~ "Avnet MiniZed V1 1234-oj1A"} -index 0
stop
ps7_init
ps7_post_config
targets -set -nocase -filter {name =~ "ARM*#0" && jtag_cable_name =~ "Avnet MiniZed V1 1234-oj1A"} -index 0
rst -processor
targets -set -nocase -filter {name =~ "ARM*#0" && jtag_cable_name =~ "Avnet MiniZed V1 1234-oj1A"} -index 0
dow C:/FPGA/Hcsr04/Hcsr04.sdk/Hcscr04/Debug/Hcscr04.elf
configparams force-mem-access 0
----------------End of Script----------------

15:30:31 INFO  : Memory regions updated for context APU
15:30:31 INFO  : Context for processor 'ps7_cortexa9_0' is selected.
15:30:31 INFO  : 'con' command is executed.
15:30:31 INFO  : ----------------XSDB Script (After Launch)----------------
targets -set -nocase -filter {name =~ "ARM*#0" && jtag_cable_name =~ "Avnet MiniZed V1 1234-oj1A"} -index 0
con
----------------End of Script----------------

15:30:31 INFO  : Launch script is exported to file 'C:\FPGA\Hcsr04\Hcsr04.sdk\.sdk\launch_scripts\xilinx_c-c++_application_(system_debugger)\system_debugger_using_debug_hcscr04.elf_on_local.tcl'
15:43:24 INFO  : Disconnected from the channel tcfchan#2.
15:43:51 INFO  : Registering command handlers for SDK TCF services
15:43:51 INFO  : Launching XSCT server: xsct.bat -interactive C:\FPGA\Hcsr04\Hcsr04.sdk\temp_xsdb_launch_script.tcl
15:43:54 INFO  : XSCT server has started successfully.
15:43:54 INFO  : Successfully done setting XSCT server connection channel  
15:43:54 INFO  : Successfully done setting SDK workspace  
15:43:54 INFO  : Processing command line option -hwspec C:/FPGA/Hcsr04/Hcsr04.sdk/design_1_wrapper.hdf.
15:43:54 INFO  : Checking for hwspec changes in the project design_1_wrapper_hw_platform_0.
15:43:57 INFO  : SDK has detected change in the last modified timestamps for source hardware specification file Source:1546871939683,  Project:1546871116993
15:43:57 INFO  : The hardware specification for project 'design_1_wrapper_hw_platform_0' is different from C:/FPGA/Hcsr04/Hcsr04.sdk/design_1_wrapper.hdf.
15:43:57 INFO  : Copied contents of C:/FPGA/Hcsr04/Hcsr04.sdk/design_1_wrapper.hdf into \design_1_wrapper_hw_platform_0\system.hdf.
15:44:01 INFO  : Synchronizing projects in the workspace with the hardware platform specification changes.
15:44:04 INFO  : 
15:44:05 INFO  : Updating hardware inferred compiler options for Hcscr04.
15:44:05 INFO  : Clearing existing target manager status.
15:44:37 INFO  : Connected to target on host '127.0.0.1' and port '3121'.
15:44:38 INFO  : 'targets -set -filter {jtag_cable_name =~ "Avnet MiniZed V1 1234-oj1A" && level==0} -index 1' command is executed.
15:44:39 INFO  : FPGA configured successfully with bitstream "C:/FPGA/Hcsr04/Hcsr04.sdk/design_1_wrapper_hw_platform_0/design_1_wrapper.bit"
15:44:48 INFO  : 'targets -set -filter {jtag_cable_name =~ "Avnet MiniZed V1 1234-oj1A" && level==0} -index 1' command is executed.
15:44:48 INFO  : 'fpga -state' command is executed.
15:44:48 INFO  : Connected to target on host '127.0.0.1' and port '3121'.
15:44:48 INFO  : Jtag cable 'Avnet MiniZed V1 1234-oj1A' is selected.
15:44:48 INFO  : 'jtag frequency' command is executed.
15:44:48 INFO  : Sourcing of 'C:/FPGA/Hcsr04/Hcsr04.sdk/design_1_wrapper_hw_platform_0/ps7_init.tcl' is done.
15:44:48 INFO  : Context for 'APU' is selected.
15:44:48 INFO  : Hardware design information is loaded from 'C:/FPGA/Hcsr04/Hcsr04.sdk/design_1_wrapper_hw_platform_0/system.hdf'.
15:44:48 INFO  : 'configparams force-mem-access 1' command is executed.
15:44:48 INFO  : Context for 'APU' is selected.
15:44:48 INFO  : 'stop' command is executed.
15:44:49 INFO  : 'ps7_init' command is executed.
15:44:49 INFO  : 'ps7_post_config' command is executed.
15:44:49 INFO  : Context for processor 'ps7_cortexa9_0' is selected.
15:44:49 INFO  : Processor reset is completed for 'ps7_cortexa9_0'.
15:44:49 INFO  : Context for processor 'ps7_cortexa9_0' is selected.
15:44:49 INFO  : The application 'C:/FPGA/Hcsr04/Hcsr04.sdk/Hcscr04/Debug/Hcscr04.elf' is downloaded to processor 'ps7_cortexa9_0'.
15:44:49 INFO  : 'configparams force-mem-access 0' command is executed.
15:44:49 INFO  : ----------------XSDB Script----------------
connect -url tcp:127.0.0.1:3121
source C:/FPGA/Hcsr04/Hcsr04.sdk/design_1_wrapper_hw_platform_0/ps7_init.tcl
targets -set -nocase -filter {name =~"APU*" && jtag_cable_name =~ "Avnet MiniZed V1 1234-oj1A"} -index 0
loadhw -hw C:/FPGA/Hcsr04/Hcsr04.sdk/design_1_wrapper_hw_platform_0/system.hdf -mem-ranges [list {0x40000000 0xbfffffff}]
configparams force-mem-access 1
targets -set -nocase -filter {name =~"APU*" && jtag_cable_name =~ "Avnet MiniZed V1 1234-oj1A"} -index 0
stop
ps7_init
ps7_post_config
targets -set -nocase -filter {name =~ "ARM*#0" && jtag_cable_name =~ "Avnet MiniZed V1 1234-oj1A"} -index 0
rst -processor
targets -set -nocase -filter {name =~ "ARM*#0" && jtag_cable_name =~ "Avnet MiniZed V1 1234-oj1A"} -index 0
dow C:/FPGA/Hcsr04/Hcsr04.sdk/Hcscr04/Debug/Hcscr04.elf
configparams force-mem-access 0
----------------End of Script----------------

15:44:49 INFO  : Memory regions updated for context APU
15:44:49 INFO  : Context for processor 'ps7_cortexa9_0' is selected.
15:44:49 INFO  : 'con' command is executed.
15:44:49 INFO  : ----------------XSDB Script (After Launch)----------------
targets -set -nocase -filter {name =~ "ARM*#0" && jtag_cable_name =~ "Avnet MiniZed V1 1234-oj1A"} -index 0
con
----------------End of Script----------------

15:44:49 INFO  : Launch script is exported to file 'C:\FPGA\Hcsr04\Hcsr04.sdk\.sdk\launch_scripts\xilinx_c-c++_application_(system_debugger)\system_debugger_using_debug_hcscr04.elf_on_local.tcl'
15:48:14 INFO  : Disconnected from the channel tcfchan#1.
15:48:15 INFO  : 'targets -set -filter {jtag_cable_name =~ "Avnet MiniZed V1 1234-oj1A" && level==0} -index 1' command is executed.
15:48:15 INFO  : 'fpga -state' command is executed.
15:48:15 INFO  : Connected to target on host '127.0.0.1' and port '3121'.
15:48:16 INFO  : Jtag cable 'Avnet MiniZed V1 1234-oj1A' is selected.
15:48:16 INFO  : 'jtag frequency' command is executed.
15:48:16 INFO  : Sourcing of 'C:/FPGA/Hcsr04/Hcsr04.sdk/design_1_wrapper_hw_platform_0/ps7_init.tcl' is done.
15:48:16 INFO  : Context for 'APU' is selected.
15:48:18 INFO  : Hardware design information is loaded from 'C:/FPGA/Hcsr04/Hcsr04.sdk/design_1_wrapper_hw_platform_0/system.hdf'.
15:48:18 INFO  : 'configparams force-mem-access 1' command is executed.
15:48:18 INFO  : Context for 'APU' is selected.
15:48:18 INFO  : 'stop' command is executed.
15:48:19 INFO  : 'ps7_init' command is executed.
15:48:19 INFO  : 'ps7_post_config' command is executed.
15:48:19 INFO  : Context for processor 'ps7_cortexa9_0' is selected.
15:48:19 INFO  : Processor reset is completed for 'ps7_cortexa9_0'.
15:48:19 INFO  : Context for processor 'ps7_cortexa9_0' is selected.
15:48:19 INFO  : The application 'C:/FPGA/Hcsr04/Hcsr04.sdk/Hcscr04/Debug/Hcscr04.elf' is downloaded to processor 'ps7_cortexa9_0'.
15:48:19 INFO  : 'configparams force-mem-access 0' command is executed.
15:48:19 INFO  : ----------------XSDB Script----------------
connect -url tcp:127.0.0.1:3121
source C:/FPGA/Hcsr04/Hcsr04.sdk/design_1_wrapper_hw_platform_0/ps7_init.tcl
targets -set -nocase -filter {name =~"APU*" && jtag_cable_name =~ "Avnet MiniZed V1 1234-oj1A"} -index 0
loadhw -hw C:/FPGA/Hcsr04/Hcsr04.sdk/design_1_wrapper_hw_platform_0/system.hdf -mem-ranges [list {0x40000000 0xbfffffff}]
configparams force-mem-access 1
targets -set -nocase -filter {name =~"APU*" && jtag_cable_name =~ "Avnet MiniZed V1 1234-oj1A"} -index 0
stop
ps7_init
ps7_post_config
targets -set -nocase -filter {name =~ "ARM*#0" && jtag_cable_name =~ "Avnet MiniZed V1 1234-oj1A"} -index 0
rst -processor
targets -set -nocase -filter {name =~ "ARM*#0" && jtag_cable_name =~ "Avnet MiniZed V1 1234-oj1A"} -index 0
dow C:/FPGA/Hcsr04/Hcsr04.sdk/Hcscr04/Debug/Hcscr04.elf
configparams force-mem-access 0
----------------End of Script----------------

15:48:19 INFO  : Memory regions updated for context APU
15:48:19 INFO  : Context for processor 'ps7_cortexa9_0' is selected.
15:48:19 INFO  : 'con' command is executed.
15:48:19 INFO  : ----------------XSDB Script (After Launch)----------------
targets -set -nocase -filter {name =~ "ARM*#0" && jtag_cable_name =~ "Avnet MiniZed V1 1234-oj1A"} -index 0
con
----------------End of Script----------------

15:48:19 INFO  : Launch script is exported to file 'C:\FPGA\Hcsr04\Hcsr04.sdk\.sdk\launch_scripts\xilinx_c-c++_application_(system_debugger)\system_debugger_using_debug_hcscr04.elf_on_local.tcl'
15:50:13 INFO  : Disconnected from the channel tcfchan#2.
15:50:14 INFO  : 'targets -set -filter {jtag_cable_name =~ "Avnet MiniZed V1 1234-oj1A" && level==0} -index 1' command is executed.
15:50:14 INFO  : 'fpga -state' command is executed.
15:50:14 INFO  : Connected to target on host '127.0.0.1' and port '3121'.
15:50:15 INFO  : Jtag cable 'Avnet MiniZed V1 1234-oj1A' is selected.
15:50:15 INFO  : 'jtag frequency' command is executed.
15:50:15 INFO  : Sourcing of 'C:/FPGA/Hcsr04/Hcsr04.sdk/design_1_wrapper_hw_platform_0/ps7_init.tcl' is done.
15:50:15 INFO  : Context for 'APU' is selected.
15:50:15 INFO  : Hardware design information is loaded from 'C:/FPGA/Hcsr04/Hcsr04.sdk/design_1_wrapper_hw_platform_0/system.hdf'.
15:50:15 INFO  : 'configparams force-mem-access 1' command is executed.
15:50:15 INFO  : Context for 'APU' is selected.
15:50:15 INFO  : 'stop' command is executed.
15:50:15 INFO  : 'ps7_init' command is executed.
15:50:15 INFO  : 'ps7_post_config' command is executed.
15:50:15 INFO  : Context for processor 'ps7_cortexa9_0' is selected.
15:50:15 INFO  : Processor reset is completed for 'ps7_cortexa9_0'.
15:50:15 INFO  : Context for processor 'ps7_cortexa9_0' is selected.
15:50:15 INFO  : The application 'C:/FPGA/Hcsr04/Hcsr04.sdk/Hcscr04/Debug/Hcscr04.elf' is downloaded to processor 'ps7_cortexa9_0'.
15:50:15 INFO  : 'configparams force-mem-access 0' command is executed.
15:50:15 INFO  : ----------------XSDB Script----------------
connect -url tcp:127.0.0.1:3121
source C:/FPGA/Hcsr04/Hcsr04.sdk/design_1_wrapper_hw_platform_0/ps7_init.tcl
targets -set -nocase -filter {name =~"APU*" && jtag_cable_name =~ "Avnet MiniZed V1 1234-oj1A"} -index 0
loadhw -hw C:/FPGA/Hcsr04/Hcsr04.sdk/design_1_wrapper_hw_platform_0/system.hdf -mem-ranges [list {0x40000000 0xbfffffff}]
configparams force-mem-access 1
targets -set -nocase -filter {name =~"APU*" && jtag_cable_name =~ "Avnet MiniZed V1 1234-oj1A"} -index 0
stop
ps7_init
ps7_post_config
targets -set -nocase -filter {name =~ "ARM*#0" && jtag_cable_name =~ "Avnet MiniZed V1 1234-oj1A"} -index 0
rst -processor
targets -set -nocase -filter {name =~ "ARM*#0" && jtag_cable_name =~ "Avnet MiniZed V1 1234-oj1A"} -index 0
dow C:/FPGA/Hcsr04/Hcsr04.sdk/Hcscr04/Debug/Hcscr04.elf
configparams force-mem-access 0
----------------End of Script----------------

15:50:15 INFO  : Memory regions updated for context APU
15:50:15 INFO  : Context for processor 'ps7_cortexa9_0' is selected.
15:50:16 INFO  : 'con' command is executed.
15:50:16 INFO  : ----------------XSDB Script (After Launch)----------------
targets -set -nocase -filter {name =~ "ARM*#0" && jtag_cable_name =~ "Avnet MiniZed V1 1234-oj1A"} -index 0
con
----------------End of Script----------------

15:50:16 INFO  : Launch script is exported to file 'C:\FPGA\Hcsr04\Hcsr04.sdk\.sdk\launch_scripts\xilinx_c-c++_application_(system_debugger)\system_debugger_using_debug_hcscr04.elf_on_local.tcl'
15:51:37 INFO  : Disconnected from the channel tcfchan#3.
13:02:09 INFO  : Registering command handlers for SDK TCF services
13:02:11 INFO  : Launching XSCT server: xsct.bat -interactive C:\FPGA\Hcsr04\Hcsr04.sdk\temp_xsdb_launch_script.tcl
13:02:15 INFO  : XSCT server has started successfully.
13:02:18 INFO  : Successfully done setting XSCT server connection channel  
13:02:18 INFO  : Processing command line option -hwspec C:/FPGA/Hcsr04/Hcsr04.sdk/design_1_wrapper.hdf.
13:02:18 INFO  : Successfully done setting SDK workspace  
13:02:18 INFO  : Checking for hwspec changes in the project design_1_wrapper_hw_platform_0.
13:02:24 INFO  : SDK has detected change in the last modified timestamps for source hardware specification file Source:1570518353217,  Project:1546871939683
13:02:24 INFO  : The hardware specification for project 'design_1_wrapper_hw_platform_0' is different from C:/FPGA/Hcsr04/Hcsr04.sdk/design_1_wrapper.hdf.
13:02:24 INFO  : Copied contents of C:/FPGA/Hcsr04/Hcsr04.sdk/design_1_wrapper.hdf into \design_1_wrapper_hw_platform_0\system.hdf.
13:02:28 INFO  : Synchronizing projects in the workspace with the hardware platform specification changes.
13:02:33 INFO  : 
13:02:34 INFO  : Updating hardware inferred compiler options for Hcscr04.
13:02:34 INFO  : Clearing existing target manager status.
13:07:40 INFO  : 'targets -set -filter {jtag_cable_name =~ "Avnet MiniZed V1 1234-oj1A" && level==0} -index 1' command is executed.
13:07:40 INFO  : 'fpga -state' command is executed.
13:07:42 INFO  : Memory regions updated for context APU
13:08:08 INFO  : Connected to target on host '127.0.0.1' and port '3121'.
13:08:08 INFO  : Jtag cable 'Avnet MiniZed V1 1234-oj1A' is selected.
13:08:08 INFO  : 'jtag frequency' command is executed.
13:08:08 INFO  : Sourcing of 'C:/FPGA/Hcsr04/Hcsr04.sdk/design_1_wrapper_hw_platform_0/ps7_init.tcl' is done.
13:08:08 INFO  : 'targets -set -filter {jtag_cable_name =~ "Avnet MiniZed V1 1234-oj1A" && level==0} -index 1' command is executed.
13:08:10 INFO  : FPGA configured successfully with bitstream "C:/FPGA/Hcsr04/Hcsr04.sdk/design_1_wrapper_hw_platform_0/design_1_wrapper.bit"
13:08:10 INFO  : Context for 'APU' is selected.
13:08:10 INFO  : Hardware design information is loaded from 'C:/FPGA/Hcsr04/Hcsr04.sdk/design_1_wrapper_hw_platform_0/system.hdf'.
13:08:10 INFO  : 'configparams force-mem-access 1' command is executed.
13:08:10 INFO  : Context for 'APU' is selected.
13:08:10 INFO  : 'stop' command is executed.
13:08:10 INFO  : 'ps7_init' command is executed.
13:08:10 INFO  : 'ps7_post_config' command is executed.
13:08:10 INFO  : Context for processor 'ps7_cortexa9_0' is selected.
13:08:10 INFO  : Processor reset is completed for 'ps7_cortexa9_0'.
13:08:10 INFO  : Context for processor 'ps7_cortexa9_0' is selected.
13:08:10 INFO  : The application 'C:/FPGA/Hcsr04/Hcsr04.sdk/Hcscr04/Debug/Hcscr04.elf' is downloaded to processor 'ps7_cortexa9_0'.
13:08:10 INFO  : 'configparams force-mem-access 0' command is executed.
13:08:10 INFO  : ----------------XSDB Script----------------
connect -url tcp:127.0.0.1:3121
source C:/FPGA/Hcsr04/Hcsr04.sdk/design_1_wrapper_hw_platform_0/ps7_init.tcl
targets -set -filter {jtag_cable_name =~ "Avnet MiniZed V1 1234-oj1A" && level==0} -index 1
fpga -file C:/FPGA/Hcsr04/Hcsr04.sdk/design_1_wrapper_hw_platform_0/design_1_wrapper.bit
targets -set -nocase -filter {name =~"APU*" && jtag_cable_name =~ "Avnet MiniZed V1 1234-oj1A"} -index 0
loadhw -hw C:/FPGA/Hcsr04/Hcsr04.sdk/design_1_wrapper_hw_platform_0/system.hdf -mem-ranges [list {0x40000000 0xbfffffff}]
configparams force-mem-access 1
targets -set -nocase -filter {name =~"APU*" && jtag_cable_name =~ "Avnet MiniZed V1 1234-oj1A"} -index 0
stop
ps7_init
ps7_post_config
targets -set -nocase -filter {name =~ "ARM*#0" && jtag_cable_name =~ "Avnet MiniZed V1 1234-oj1A"} -index 0
rst -processor
targets -set -nocase -filter {name =~ "ARM*#0" && jtag_cable_name =~ "Avnet MiniZed V1 1234-oj1A"} -index 0
dow C:/FPGA/Hcsr04/Hcsr04.sdk/Hcscr04/Debug/Hcscr04.elf
configparams force-mem-access 0
----------------End of Script----------------

13:08:11 INFO  : Memory regions updated for context APU
13:08:11 INFO  : Context for processor 'ps7_cortexa9_0' is selected.
13:08:11 INFO  : 'con' command is executed.
13:08:11 INFO  : ----------------XSDB Script (After Launch)----------------
targets -set -nocase -filter {name =~ "ARM*#0" && jtag_cable_name =~ "Avnet MiniZed V1 1234-oj1A"} -index 0
con
----------------End of Script----------------

13:08:11 INFO  : Launch script is exported to file 'C:\FPGA\Hcsr04\Hcsr04.sdk\.sdk\launch_scripts\xilinx_c-c++_application_(system_debugger)\system_debugger_using_debug_hcscr04.elf_on_local.tcl'
13:12:43 INFO  : Disconnected from the channel tcfchan#1.
13:57:50 INFO  : Registering command handlers for SDK TCF services
13:57:51 INFO  : Launching XSCT server: xsct.bat -interactive C:\FPGA\Hcsr04\Hcsr04.sdk\temp_xsdb_launch_script.tcl
13:57:54 INFO  : XSCT server has started successfully.
13:57:54 INFO  : Successfully done setting XSCT server connection channel  
13:57:54 INFO  : Processing command line option -hwspec C:/FPGA/Hcsr04/Hcsr04.sdk/design_1_wrapper.hdf.
13:57:54 INFO  : Successfully done setting SDK workspace  
13:57:54 INFO  : Checking for hwspec changes in the project design_1_wrapper_hw_platform_0.
13:57:58 INFO  : SDK has detected change in the last modified timestamps for source hardware specification file Source:1571770720099,  Project:1570518353217
13:57:58 INFO  : The hardware specification for project 'design_1_wrapper_hw_platform_0' is different from C:/FPGA/Hcsr04/Hcsr04.sdk/design_1_wrapper.hdf.
13:57:58 INFO  : Copied contents of C:/FPGA/Hcsr04/Hcsr04.sdk/design_1_wrapper.hdf into \design_1_wrapper_hw_platform_0\system.hdf.
13:58:02 INFO  : Synchronizing projects in the workspace with the hardware platform specification changes.
13:58:05 INFO  : 
13:58:06 INFO  : Updating hardware inferred compiler options for Hcscr04.
13:58:06 INFO  : Clearing existing target manager status.
13:58:42 INFO  : Connected to target on host '127.0.0.1' and port '3121'.
13:58:42 INFO  : Jtag cable 'Avnet MiniZed V1 1234-oj1A' is selected.
13:58:42 INFO  : 'jtag frequency' command is executed.
13:58:42 INFO  : Sourcing of 'C:/FPGA/Hcsr04/Hcsr04.sdk/design_1_wrapper_hw_platform_0/ps7_init.tcl' is done.
13:58:43 INFO  : 'targets -set -filter {jtag_cable_name =~ "Avnet MiniZed V1 1234-oj1A" && level==0} -index 1' command is executed.
13:58:44 INFO  : FPGA configured successfully with bitstream "C:/FPGA/Hcsr04/Hcsr04.sdk/design_1_wrapper_hw_platform_0/design_1_wrapper.bit"
13:58:45 INFO  : Context for 'APU' is selected.
13:58:45 INFO  : Hardware design information is loaded from 'C:/FPGA/Hcsr04/Hcsr04.sdk/design_1_wrapper_hw_platform_0/system.hdf'.
13:58:45 INFO  : 'configparams force-mem-access 1' command is executed.
13:58:45 INFO  : Context for 'APU' is selected.
13:58:45 INFO  : 'stop' command is executed.
13:58:46 INFO  : 'ps7_init' command is executed.
13:58:46 INFO  : 'ps7_post_config' command is executed.
13:58:46 INFO  : Context for processor 'ps7_cortexa9_0' is selected.
13:58:46 INFO  : Processor reset is completed for 'ps7_cortexa9_0'.
13:58:46 INFO  : Context for processor 'ps7_cortexa9_0' is selected.
13:58:46 INFO  : The application 'C:/FPGA/Hcsr04/Hcsr04.sdk/Hcscr04/Debug/Hcscr04.elf' is downloaded to processor 'ps7_cortexa9_0'.
13:58:46 INFO  : 'configparams force-mem-access 0' command is executed.
13:58:46 INFO  : ----------------XSDB Script----------------
connect -url tcp:127.0.0.1:3121
source C:/FPGA/Hcsr04/Hcsr04.sdk/design_1_wrapper_hw_platform_0/ps7_init.tcl
targets -set -filter {jtag_cable_name =~ "Avnet MiniZed V1 1234-oj1A" && level==0} -index 1
fpga -file C:/FPGA/Hcsr04/Hcsr04.sdk/design_1_wrapper_hw_platform_0/design_1_wrapper.bit
targets -set -nocase -filter {name =~"APU*" && jtag_cable_name =~ "Avnet MiniZed V1 1234-oj1A"} -index 0
loadhw -hw C:/FPGA/Hcsr04/Hcsr04.sdk/design_1_wrapper_hw_platform_0/system.hdf -mem-ranges [list {0x40000000 0xbfffffff}]
configparams force-mem-access 1
targets -set -nocase -filter {name =~"APU*" && jtag_cable_name =~ "Avnet MiniZed V1 1234-oj1A"} -index 0
stop
ps7_init
ps7_post_config
targets -set -nocase -filter {name =~ "ARM*#0" && jtag_cable_name =~ "Avnet MiniZed V1 1234-oj1A"} -index 0
rst -processor
targets -set -nocase -filter {name =~ "ARM*#0" && jtag_cable_name =~ "Avnet MiniZed V1 1234-oj1A"} -index 0
dow C:/FPGA/Hcsr04/Hcsr04.sdk/Hcscr04/Debug/Hcscr04.elf
configparams force-mem-access 0
----------------End of Script----------------

13:58:46 INFO  : Memory regions updated for context APU
13:58:47 INFO  : Context for processor 'ps7_cortexa9_0' is selected.
13:58:47 INFO  : 'con' command is executed.
13:58:47 INFO  : ----------------XSDB Script (After Launch)----------------
targets -set -nocase -filter {name =~ "ARM*#0" && jtag_cable_name =~ "Avnet MiniZed V1 1234-oj1A"} -index 0
con
----------------End of Script----------------

13:58:47 INFO  : Launch script is exported to file 'C:\FPGA\Hcsr04\Hcsr04.sdk\.sdk\launch_scripts\xilinx_c-c++_application_(system_debugger)\system_debugger_using_debug_hcscr04.elf_on_local.tcl'
14:08:58 INFO  : Disconnected from the channel tcfchan#1.
