09:21:06 INFO  : Registering command handlers for SDK TCF services
09:21:08 INFO  : Launching XSCT server: xsct.bat -interactive C:\FPGA\HC1_FreeRTOS\HC1_FreeRTOS.sdk\temp_xsdb_launch_script.tcl
09:21:14 INFO  : XSCT server has started successfully.
09:21:20 INFO  : Successfully done setting XSCT server connection channel  
09:21:20 INFO  : Processing command line option -hwspec C:/FPGA/HC1_FreeRTOS/HC1_FreeRTOS.sdk/design_1_wrapper.hdf.
09:21:20 INFO  : Successfully done setting SDK workspace  
09:25:31 INFO  : Refreshed build settings on project HelloWorldFreeRTOS
08:50:10 INFO  : Registering command handlers for SDK TCF services
08:50:12 INFO  : Launching XSCT server: xsct.bat -interactive D:\FPGA\HC1_FreeRTOS\HC1_FreeRTOS.sdk\temp_xsdb_launch_script.tcl
08:50:17 INFO  : XSCT server has started successfully.
08:50:38 INFO  : Successfully done setting XSCT server connection channel  
08:50:38 INFO  : Successfully done setting SDK workspace  
13:52:50 INFO  : Registering command handlers for SDK TCF services
13:52:51 INFO  : Launching XSCT server: xsct.bat -interactive D:\FPGA\HC1_FreeRTOS\HC1_FreeRTOS.sdk\temp_xsdb_launch_script.tcl
13:52:54 INFO  : XSCT server has started successfully.
13:52:54 INFO  : Successfully done setting XSCT server connection channel  
13:52:56 INFO  : Successfully done setting SDK workspace  
13:55:45 INFO  : Invoking Bootgen: bootgen -image output.bif -arch zynq -o D:\BootLinux\BOOT.bin
13:55:45 INFO  : Creating new bif file D:\BootLinux\output.bif
13:55:47 INFO  : Bootgen command execution is done.
