20:09:40 **** Incremental Build of configuration Debug for project FreeRTOS_Queue ****
make pre-build main-build 
a9-linaro-pre-build-step
' '
'Building file: ../src/FreeRTOSQueue.c'
'Invoking: ARM v7 gcc compiler'
arm-none-eabi-gcc -Wall -O0 -g3 -c -fmessage-length=0 -MT"src/FreeRTOSQueue.o" -mcpu=cortex-a9 -mfpu=vfpv3 -mfloat-abi=hard -I../../FreeRTOS_Queue_bsp/ps7_cortexa9_0/include -MMD -MP -MF"src/FreeRTOSQueue.d" -MT"src/FreeRTOSQueue.o" -o "src/FreeRTOSQueue.o" "../src/FreeRTOSQueue.c"
../src/FreeRTOSQueue.c: In function 'prvRxTask':
../src/FreeRTOSQueue.c:140:3: warning: implicit declaration of function 'printf' [-Wimplicit-function-declaration]
   printf("Input value got: %d\r\n", RecData);
   ^~~~~~
../src/FreeRTOSQueue.c:140:3: warning: incompatible implicit declaration of built-in function 'printf'
../src/FreeRTOSQueue.c:140:3: note: include '<stdio.h>' or provide a declaration of 'printf'
../src/FreeRTOSQueue.c:12:1:
+#include <stdio.h>
 
../src/FreeRTOSQueue.c:140:3:
   printf("Input value got: %d\r\n", RecData);
   ^~~~~~
../src/FreeRTOSQueue.c:140:29: warning: format '%d' expects argument of type 'int', but argument 2 has type 'u32' {aka 'long unsigned int'} [-Wformat=]
   printf("Input value got: %d\r\n", RecData);
                            ~^       ~~~~~~~
                            %ld
../src/FreeRTOSQueue.c: In function 'startGPIOHardware':
../src/FreeRTOSQueue.c:236:3: warning: incompatible implicit declaration of built-in function 'printf'
   printf("status error \n\r");
   ^~~~~~
../src/FreeRTOSQueue.c:236:3: note: include '<stdio.h>' or provide a declaration of 'printf'
In file included from ../../FreeRTOS_Queue_bsp/ps7_cortexa9_0/include/xgpio.h:132,
                 from ../src/FreeRTOSQueue.c:9:
../../FreeRTOS_Queue_bsp/ps7_cortexa9_0/include/xstatus.h:61:41: warning: 'return' with a value, in function returning void
 #define XST_FAILURE                     1L
                                         ^~
../src/FreeRTOSQueue.c:237:10: note: in expansion of macro 'XST_FAILURE'
   return XST_FAILURE;
          ^~~~~~~~~~~
../src/FreeRTOSQueue.c:224:6: note: declared here
 void startGPIOHardware()
      ^~~~~~~~~~~~~~~~~
../src/FreeRTOSQueue.c:239:5: warning: incompatible implicit declaration of built-in function 'printf'
     printf("Starting GPIO PS\n\r");
     ^~~~~~
../src/FreeRTOSQueue.c:239:5: note: include '<stdio.h>' or provide a declaration of 'printf'
In file included from ../../FreeRTOS_Queue_bsp/ps7_cortexa9_0/include/xgpio.h:132,
                 from ../src/FreeRTOSQueue.c:9:
../../FreeRTOS_Queue_bsp/ps7_cortexa9_0/include/xstatus.h:61:41: warning: 'return' with a value, in function returning void
 #define XST_FAILURE                     1L
                                         ^~
../src/FreeRTOSQueue.c:248:10: note: in expansion of macro 'XST_FAILURE'
   return XST_FAILURE;
          ^~~~~~~~~~~
../src/FreeRTOSQueue.c:224:6: note: declared here
 void startGPIOHardware()
      ^~~~~~~~~~~~~~~~~
../src/FreeRTOSQueue.c:244:16: warning: unused variable 'GPIOConfigPtr' [-Wunused-variable]
  XGpio_Config *GPIOConfigPtr;
                ^~~~~~~~~~~~~
../src/FreeRTOSQueue.c:226:15: warning: unused variable 'Delay' [-Wunused-variable]
  volatile int Delay;
               ^~~~~
At top level:
../src/FreeRTOSQueue.c:33:21: warning: 'xprvPS_SwitchTask' defined but not used [-Wunused-variable]
 static TaskHandle_t xprvPS_SwitchTask;
                     ^~~~~~~~~~~~~~~~~
'Finished building: ../src/FreeRTOSQueue.c'
' '
'Building target: FreeRTOS_Queue.elf'
'Invoking: ARM v7 gcc linker'
arm-none-eabi-gcc -mcpu=cortex-a9 -mfpu=vfpv3 -mfloat-abi=hard -Wl,-build-id=none -specs=Xilinx.spec -Wl,-T -Wl,../src/lscript.ld -L../../FreeRTOS_Queue_bsp/ps7_cortexa9_0/lib -o "FreeRTOS_Queue.elf"  ./src/FreeRTOSQueue.o   -Wl,--start-group,-lxil,-lfreertos,-lgcc,-lc,--end-group
'Finished building target: FreeRTOS_Queue.elf'
' '
'Invoking: ARM v7 Print Size'
arm-none-eabi-size FreeRTOS_Queue.elf  |tee "FreeRTOS_Queue.elf.size"
   text	   data	    bss	    dec	    hex	filename
 102052	   3392	  89488	 194932	  2f974	FreeRTOS_Queue.elf
'Finished building: FreeRTOS_Queue.elf.size'
' '

20:09:41 Build Finished (took 653ms)

