#-----------------------------------------------------------
# Webtalk v2019.1 (64-bit)
# SW Build 2552052 on Fri May 24 14:49:42 MDT 2019
# 
# Start of session at: Fri Oct  4 12:53:26 2019
# Process ID: 9204
# Current directory: C:/FPGA/ImpedancePmod/ImpedancePmod.sdk/webtalk
# Command line: wbtcv.exe -mode batch -source sdk_webtalk.tcl
# Log file: C:/FPGA/ImpedancePmod/ImpedancePmod.sdk/webtalk/webtalk.log
# Journal file: C:/FPGA/ImpedancePmod/ImpedancePmod.sdk/webtalk\webtalk.jou
#-----------------------------------------------------------
source sdk_webtalk.tcl
# webtalk_init -webtalk_dir C:\\FPGA\\ImpedancePmod\\ImpedancePmod.sdk\\webtalk
# webtalk_register_client -client project
# webtalk_add_data -client project -key date_generated -value "2019-10-04 12:53:24" -context "software_version_and_target_device"
# webtalk_add_data -client project -key product_version -value "SDK v2019.1" -context "software_version_and_target_device"
# webtalk_add_data -client project -key build_version -value "2019.1" -context "software_version_and_target_device"
# webtalk_add_data -client project -key os_platform -value "amd64" -context "software_version_and_target_device"
# webtalk_add_data -client project -key registration_id -value "" -context "software_version_and_target_device"
# webtalk_add_data -client project -key tool_flow -value "SDK" -context "software_version_and_target_device"
# webtalk_add_data -client project -key beta -value "false" -context "software_version_and_target_device"
# webtalk_add_data -client project -key route_design -value "NA" -context "software_version_and_target_device"
# webtalk_add_data -client project -key target_family -value "NA" -context "software_version_and_target_device"
# webtalk_add_data -client project -key target_device -value "NA" -context "software_version_and_target_device"
# webtalk_add_data -client project -key target_package -value "NA" -context "software_version_and_target_device"
# webtalk_add_data -client project -key target_speed -value "NA" -context "software_version_and_target_device"
# webtalk_add_data -client project -key random_id -value "dk603tlcdju2i231adnvqa05lc" -context "software_version_and_target_device"
# webtalk_add_data -client project -key project_id -value "2019.1_2" -context "software_version_and_target_device"
# webtalk_add_data -client project -key project_iteration -value "2" -context "software_version_and_target_device"
# webtalk_add_data -client project -key os_name -value "Microsoft Windows 8 or later , 64-bit" -context "user_environment"
# webtalk_add_data -client project -key os_release -value "major release  (build 9200)" -context "user_environment"
# webtalk_add_data -client project -key cpu_name -value "Intel(R) Core(TM) i5-7300HQ CPU @ 2.50GHz" -context "user_environment"
# webtalk_add_data -client project -key cpu_speed -value "2496 MHz" -context "user_environment"
# webtalk_add_data -client project -key total_processors -value "1" -context "user_environment"
# webtalk_add_data -client project -key system_ram -value "17.061 GB" -context "user_environment"
# webtalk_register_client -client sdk
# webtalk_add_data -client sdk -key uid -value "1570184313158" -context "sdk\\\\bsp/1570184313158"
# webtalk_add_data -client sdk -key hwid -value "1553528528745" -context "sdk\\\\bsp/1570184313158"
# webtalk_add_data -client sdk -key os -value "standalone" -context "sdk\\\\bsp/1570184313158"
# webtalk_add_data -client sdk -key apptemplate -value "hello_world" -context "sdk\\\\bsp/1570184313158"
# webtalk_add_data -client sdk -key RecordType -value "BSPCreation" -context "sdk\\\\bsp/1570184313158"
# webtalk_add_data -client sdk -key uid -value "1570184317510" -context "sdk\\\\application/1570184317510"
# webtalk_add_data -client sdk -key hwid -value "1553528528745" -context "sdk\\\\application/1570184317510"
# webtalk_add_data -client sdk -key bspid -value "1570184313158" -context "sdk\\\\application/1570184317510"
# webtalk_add_data -client sdk -key newbsp -value "true" -context "sdk\\\\application/1570184317510"
# webtalk_add_data -client sdk -key os -value "standalone" -context "sdk\\\\application/1570184317510"
# webtalk_add_data -client sdk -key apptemplate -value "hello_world" -context "sdk\\\\application/1570184317510"
# webtalk_add_data -client sdk -key RecordType -value "APPCreation" -context "sdk\\\\application/1570184317510"
# webtalk_add_data -client sdk -key LangUsed -value "C" -context "sdk\\\\application/1570184317510"
# webtalk_add_data -client sdk -key Procused -value "ps7_cortexa9" -context "sdk\\\\application/1570184317510"
# webtalk_add_data -client sdk -key uid -value "1570184908967" -context "sdk\\\\bsp/1570184908967"
# webtalk_add_data -client sdk -key hwid -value "1553528528745" -context "sdk\\\\bsp/1570184908967"
# webtalk_add_data -client sdk -key os -value "standalone" -context "sdk\\\\bsp/1570184908967"
# webtalk_add_data -client sdk -key apptemplate -value "hello_world" -context "sdk\\\\bsp/1570184908967"
# webtalk_add_data -client sdk -key RecordType -value "BSPCreation" -context "sdk\\\\bsp/1570184908967"
# webtalk_add_data -client sdk -key uid -value "1570184910954" -context "sdk\\\\application/1570184910954"
# webtalk_add_data -client sdk -key hwid -value "1553528528745" -context "sdk\\\\application/1570184910954"
# webtalk_add_data -client sdk -key bspid -value "1570184908967" -context "sdk\\\\application/1570184910954"
# webtalk_add_data -client sdk -key newbsp -value "true" -context "sdk\\\\application/1570184910954"
# webtalk_add_data -client sdk -key os -value "standalone" -context "sdk\\\\application/1570184910954"
# webtalk_add_data -client sdk -key apptemplate -value "hello_world" -context "sdk\\\\application/1570184910954"
# webtalk_add_data -client sdk -key RecordType -value "APPCreation" -context "sdk\\\\application/1570184910954"
# webtalk_add_data -client sdk -key LangUsed -value "C" -context "sdk\\\\application/1570184910954"
# webtalk_add_data -client sdk -key Procused -value "ps7_cortexa9" -context "sdk\\\\application/1570184910954"
# webtalk_add_data -client sdk -key projSize -value "193.03515625" -context "sdk\\\\application/1570184910954"
# webtalk_add_data -client sdk -key uid -value "NA" -context "sdk\\\\bsp/1570186404334"
# webtalk_add_data -client sdk -key RecordType -value "ToolUsage" -context "sdk\\\\bsp/1570186404334"
# webtalk_add_data -client sdk -key BootgenCount -value "0" -context "sdk\\\\bsp/1570186404334"
# webtalk_add_data -client sdk -key DebugCount -value "23" -context "sdk\\\\bsp/1570186404334"
# webtalk_add_data -client sdk -key PerfCount -value "0" -context "sdk\\\\bsp/1570186404334"
# webtalk_add_data -client sdk -key FlashCount -value "0" -context "sdk\\\\bsp/1570186404334"
# webtalk_add_data -client sdk -key CrossTriggCount -value "0" -context "sdk\\\\bsp/1570186404334"
# webtalk_add_data -client sdk -key QemuDebugCount -value "0" -context "sdk\\\\bsp/1570186404334"
# webtalk_transmit -clientid 2753855318 -regid "" -xml C:\\FPGA\\ImpedancePmod\\ImpedancePmod.sdk\\webtalk\\usage_statistics_ext_sdk.xml -html C:\\FPGA\\ImpedancePmod\\ImpedancePmod.sdk\\webtalk\\usage_statistics_ext_sdk.html -wdm C:\\FPGA\\ImpedancePmod\\ImpedancePmod.sdk\\webtalk\\sdk_webtalk.wdm -intro "<H3>SDK Usage Report</H3><BR>"
INFO: [Common 17-186] 'C:\FPGA\ImpedancePmod\ImpedancePmod.sdk\webtalk\usage_statistics_ext_sdk.xml' has been successfully sent to Xilinx on Fri Oct  4 12:53:29 2019. For additional details about this file, please refer to the WebTalk help file at C:/Xilinx/SDK/2019.1/doc/webtalk_introduction.html.
# webtalk_terminate
INFO: [Common 17-206] Exiting Webtalk at Fri Oct  4 12:53:29 2019...
