Copyright 1986-2019 Xilinx, Inc. All Rights Reserved.
------------------------------------------------------------------------------------
| Tool Version : Vivado v.2019.1 (win64) Build 2552052 Fri May 24 14:49:42 MDT 2019
| Date         : Tue Oct  8 08:52:43 2019
| Host         : Gilles-Lenaerts running 64-bit major release  (build 9200)
| Command      : upgrade_ip
| Device       : xc7z007sclg225-1
------------------------------------------------------------------------------------

Upgrade Log for IP 'design_1_ps7_0_axi_periph_0'

1. Summary
----------

SUCCESS in the upgrade of design_1_ps7_0_axi_periph_0 (xilinx.com:ip:axi_interconnect:2.1) from (Rev. 19) to (Rev. 20)






Copyright 1986-2018 Xilinx, Inc. All Rights Reserved.
------------------------------------------------------------------------------------
| Tool Version : Vivado v.2018.3 (win64) Build 2405991 Thu Dec  6 23:38:27 MST 2018
| Date         : Mon Jan  7 15:22:33 2019
| Host         : Gilles-Lenaerts running 64-bit major release  (build 9200)
| Command      : upgrade_ip
| Device       : xc7z007sclg225-1
------------------------------------------------------------------------------------

Upgrade Log for IP 'design_1_Hcsr04_Sensor_0_0'

1. Summary
----------

SUCCESS in the upgrade of design_1_Hcsr04_Sensor_0_0 (xilinx.com:user:Hcsr04_Sensor:1.0) from (Rev. 19) to (Rev. 20)






Copyright 1986-2018 Xilinx, Inc. All Rights Reserved.
------------------------------------------------------------------------------------
| Tool Version : Vivado v.2018.3 (win64) Build 2405991 Thu Dec  6 23:38:27 MST 2018
| Date         : Mon Jan  7 15:20:38 2019
| Host         : Gilles-Lenaerts running 64-bit major release  (build 9200)
| Command      : upgrade_ip
| Device       : xc7z007sclg225-1
------------------------------------------------------------------------------------

Upgrade Log for IP 'design_1_Hcsr04_Sensor_0_0'

1. Summary
----------

SUCCESS in the upgrade of design_1_Hcsr04_Sensor_0_0 (xilinx.com:user:Hcsr04_Sensor:1.0) from (Rev. 18) to (Rev. 19)






Copyright 1986-2018 Xilinx, Inc. All Rights Reserved.
------------------------------------------------------------------------------------
| Tool Version : Vivado v.2018.3 (win64) Build 2405991 Thu Dec  6 23:38:27 MST 2018
| Date         : Mon Jan  7 15:16:49 2019
| Host         : Gilles-Lenaerts running 64-bit major release  (build 9200)
| Command      : upgrade_ip
| Device       : xc7z007sclg225-1
------------------------------------------------------------------------------------

Upgrade Log for IP 'design_1_Hcsr04_Sensor_0_0'

1. Summary
----------

SUCCESS in the upgrade of design_1_Hcsr04_Sensor_0_0 (xilinx.com:user:Hcsr04_Sensor:1.0) from (Rev. 17) to (Rev. 18)






Copyright 1986-2018 Xilinx, Inc. All Rights Reserved.
------------------------------------------------------------------------------------
| Tool Version : Vivado v.2018.3 (win64) Build 2405991 Thu Dec  6 23:38:27 MST 2018
| Date         : Mon Jan  7 15:14:52 2019
| Host         : Gilles-Lenaerts running 64-bit major release  (build 9200)
| Command      : upgrade_ip
| Device       : xc7z007sclg225-1
------------------------------------------------------------------------------------

Upgrade Log for IP 'design_1_Hcsr04_Sensor_0_0'

1. Summary
----------

SUCCESS in the upgrade of design_1_Hcsr04_Sensor_0_0 (xilinx.com:user:Hcsr04_Sensor:1.0) from (Rev. 15) to (Rev. 17)






Copyright 1986-2018 Xilinx, Inc. All Rights Reserved.
------------------------------------------------------------------------------------
| Tool Version : Vivado v.2018.3 (win64) Build 2405991 Thu Dec  6 23:38:27 MST 2018
| Date         : Mon Jan  7 15:13:33 2019
| Host         : Gilles-Lenaerts running 64-bit major release  (build 9200)
| Command      : upgrade_ip
| Device       : xc7z007sclg225-1
------------------------------------------------------------------------------------

Upgrade Log for IP 'design_1_Hcsr04_Sensor_0_0'

1. Summary
----------

SUCCESS in the upgrade of design_1_Hcsr04_Sensor_0_0 (xilinx.com:user:Hcsr04_Sensor:1.0) from (Rev. 14) to (Rev. 15)






Copyright 1986-2018 Xilinx, Inc. All Rights Reserved.
------------------------------------------------------------------------------------
| Tool Version : Vivado v.2018.3 (win64) Build 2405991 Thu Dec  6 23:38:27 MST 2018
| Date         : Mon Jan  7 15:10:26 2019
| Host         : Gilles-Lenaerts running 64-bit major release  (build 9200)
| Command      : upgrade_ip
| Device       : xc7z007sclg225-1
------------------------------------------------------------------------------------

Upgrade Log for IP 'design_1_Hcsr04_Sensor_0_0'

1. Summary
----------

SUCCESS in the upgrade of design_1_Hcsr04_Sensor_0_0 (xilinx.com:user:Hcsr04_Sensor:1.0) from (Rev. 13) to (Rev. 14)






Copyright 1986-2018 Xilinx, Inc. All Rights Reserved.
------------------------------------------------------------------------------------
| Tool Version : Vivado v.2018.3 (win64) Build 2405991 Thu Dec  6 23:38:27 MST 2018
| Date         : Mon Jan  7 14:58:37 2019
| Host         : Gilles-Lenaerts running 64-bit major release  (build 9200)
| Command      : upgrade_ip
| Device       : xc7z007sclg225-1
------------------------------------------------------------------------------------

Upgrade Log for IP 'design_1_Hcsr04_Sensor_0_0'

1. Summary
----------

SUCCESS in the upgrade of design_1_Hcsr04_Sensor_0_0 (xilinx.com:user:Hcsr04_Sensor:1.0) from (Rev. 12) to (Rev. 13)






Copyright 1986-2018 Xilinx, Inc. All Rights Reserved.
------------------------------------------------------------------------------------
| Tool Version : Vivado v.2018.3 (win64) Build 2405991 Thu Dec  6 23:38:27 MST 2018
| Date         : Mon Jan  7 14:43:04 2019
| Host         : Gilles-Lenaerts running 64-bit major release  (build 9200)
| Command      : upgrade_ip
| Device       : xc7z007sclg225-1
------------------------------------------------------------------------------------

Upgrade Log for IP 'design_1_Hcsr04_Sensor_0_0'

1. Summary
----------

SUCCESS in the upgrade of design_1_Hcsr04_Sensor_0_0 (xilinx.com:user:Hcsr04_Sensor:1.0) from (Rev. 11) to (Rev. 12)






Copyright 1986-2018 Xilinx, Inc. All Rights Reserved.
------------------------------------------------------------------------------------
| Tool Version : Vivado v.2018.3 (win64) Build 2405991 Thu Dec  6 23:38:27 MST 2018
| Date         : Mon Jan  7 14:40:37 2019
| Host         : Gilles-Lenaerts running 64-bit major release  (build 9200)
| Command      : upgrade_ip
| Device       : xc7z007sclg225-1
------------------------------------------------------------------------------------

Upgrade Log for IP 'design_1_Hcsr04_Sensor_0_0'

1. Summary
----------

SUCCESS in the upgrade of design_1_Hcsr04_Sensor_0_0 (xilinx.com:user:Hcsr04_Sensor:1.0) from (Rev. 10) to (Rev. 11)






Copyright 1986-2018 Xilinx, Inc. All Rights Reserved.
------------------------------------------------------------------------------------
| Tool Version : Vivado v.2018.3 (win64) Build 2405991 Thu Dec  6 23:38:27 MST 2018
| Date         : Mon Jan  7 14:34:41 2019
| Host         : Gilles-Lenaerts running 64-bit major release  (build 9200)
| Command      : upgrade_ip
| Device       : xc7z007sclg225-1
------------------------------------------------------------------------------------

Upgrade Log for IP 'design_1_Hcsr04_Sensor_0_0'

1. Summary
----------

SUCCESS in the upgrade of design_1_Hcsr04_Sensor_0_0 (xilinx.com:user:Hcsr04_Sensor:1.0) from (Rev. 9) to (Rev. 10)






Copyright 1986-2018 Xilinx, Inc. All Rights Reserved.
------------------------------------------------------------------------------------
| Tool Version : Vivado v.2018.3 (win64) Build 2405991 Thu Dec  6 23:38:27 MST 2018
| Date         : Mon Jan  7 14:29:46 2019
| Host         : Gilles-Lenaerts running 64-bit major release  (build 9200)
| Command      : upgrade_ip
| Device       : xc7z007sclg225-1
------------------------------------------------------------------------------------

Upgrade Log for IP 'design_1_Hcsr04_Sensor_0_0'

1. Summary
----------

SUCCESS in the upgrade of design_1_Hcsr04_Sensor_0_0 (xilinx.com:user:Hcsr04_Sensor:1.0) from (Rev. 8) to (Rev. 9)






Copyright 1986-2018 Xilinx, Inc. All Rights Reserved.
------------------------------------------------------------------------------------
| Tool Version : Vivado v.2018.3 (win64) Build 2405991 Thu Dec  6 23:38:27 MST 2018
| Date         : Mon Jan  7 14:19:57 2019
| Host         : Gilles-Lenaerts running 64-bit major release  (build 9200)
| Command      : upgrade_ip
| Device       : xc7z007sclg225-1
------------------------------------------------------------------------------------

Upgrade Log for IP 'design_1_Hcsr04_Sensor_0_0'

1. Summary
----------

SUCCESS in the upgrade of design_1_Hcsr04_Sensor_0_0 (xilinx.com:user:Hcsr04_Sensor:1.0) from (Rev. 7) to (Rev. 8)






Copyright 1986-2018 Xilinx, Inc. All Rights Reserved.
------------------------------------------------------------------------------------
| Tool Version : Vivado v.2018.3 (win64) Build 2405991 Thu Dec  6 23:38:27 MST 2018
| Date         : Mon Jan  7 14:01:59 2019
| Host         : Gilles-Lenaerts running 64-bit major release  (build 9200)
| Command      : upgrade_ip
| Device       : xc7z007sclg225-1
------------------------------------------------------------------------------------

Upgrade Log for IP 'design_1_Hcsr04_Sensor_0_0'

1. Summary
----------

SUCCESS in the upgrade of design_1_Hcsr04_Sensor_0_0 (xilinx.com:user:Hcsr04_Sensor:1.0) from (Rev. 6) to (Rev. 7)






Copyright 1986-2018 Xilinx, Inc. All Rights Reserved.
------------------------------------------------------------------------------------
| Tool Version : Vivado v.2018.3 (win64) Build 2405991 Thu Dec  6 23:38:27 MST 2018
| Date         : Mon Jan  7 13:54:05 2019
| Host         : Gilles-Lenaerts running 64-bit major release  (build 9200)
| Command      : upgrade_ip
| Device       : xc7z007sclg225-1
------------------------------------------------------------------------------------

Upgrade Log for IP 'design_1_Hcsr04_Sensor_0_0'

1. Summary
----------

SUCCESS in the upgrade of design_1_Hcsr04_Sensor_0_0 (xilinx.com:user:Hcsr04_Sensor:1.0) from (Rev. 4) to (Rev. 6)






Copyright 1986-2018 Xilinx, Inc. All Rights Reserved.
------------------------------------------------------------------------------------
| Tool Version : Vivado v.2018.3 (win64) Build 2405991 Thu Dec  6 23:38:27 MST 2018
| Date         : Mon Jan  7 13:23:23 2019
| Host         : Gilles-Lenaerts running 64-bit major release  (build 9200)
| Command      : upgrade_ip
| Device       : xc7z007sclg225-1
------------------------------------------------------------------------------------

Upgrade Log for IP 'design_1_Hcsr04_Sensor_0_0'

1. Summary
----------

SUCCESS in the upgrade of design_1_Hcsr04_Sensor_0_0 (xilinx.com:user:Hcsr04_Sensor:1.0) from (Rev. 3) to (Rev. 4)






Copyright 1986-2018 Xilinx, Inc. All Rights Reserved.
------------------------------------------------------------------------------------
| Tool Version : Vivado v.2018.3 (win64) Build 2405991 Thu Dec  6 23:38:27 MST 2018
| Date         : Mon Jan  7 13:13:14 2019
| Host         : Gilles-Lenaerts running 64-bit major release  (build 9200)
| Command      : upgrade_ip
| Device       : xc7z007sclg225-1
------------------------------------------------------------------------------------

Upgrade Log for IP 'design_1_Hcsr04_Sensor_0_0'

1. Summary
----------

SUCCESS in the upgrade of design_1_Hcsr04_Sensor_0_0 (xilinx.com:user:Hcsr04_Sensor:1.0) from (Rev. 2) to (Rev. 3)

