13:09:17 INFO  : Registering command handlers for SDK TCF services
13:09:18 INFO  : Launching XSCT server: xsct.bat -interactive C:\FPGA\PS_FreeRTOS\PS_FreeRTOS.sdk\temp_xsdb_launch_script.tcl
13:09:21 INFO  : XSCT server has started successfully.
13:09:21 INFO  : Successfully done setting XSCT server connection channel  
13:09:24 INFO  : Processing command line option -hwspec C:/FPGA/PS_FreeRTOS/PS_FreeRTOS.sdk/design_1_wrapper.hdf.
13:09:24 INFO  : Successfully done setting SDK workspace  
13:11:09 INFO  : Refreshed build settings on project PS_GPIO_FreeRTOS
13:38:57 INFO  : Connected to target on host '127.0.0.1' and port '3121'.
13:38:59 INFO  : 'targets -set -filter {jtag_cable_name =~ "Avnet MiniZed V1 1234-oj1A" && level==0} -index 1' command is executed.
13:39:00 INFO  : FPGA configured successfully with bitstream "C:/FPGA/PS_FreeRTOS/PS_FreeRTOS.sdk/design_1_wrapper_hw_platform_0/design_1_wrapper.bit"
13:39:10 INFO  : 'targets -set -filter {jtag_cable_name =~ "Avnet MiniZed V1 1234-oj1A" && level==0} -index 1' command is executed.
13:39:10 INFO  : 'fpga -state' command is executed.
13:39:10 INFO  : Connected to target on host '127.0.0.1' and port '3121'.
13:39:11 INFO  : Jtag cable 'Avnet MiniZed V1 1234-oj1A' is selected.
13:39:11 INFO  : 'jtag frequency' command is executed.
13:39:11 INFO  : Sourcing of 'C:/FPGA/PS_FreeRTOS/PS_FreeRTOS.sdk/design_1_wrapper_hw_platform_0/ps7_init.tcl' is done.
13:39:11 INFO  : Context for 'APU' is selected.
13:39:11 INFO  : Hardware design information is loaded from 'C:/FPGA/PS_FreeRTOS/PS_FreeRTOS.sdk/design_1_wrapper_hw_platform_0/system.hdf'.
13:39:11 INFO  : 'configparams force-mem-access 1' command is executed.
13:39:11 INFO  : Context for 'APU' is selected.
13:39:11 INFO  : 'stop' command is executed.
13:39:11 INFO  : 'ps7_init' command is executed.
13:39:11 INFO  : 'ps7_post_config' command is executed.
13:39:11 INFO  : Context for processor 'ps7_cortexa9_0' is selected.
13:39:11 INFO  : Processor reset is completed for 'ps7_cortexa9_0'.
13:39:11 INFO  : Context for processor 'ps7_cortexa9_0' is selected.
13:39:11 INFO  : The application 'C:/FPGA/PS_FreeRTOS/PS_FreeRTOS.sdk/PS_GPIO_FreeRTOS/Debug/PS_GPIO_FreeRTOS.elf' is downloaded to processor 'ps7_cortexa9_0'.
13:39:11 INFO  : 'configparams force-mem-access 0' command is executed.
13:39:11 INFO  : ----------------XSDB Script----------------
connect -url tcp:127.0.0.1:3121
source C:/FPGA/PS_FreeRTOS/PS_FreeRTOS.sdk/design_1_wrapper_hw_platform_0/ps7_init.tcl
targets -set -nocase -filter {name =~"APU*" && jtag_cable_name =~ "Avnet MiniZed V1 1234-oj1A"} -index 0
loadhw -hw C:/FPGA/PS_FreeRTOS/PS_FreeRTOS.sdk/design_1_wrapper_hw_platform_0/system.hdf -mem-ranges [list {0x40000000 0xbfffffff}]
configparams force-mem-access 1
targets -set -nocase -filter {name =~"APU*" && jtag_cable_name =~ "Avnet MiniZed V1 1234-oj1A"} -index 0
stop
ps7_init
ps7_post_config
targets -set -nocase -filter {name =~ "ARM*#0" && jtag_cable_name =~ "Avnet MiniZed V1 1234-oj1A"} -index 0
rst -processor
targets -set -nocase -filter {name =~ "ARM*#0" && jtag_cable_name =~ "Avnet MiniZed V1 1234-oj1A"} -index 0
dow C:/FPGA/PS_FreeRTOS/PS_FreeRTOS.sdk/PS_GPIO_FreeRTOS/Debug/PS_GPIO_FreeRTOS.elf
configparams force-mem-access 0
----------------End of Script----------------

13:39:12 INFO  : Memory regions updated for context APU
13:39:12 INFO  : Context for processor 'ps7_cortexa9_0' is selected.
13:39:12 INFO  : 'con' command is executed.
13:39:12 INFO  : ----------------XSDB Script (After Launch)----------------
targets -set -nocase -filter {name =~ "ARM*#0" && jtag_cable_name =~ "Avnet MiniZed V1 1234-oj1A"} -index 0
con
----------------End of Script----------------

13:39:12 INFO  : Launch script is exported to file 'C:\FPGA\PS_FreeRTOS\PS_FreeRTOS.sdk\.sdk\launch_scripts\xilinx_c-c++_application_(system_debugger)\system_debugger_using_debug_ps_gpio_freertos.elf_on_local.tcl'
13:40:04 INFO  : Disconnected from the channel tcfchan#1.
13:40:05 INFO  : 'targets -set -filter {jtag_cable_name =~ "Avnet MiniZed V1 1234-oj1A" && level==0} -index 1' command is executed.
13:40:05 INFO  : 'fpga -state' command is executed.
13:40:05 INFO  : Connected to target on host '127.0.0.1' and port '3121'.
13:40:06 INFO  : Jtag cable 'Avnet MiniZed V1 1234-oj1A' is selected.
13:40:06 INFO  : 'jtag frequency' command is executed.
13:40:06 INFO  : Sourcing of 'C:/FPGA/PS_FreeRTOS/PS_FreeRTOS.sdk/design_1_wrapper_hw_platform_0/ps7_init.tcl' is done.
13:40:06 INFO  : Context for 'APU' is selected.
13:40:08 INFO  : Hardware design information is loaded from 'C:/FPGA/PS_FreeRTOS/PS_FreeRTOS.sdk/design_1_wrapper_hw_platform_0/system.hdf'.
13:40:08 INFO  : 'configparams force-mem-access 1' command is executed.
13:40:08 INFO  : Context for 'APU' is selected.
13:40:09 INFO  : 'stop' command is executed.
13:40:09 INFO  : 'ps7_init' command is executed.
13:40:09 INFO  : 'ps7_post_config' command is executed.
13:40:09 INFO  : Context for processor 'ps7_cortexa9_0' is selected.
13:40:09 INFO  : Processor reset is completed for 'ps7_cortexa9_0'.
13:40:09 INFO  : Context for processor 'ps7_cortexa9_0' is selected.
13:40:09 INFO  : The application 'C:/FPGA/PS_FreeRTOS/PS_FreeRTOS.sdk/PS_GPIO_FreeRTOS/Debug/PS_GPIO_FreeRTOS.elf' is downloaded to processor 'ps7_cortexa9_0'.
13:40:09 INFO  : 'configparams force-mem-access 0' command is executed.
13:40:09 INFO  : ----------------XSDB Script----------------
connect -url tcp:127.0.0.1:3121
source C:/FPGA/PS_FreeRTOS/PS_FreeRTOS.sdk/design_1_wrapper_hw_platform_0/ps7_init.tcl
targets -set -nocase -filter {name =~"APU*" && jtag_cable_name =~ "Avnet MiniZed V1 1234-oj1A"} -index 0
loadhw -hw C:/FPGA/PS_FreeRTOS/PS_FreeRTOS.sdk/design_1_wrapper_hw_platform_0/system.hdf -mem-ranges [list {0x40000000 0xbfffffff}]
configparams force-mem-access 1
targets -set -nocase -filter {name =~"APU*" && jtag_cable_name =~ "Avnet MiniZed V1 1234-oj1A"} -index 0
stop
ps7_init
ps7_post_config
targets -set -nocase -filter {name =~ "ARM*#0" && jtag_cable_name =~ "Avnet MiniZed V1 1234-oj1A"} -index 0
rst -processor
targets -set -nocase -filter {name =~ "ARM*#0" && jtag_cable_name =~ "Avnet MiniZed V1 1234-oj1A"} -index 0
dow C:/FPGA/PS_FreeRTOS/PS_FreeRTOS.sdk/PS_GPIO_FreeRTOS/Debug/PS_GPIO_FreeRTOS.elf
configparams force-mem-access 0
----------------End of Script----------------

13:40:09 INFO  : Memory regions updated for context APU
13:40:09 INFO  : Context for processor 'ps7_cortexa9_0' is selected.
13:40:10 INFO  : 'con' command is executed.
13:40:10 INFO  : ----------------XSDB Script (After Launch)----------------
targets -set -nocase -filter {name =~ "ARM*#0" && jtag_cable_name =~ "Avnet MiniZed V1 1234-oj1A"} -index 0
con
----------------End of Script----------------

13:40:10 INFO  : Launch script is exported to file 'C:\FPGA\PS_FreeRTOS\PS_FreeRTOS.sdk\.sdk\launch_scripts\xilinx_c-c++_application_(system_debugger)\system_debugger_using_debug_ps_gpio_freertos.elf_on_local.tcl'
13:40:43 INFO  : Disconnected from the channel tcfchan#2.
13:40:45 INFO  : 'targets -set -filter {jtag_cable_name =~ "Avnet MiniZed V1 1234-oj1A" && level==0} -index 1' command is executed.
13:40:45 INFO  : 'fpga -state' command is executed.
13:40:45 INFO  : Connected to target on host '127.0.0.1' and port '3121'.
13:40:45 INFO  : Jtag cable 'Avnet MiniZed V1 1234-oj1A' is selected.
13:40:45 INFO  : 'jtag frequency' command is executed.
13:40:45 INFO  : Sourcing of 'C:/FPGA/PS_FreeRTOS/PS_FreeRTOS.sdk/design_1_wrapper_hw_platform_0/ps7_init.tcl' is done.
13:40:45 INFO  : Context for 'APU' is selected.
13:40:47 INFO  : Hardware design information is loaded from 'C:/FPGA/PS_FreeRTOS/PS_FreeRTOS.sdk/design_1_wrapper_hw_platform_0/system.hdf'.
13:40:47 INFO  : 'configparams force-mem-access 1' command is executed.
13:40:47 INFO  : Context for 'APU' is selected.
13:40:47 INFO  : 'stop' command is executed.
13:40:48 INFO  : 'ps7_init' command is executed.
13:40:48 INFO  : 'ps7_post_config' command is executed.
13:40:48 INFO  : Context for processor 'ps7_cortexa9_0' is selected.
13:40:48 INFO  : Processor reset is completed for 'ps7_cortexa9_0'.
13:40:48 INFO  : Context for processor 'ps7_cortexa9_0' is selected.
13:40:48 INFO  : The application 'C:/FPGA/PS_FreeRTOS/PS_FreeRTOS.sdk/PS_GPIO_FreeRTOS/Debug/PS_GPIO_FreeRTOS.elf' is downloaded to processor 'ps7_cortexa9_0'.
13:40:48 INFO  : 'configparams force-mem-access 0' command is executed.
13:40:48 INFO  : ----------------XSDB Script----------------
connect -url tcp:127.0.0.1:3121
source C:/FPGA/PS_FreeRTOS/PS_FreeRTOS.sdk/design_1_wrapper_hw_platform_0/ps7_init.tcl
targets -set -nocase -filter {name =~"APU*" && jtag_cable_name =~ "Avnet MiniZed V1 1234-oj1A"} -index 0
loadhw -hw C:/FPGA/PS_FreeRTOS/PS_FreeRTOS.sdk/design_1_wrapper_hw_platform_0/system.hdf -mem-ranges [list {0x40000000 0xbfffffff}]
configparams force-mem-access 1
targets -set -nocase -filter {name =~"APU*" && jtag_cable_name =~ "Avnet MiniZed V1 1234-oj1A"} -index 0
stop
ps7_init
ps7_post_config
targets -set -nocase -filter {name =~ "ARM*#0" && jtag_cable_name =~ "Avnet MiniZed V1 1234-oj1A"} -index 0
rst -processor
targets -set -nocase -filter {name =~ "ARM*#0" && jtag_cable_name =~ "Avnet MiniZed V1 1234-oj1A"} -index 0
dow C:/FPGA/PS_FreeRTOS/PS_FreeRTOS.sdk/PS_GPIO_FreeRTOS/Debug/PS_GPIO_FreeRTOS.elf
configparams force-mem-access 0
----------------End of Script----------------

13:40:48 INFO  : Memory regions updated for context APU
13:40:48 INFO  : Context for processor 'ps7_cortexa9_0' is selected.
13:40:48 INFO  : 'con' command is executed.
13:40:48 INFO  : ----------------XSDB Script (After Launch)----------------
targets -set -nocase -filter {name =~ "ARM*#0" && jtag_cable_name =~ "Avnet MiniZed V1 1234-oj1A"} -index 0
con
----------------End of Script----------------

13:40:48 INFO  : Launch script is exported to file 'C:\FPGA\PS_FreeRTOS\PS_FreeRTOS.sdk\.sdk\launch_scripts\xilinx_c-c++_application_(system_debugger)\system_debugger_using_debug_ps_gpio_freertos.elf_on_local.tcl'
13:44:47 INFO  : Disconnected from the channel tcfchan#3.
13:44:48 INFO  : Connected to target on host '127.0.0.1' and port '3121'.
13:44:48 INFO  : Jtag cable 'Avnet MiniZed V1 1234-oj1A' is selected.
13:44:48 INFO  : 'jtag frequency' command is executed.
13:44:48 INFO  : Sourcing of 'C:/FPGA/PS_FreeRTOS/PS_FreeRTOS.sdk/design_1_wrapper_hw_platform_0/ps7_init.tcl' is done.
13:44:49 INFO  : 'targets -set -filter {jtag_cable_name =~ "Avnet MiniZed V1 1234-oj1A" && level==0} -index 1' command is executed.
13:44:50 INFO  : FPGA configured successfully with bitstream "C:/FPGA/PS_FreeRTOS/PS_FreeRTOS.sdk/design_1_wrapper_hw_platform_0/design_1_wrapper.bit"
13:44:50 INFO  : Context for 'APU' is selected.
13:44:52 INFO  : Hardware design information is loaded from 'C:/FPGA/PS_FreeRTOS/PS_FreeRTOS.sdk/design_1_wrapper_hw_platform_0/system.hdf'.
13:44:52 INFO  : 'configparams force-mem-access 1' command is executed.
13:44:52 INFO  : Context for 'APU' is selected.
13:44:52 INFO  : 'stop' command is executed.
13:44:53 INFO  : 'ps7_init' command is executed.
13:44:53 INFO  : 'ps7_post_config' command is executed.
13:44:53 INFO  : Context for processor 'ps7_cortexa9_0' is selected.
13:44:53 INFO  : Processor reset is completed for 'ps7_cortexa9_0'.
13:44:53 INFO  : Context for processor 'ps7_cortexa9_0' is selected.
13:44:53 INFO  : The application 'C:/FPGA/PS_FreeRTOS/PS_FreeRTOS.sdk/PS_GPIO_FreeRTOS/Debug/PS_GPIO_FreeRTOS.elf' is downloaded to processor 'ps7_cortexa9_0'.
13:44:53 INFO  : 'configparams force-mem-access 0' command is executed.
13:44:53 INFO  : ----------------XSDB Script----------------
connect -url tcp:127.0.0.1:3121
source C:/FPGA/PS_FreeRTOS/PS_FreeRTOS.sdk/design_1_wrapper_hw_platform_0/ps7_init.tcl
targets -set -filter {jtag_cable_name =~ "Avnet MiniZed V1 1234-oj1A" && level==0} -index 1
fpga -file C:/FPGA/PS_FreeRTOS/PS_FreeRTOS.sdk/design_1_wrapper_hw_platform_0/design_1_wrapper.bit
targets -set -nocase -filter {name =~"APU*" && jtag_cable_name =~ "Avnet MiniZed V1 1234-oj1A"} -index 0
loadhw -hw C:/FPGA/PS_FreeRTOS/PS_FreeRTOS.sdk/design_1_wrapper_hw_platform_0/system.hdf -mem-ranges [list {0x40000000 0xbfffffff}]
configparams force-mem-access 1
targets -set -nocase -filter {name =~"APU*" && jtag_cable_name =~ "Avnet MiniZed V1 1234-oj1A"} -index 0
stop
ps7_init
ps7_post_config
targets -set -nocase -filter {name =~ "ARM*#0" && jtag_cable_name =~ "Avnet MiniZed V1 1234-oj1A"} -index 0
rst -processor
targets -set -nocase -filter {name =~ "ARM*#0" && jtag_cable_name =~ "Avnet MiniZed V1 1234-oj1A"} -index 0
dow C:/FPGA/PS_FreeRTOS/PS_FreeRTOS.sdk/PS_GPIO_FreeRTOS/Debug/PS_GPIO_FreeRTOS.elf
configparams force-mem-access 0
----------------End of Script----------------

13:44:53 INFO  : Memory regions updated for context APU
13:44:53 INFO  : Context for processor 'ps7_cortexa9_0' is selected.
13:44:53 INFO  : 'con' command is executed.
13:44:53 INFO  : ----------------XSDB Script (After Launch)----------------
targets -set -nocase -filter {name =~ "ARM*#0" && jtag_cable_name =~ "Avnet MiniZed V1 1234-oj1A"} -index 0
con
----------------End of Script----------------

13:44:53 INFO  : Launch script is exported to file 'C:\FPGA\PS_FreeRTOS\PS_FreeRTOS.sdk\.sdk\launch_scripts\xilinx_c-c++_application_(system_debugger)\system_debugger_using_debug_ps_gpio_freertos.elf_on_local.tcl'
13:46:21 INFO  : Disconnected from the channel tcfchan#4.
13:46:22 INFO  : Connected to target on host '127.0.0.1' and port '3121'.
13:46:22 INFO  : Jtag cable 'Avnet MiniZed V1 1234-oj1A' is selected.
13:46:22 INFO  : 'jtag frequency' command is executed.
13:46:23 INFO  : Sourcing of 'C:/FPGA/PS_FreeRTOS/PS_FreeRTOS.sdk/design_1_wrapper_hw_platform_0/ps7_init.tcl' is done.
13:46:23 INFO  : 'targets -set -filter {jtag_cable_name =~ "Avnet MiniZed V1 1234-oj1A" && level==0} -index 1' command is executed.
13:46:24 INFO  : FPGA configured successfully with bitstream "C:/FPGA/PS_FreeRTOS/PS_FreeRTOS.sdk/design_1_wrapper_hw_platform_0/design_1_wrapper.bit"
13:46:24 INFO  : Context for 'APU' is selected.
13:46:26 INFO  : Hardware design information is loaded from 'C:/FPGA/PS_FreeRTOS/PS_FreeRTOS.sdk/design_1_wrapper_hw_platform_0/system.hdf'.
13:46:26 INFO  : 'configparams force-mem-access 1' command is executed.
13:46:26 INFO  : Context for 'APU' is selected.
13:46:26 INFO  : 'stop' command is executed.
13:46:26 INFO  : 'ps7_init' command is executed.
13:46:26 INFO  : 'ps7_post_config' command is executed.
13:46:26 INFO  : Context for processor 'ps7_cortexa9_0' is selected.
13:46:26 INFO  : Processor reset is completed for 'ps7_cortexa9_0'.
13:46:26 INFO  : Context for processor 'ps7_cortexa9_0' is selected.
13:46:27 INFO  : The application 'C:/FPGA/PS_FreeRTOS/PS_FreeRTOS.sdk/PS_GPIO_FreeRTOS/Debug/PS_GPIO_FreeRTOS.elf' is downloaded to processor 'ps7_cortexa9_0'.
13:46:27 INFO  : 'configparams force-mem-access 0' command is executed.
13:46:27 INFO  : ----------------XSDB Script----------------
connect -url tcp:127.0.0.1:3121
source C:/FPGA/PS_FreeRTOS/PS_FreeRTOS.sdk/design_1_wrapper_hw_platform_0/ps7_init.tcl
targets -set -filter {jtag_cable_name =~ "Avnet MiniZed V1 1234-oj1A" && level==0} -index 1
fpga -file C:/FPGA/PS_FreeRTOS/PS_FreeRTOS.sdk/design_1_wrapper_hw_platform_0/design_1_wrapper.bit
targets -set -nocase -filter {name =~"APU*" && jtag_cable_name =~ "Avnet MiniZed V1 1234-oj1A"} -index 0
loadhw -hw C:/FPGA/PS_FreeRTOS/PS_FreeRTOS.sdk/design_1_wrapper_hw_platform_0/system.hdf -mem-ranges [list {0x40000000 0xbfffffff}]
configparams force-mem-access 1
targets -set -nocase -filter {name =~"APU*" && jtag_cable_name =~ "Avnet MiniZed V1 1234-oj1A"} -index 0
stop
ps7_init
ps7_post_config
targets -set -nocase -filter {name =~ "ARM*#0" && jtag_cable_name =~ "Avnet MiniZed V1 1234-oj1A"} -index 0
rst -processor
targets -set -nocase -filter {name =~ "ARM*#0" && jtag_cable_name =~ "Avnet MiniZed V1 1234-oj1A"} -index 0
dow C:/FPGA/PS_FreeRTOS/PS_FreeRTOS.sdk/PS_GPIO_FreeRTOS/Debug/PS_GPIO_FreeRTOS.elf
configparams force-mem-access 0
----------------End of Script----------------

13:46:27 INFO  : Memory regions updated for context APU
13:46:27 INFO  : Context for processor 'ps7_cortexa9_0' is selected.
13:46:27 INFO  : 'con' command is executed.
13:46:27 INFO  : ----------------XSDB Script (After Launch)----------------
targets -set -nocase -filter {name =~ "ARM*#0" && jtag_cable_name =~ "Avnet MiniZed V1 1234-oj1A"} -index 0
con
----------------End of Script----------------

13:46:27 INFO  : Launch script is exported to file 'C:\FPGA\PS_FreeRTOS\PS_FreeRTOS.sdk\.sdk\launch_scripts\xilinx_c-c++_application_(system_debugger)\system_debugger_using_debug_ps_gpio_freertos.elf_on_local.tcl'
13:47:07 INFO  : Disconnected from the channel tcfchan#5.
13:47:08 INFO  : Connected to target on host '127.0.0.1' and port '3121'.
13:47:08 INFO  : Jtag cable 'Avnet MiniZed V1 1234-oj1A' is selected.
13:47:08 INFO  : 'jtag frequency' command is executed.
13:47:08 INFO  : Sourcing of 'C:/FPGA/PS_FreeRTOS/PS_FreeRTOS.sdk/design_1_wrapper_hw_platform_0/ps7_init.tcl' is done.
13:47:08 INFO  : 'targets -set -filter {jtag_cable_name =~ "Avnet MiniZed V1 1234-oj1A" && level==0} -index 1' command is executed.
13:47:09 INFO  : FPGA configured successfully with bitstream "C:/FPGA/PS_FreeRTOS/PS_FreeRTOS.sdk/design_1_wrapper_hw_platform_0/design_1_wrapper.bit"
13:47:09 INFO  : Context for 'APU' is selected.
13:47:11 INFO  : Hardware design information is loaded from 'C:/FPGA/PS_FreeRTOS/PS_FreeRTOS.sdk/design_1_wrapper_hw_platform_0/system.hdf'.
13:47:11 INFO  : 'configparams force-mem-access 1' command is executed.
13:47:11 INFO  : Context for 'APU' is selected.
13:47:11 INFO  : 'stop' command is executed.
13:47:12 INFO  : 'ps7_init' command is executed.
13:47:12 INFO  : 'ps7_post_config' command is executed.
13:47:12 INFO  : Context for processor 'ps7_cortexa9_0' is selected.
13:47:12 INFO  : Processor reset is completed for 'ps7_cortexa9_0'.
13:47:12 INFO  : Context for processor 'ps7_cortexa9_0' is selected.
13:47:12 INFO  : The application 'C:/FPGA/PS_FreeRTOS/PS_FreeRTOS.sdk/PS_GPIO_FreeRTOS/Debug/PS_GPIO_FreeRTOS.elf' is downloaded to processor 'ps7_cortexa9_0'.
13:47:12 INFO  : 'configparams force-mem-access 0' command is executed.
13:47:12 INFO  : ----------------XSDB Script----------------
connect -url tcp:127.0.0.1:3121
source C:/FPGA/PS_FreeRTOS/PS_FreeRTOS.sdk/design_1_wrapper_hw_platform_0/ps7_init.tcl
targets -set -filter {jtag_cable_name =~ "Avnet MiniZed V1 1234-oj1A" && level==0} -index 1
fpga -file C:/FPGA/PS_FreeRTOS/PS_FreeRTOS.sdk/design_1_wrapper_hw_platform_0/design_1_wrapper.bit
targets -set -nocase -filter {name =~"APU*" && jtag_cable_name =~ "Avnet MiniZed V1 1234-oj1A"} -index 0
loadhw -hw C:/FPGA/PS_FreeRTOS/PS_FreeRTOS.sdk/design_1_wrapper_hw_platform_0/system.hdf -mem-ranges [list {0x40000000 0xbfffffff}]
configparams force-mem-access 1
targets -set -nocase -filter {name =~"APU*" && jtag_cable_name =~ "Avnet MiniZed V1 1234-oj1A"} -index 0
stop
ps7_init
ps7_post_config
targets -set -nocase -filter {name =~ "ARM*#0" && jtag_cable_name =~ "Avnet MiniZed V1 1234-oj1A"} -index 0
rst -processor
targets -set -nocase -filter {name =~ "ARM*#0" && jtag_cable_name =~ "Avnet MiniZed V1 1234-oj1A"} -index 0
dow C:/FPGA/PS_FreeRTOS/PS_FreeRTOS.sdk/PS_GPIO_FreeRTOS/Debug/PS_GPIO_FreeRTOS.elf
configparams force-mem-access 0
----------------End of Script----------------

13:47:12 INFO  : Memory regions updated for context APU
13:47:12 INFO  : Context for processor 'ps7_cortexa9_0' is selected.
13:47:12 INFO  : 'con' command is executed.
13:47:12 INFO  : ----------------XSDB Script (After Launch)----------------
targets -set -nocase -filter {name =~ "ARM*#0" && jtag_cable_name =~ "Avnet MiniZed V1 1234-oj1A"} -index 0
con
----------------End of Script----------------

13:47:12 INFO  : Launch script is exported to file 'C:\FPGA\PS_FreeRTOS\PS_FreeRTOS.sdk\.sdk\launch_scripts\xilinx_c-c++_application_(system_debugger)\system_debugger_using_debug_ps_gpio_freertos.elf_on_local.tcl'
13:53:28 INFO  : Disconnected from the channel tcfchan#6.
13:53:29 INFO  : Connected to target on host '127.0.0.1' and port '3121'.
13:53:30 INFO  : Jtag cable 'Avnet MiniZed V1 1234-oj1A' is selected.
13:53:30 INFO  : 'jtag frequency' command is executed.
13:53:30 INFO  : Sourcing of 'C:/FPGA/PS_FreeRTOS/PS_FreeRTOS.sdk/design_1_wrapper_hw_platform_0/ps7_init.tcl' is done.
13:53:30 INFO  : 'targets -set -filter {jtag_cable_name =~ "Avnet MiniZed V1 1234-oj1A" && level==0} -index 1' command is executed.
13:53:31 INFO  : FPGA configured successfully with bitstream "C:/FPGA/PS_FreeRTOS/PS_FreeRTOS.sdk/design_1_wrapper_hw_platform_0/design_1_wrapper.bit"
13:53:31 INFO  : Context for 'APU' is selected.
13:53:34 INFO  : Hardware design information is loaded from 'C:/FPGA/PS_FreeRTOS/PS_FreeRTOS.sdk/design_1_wrapper_hw_platform_0/system.hdf'.
13:53:34 INFO  : 'configparams force-mem-access 1' command is executed.
13:53:34 INFO  : Context for 'APU' is selected.
13:53:34 INFO  : 'stop' command is executed.
13:53:34 INFO  : 'ps7_init' command is executed.
13:53:34 INFO  : 'ps7_post_config' command is executed.
13:53:34 INFO  : Context for processor 'ps7_cortexa9_0' is selected.
13:53:34 INFO  : Processor reset is completed for 'ps7_cortexa9_0'.
13:53:34 INFO  : Context for processor 'ps7_cortexa9_0' is selected.
13:53:34 INFO  : The application 'C:/FPGA/PS_FreeRTOS/PS_FreeRTOS.sdk/PS_GPIO_FreeRTOS/Debug/PS_GPIO_FreeRTOS.elf' is downloaded to processor 'ps7_cortexa9_0'.
13:53:34 INFO  : 'configparams force-mem-access 0' command is executed.
13:53:34 INFO  : ----------------XSDB Script----------------
connect -url tcp:127.0.0.1:3121
source C:/FPGA/PS_FreeRTOS/PS_FreeRTOS.sdk/design_1_wrapper_hw_platform_0/ps7_init.tcl
targets -set -filter {jtag_cable_name =~ "Avnet MiniZed V1 1234-oj1A" && level==0} -index 1
fpga -file C:/FPGA/PS_FreeRTOS/PS_FreeRTOS.sdk/design_1_wrapper_hw_platform_0/design_1_wrapper.bit
targets -set -nocase -filter {name =~"APU*" && jtag_cable_name =~ "Avnet MiniZed V1 1234-oj1A"} -index 0
loadhw -hw C:/FPGA/PS_FreeRTOS/PS_FreeRTOS.sdk/design_1_wrapper_hw_platform_0/system.hdf -mem-ranges [list {0x40000000 0xbfffffff}]
configparams force-mem-access 1
targets -set -nocase -filter {name =~"APU*" && jtag_cable_name =~ "Avnet MiniZed V1 1234-oj1A"} -index 0
stop
ps7_init
ps7_post_config
targets -set -nocase -filter {name =~ "ARM*#0" && jtag_cable_name =~ "Avnet MiniZed V1 1234-oj1A"} -index 0
rst -processor
targets -set -nocase -filter {name =~ "ARM*#0" && jtag_cable_name =~ "Avnet MiniZed V1 1234-oj1A"} -index 0
dow C:/FPGA/PS_FreeRTOS/PS_FreeRTOS.sdk/PS_GPIO_FreeRTOS/Debug/PS_GPIO_FreeRTOS.elf
configparams force-mem-access 0
----------------End of Script----------------

13:53:34 INFO  : Memory regions updated for context APU
13:53:34 INFO  : Context for processor 'ps7_cortexa9_0' is selected.
13:53:35 INFO  : 'con' command is executed.
13:53:35 INFO  : ----------------XSDB Script (After Launch)----------------
targets -set -nocase -filter {name =~ "ARM*#0" && jtag_cable_name =~ "Avnet MiniZed V1 1234-oj1A"} -index 0
con
----------------End of Script----------------

13:53:35 INFO  : Launch script is exported to file 'C:\FPGA\PS_FreeRTOS\PS_FreeRTOS.sdk\.sdk\launch_scripts\xilinx_c-c++_application_(system_debugger)\system_debugger_using_debug_ps_gpio_freertos.elf_on_local.tcl'
13:54:24 INFO  : Disconnected from the channel tcfchan#7.
13:54:25 INFO  : Connected to target on host '127.0.0.1' and port '3121'.
13:54:26 INFO  : Jtag cable 'Avnet MiniZed V1 1234-oj1A' is selected.
13:54:26 INFO  : 'jtag frequency' command is executed.
13:54:26 INFO  : Sourcing of 'C:/FPGA/PS_FreeRTOS/PS_FreeRTOS.sdk/design_1_wrapper_hw_platform_0/ps7_init.tcl' is done.
13:54:26 INFO  : 'targets -set -filter {jtag_cable_name =~ "Avnet MiniZed V1 1234-oj1A" && level==0} -index 1' command is executed.
13:54:27 INFO  : FPGA configured successfully with bitstream "C:/FPGA/PS_FreeRTOS/PS_FreeRTOS.sdk/design_1_wrapper_hw_platform_0/design_1_wrapper.bit"
13:54:27 INFO  : Context for 'APU' is selected.
13:54:29 INFO  : Hardware design information is loaded from 'C:/FPGA/PS_FreeRTOS/PS_FreeRTOS.sdk/design_1_wrapper_hw_platform_0/system.hdf'.
13:54:30 INFO  : 'configparams force-mem-access 1' command is executed.
13:54:30 INFO  : Context for 'APU' is selected.
13:54:30 INFO  : 'stop' command is executed.
13:54:30 INFO  : 'ps7_init' command is executed.
13:54:30 INFO  : 'ps7_post_config' command is executed.
13:54:30 INFO  : Context for processor 'ps7_cortexa9_0' is selected.
13:54:30 INFO  : Processor reset is completed for 'ps7_cortexa9_0'.
13:54:30 INFO  : Context for processor 'ps7_cortexa9_0' is selected.
13:54:30 INFO  : The application 'C:/FPGA/PS_FreeRTOS/PS_FreeRTOS.sdk/PS_GPIO_FreeRTOS/Debug/PS_GPIO_FreeRTOS.elf' is downloaded to processor 'ps7_cortexa9_0'.
13:54:30 INFO  : 'configparams force-mem-access 0' command is executed.
13:54:30 INFO  : ----------------XSDB Script----------------
connect -url tcp:127.0.0.1:3121
source C:/FPGA/PS_FreeRTOS/PS_FreeRTOS.sdk/design_1_wrapper_hw_platform_0/ps7_init.tcl
targets -set -filter {jtag_cable_name =~ "Avnet MiniZed V1 1234-oj1A" && level==0} -index 1
fpga -file C:/FPGA/PS_FreeRTOS/PS_FreeRTOS.sdk/design_1_wrapper_hw_platform_0/design_1_wrapper.bit
targets -set -nocase -filter {name =~"APU*" && jtag_cable_name =~ "Avnet MiniZed V1 1234-oj1A"} -index 0
loadhw -hw C:/FPGA/PS_FreeRTOS/PS_FreeRTOS.sdk/design_1_wrapper_hw_platform_0/system.hdf -mem-ranges [list {0x40000000 0xbfffffff}]
configparams force-mem-access 1
targets -set -nocase -filter {name =~"APU*" && jtag_cable_name =~ "Avnet MiniZed V1 1234-oj1A"} -index 0
stop
ps7_init
ps7_post_config
targets -set -nocase -filter {name =~ "ARM*#0" && jtag_cable_name =~ "Avnet MiniZed V1 1234-oj1A"} -index 0
rst -processor
targets -set -nocase -filter {name =~ "ARM*#0" && jtag_cable_name =~ "Avnet MiniZed V1 1234-oj1A"} -index 0
dow C:/FPGA/PS_FreeRTOS/PS_FreeRTOS.sdk/PS_GPIO_FreeRTOS/Debug/PS_GPIO_FreeRTOS.elf
configparams force-mem-access 0
----------------End of Script----------------

13:54:30 INFO  : Memory regions updated for context APU
13:54:30 INFO  : Context for processor 'ps7_cortexa9_0' is selected.
13:54:30 INFO  : 'con' command is executed.
13:54:30 INFO  : ----------------XSDB Script (After Launch)----------------
targets -set -nocase -filter {name =~ "ARM*#0" && jtag_cable_name =~ "Avnet MiniZed V1 1234-oj1A"} -index 0
con
----------------End of Script----------------

13:54:30 INFO  : Launch script is exported to file 'C:\FPGA\PS_FreeRTOS\PS_FreeRTOS.sdk\.sdk\launch_scripts\xilinx_c-c++_application_(system_debugger)\system_debugger_using_debug_ps_gpio_freertos.elf_on_local.tcl'
13:55:18 INFO  : Disconnected from the channel tcfchan#8.
13:55:19 INFO  : Connected to target on host '127.0.0.1' and port '3121'.
13:55:20 INFO  : Jtag cable 'Avnet MiniZed V1 1234-oj1A' is selected.
13:55:20 INFO  : 'jtag frequency' command is executed.
13:55:20 INFO  : Sourcing of 'C:/FPGA/PS_FreeRTOS/PS_FreeRTOS.sdk/design_1_wrapper_hw_platform_0/ps7_init.tcl' is done.
13:55:20 INFO  : 'targets -set -filter {jtag_cable_name =~ "Avnet MiniZed V1 1234-oj1A" && level==0} -index 1' command is executed.
13:55:21 INFO  : FPGA configured successfully with bitstream "C:/FPGA/PS_FreeRTOS/PS_FreeRTOS.sdk/design_1_wrapper_hw_platform_0/design_1_wrapper.bit"
13:55:21 INFO  : Context for 'APU' is selected.
13:55:23 INFO  : Hardware design information is loaded from 'C:/FPGA/PS_FreeRTOS/PS_FreeRTOS.sdk/design_1_wrapper_hw_platform_0/system.hdf'.
13:55:23 INFO  : 'configparams force-mem-access 1' command is executed.
13:55:23 INFO  : Context for 'APU' is selected.
13:55:23 INFO  : 'stop' command is executed.
13:55:23 INFO  : 'ps7_init' command is executed.
13:55:23 INFO  : 'ps7_post_config' command is executed.
13:55:23 INFO  : Context for processor 'ps7_cortexa9_0' is selected.
13:55:24 INFO  : Processor reset is completed for 'ps7_cortexa9_0'.
13:55:24 INFO  : Context for processor 'ps7_cortexa9_0' is selected.
13:55:24 INFO  : The application 'C:/FPGA/PS_FreeRTOS/PS_FreeRTOS.sdk/PS_GPIO_FreeRTOS/Debug/PS_GPIO_FreeRTOS.elf' is downloaded to processor 'ps7_cortexa9_0'.
13:55:24 INFO  : 'configparams force-mem-access 0' command is executed.
13:55:24 INFO  : ----------------XSDB Script----------------
connect -url tcp:127.0.0.1:3121
source C:/FPGA/PS_FreeRTOS/PS_FreeRTOS.sdk/design_1_wrapper_hw_platform_0/ps7_init.tcl
targets -set -filter {jtag_cable_name =~ "Avnet MiniZed V1 1234-oj1A" && level==0} -index 1
fpga -file C:/FPGA/PS_FreeRTOS/PS_FreeRTOS.sdk/design_1_wrapper_hw_platform_0/design_1_wrapper.bit
targets -set -nocase -filter {name =~"APU*" && jtag_cable_name =~ "Avnet MiniZed V1 1234-oj1A"} -index 0
loadhw -hw C:/FPGA/PS_FreeRTOS/PS_FreeRTOS.sdk/design_1_wrapper_hw_platform_0/system.hdf -mem-ranges [list {0x40000000 0xbfffffff}]
configparams force-mem-access 1
targets -set -nocase -filter {name =~"APU*" && jtag_cable_name =~ "Avnet MiniZed V1 1234-oj1A"} -index 0
stop
ps7_init
ps7_post_config
targets -set -nocase -filter {name =~ "ARM*#0" && jtag_cable_name =~ "Avnet MiniZed V1 1234-oj1A"} -index 0
rst -processor
targets -set -nocase -filter {name =~ "ARM*#0" && jtag_cable_name =~ "Avnet MiniZed V1 1234-oj1A"} -index 0
dow C:/FPGA/PS_FreeRTOS/PS_FreeRTOS.sdk/PS_GPIO_FreeRTOS/Debug/PS_GPIO_FreeRTOS.elf
configparams force-mem-access 0
----------------End of Script----------------

13:55:24 INFO  : Memory regions updated for context APU
13:55:24 INFO  : Context for processor 'ps7_cortexa9_0' is selected.
13:55:24 INFO  : 'con' command is executed.
13:55:24 INFO  : ----------------XSDB Script (After Launch)----------------
targets -set -nocase -filter {name =~ "ARM*#0" && jtag_cable_name =~ "Avnet MiniZed V1 1234-oj1A"} -index 0
con
----------------End of Script----------------

13:55:24 INFO  : Launch script is exported to file 'C:\FPGA\PS_FreeRTOS\PS_FreeRTOS.sdk\.sdk\launch_scripts\xilinx_c-c++_application_(system_debugger)\system_debugger_using_debug_ps_gpio_freertos.elf_on_local.tcl'
14:02:17 INFO  : Disconnected from the channel tcfchan#9.
08:59:47 INFO  : Registering command handlers for SDK TCF services
08:59:49 INFO  : Launching XSCT server: xsct.bat -interactive C:\FPGA\PS_FreeRTOS\PS_FreeRTOS.sdk\temp_xsdb_launch_script.tcl
08:59:54 INFO  : XSCT server has started successfully.
08:59:59 INFO  : Successfully done setting XSCT server connection channel  
08:59:59 INFO  : Successfully done setting SDK workspace  
09:17:16 INFO  : Registering command handlers for SDK TCF services
09:17:18 INFO  : Launching XSCT server: xsct.bat -interactive C:\FPGA\PS_FreeRTOS\PS_FreeRTOS.sdk\temp_xsdb_launch_script.tcl
09:17:23 INFO  : XSCT server has started successfully.
09:17:23 INFO  : Successfully done setting XSCT server connection channel  
09:17:23 INFO  : Processing command line option -hwspec C:/FPGA/Segment2019/Segment2019.sdk/design_1_wrapper.hdf.
09:17:23 INFO  : Successfully done setting SDK workspace  
09:23:29 INFO  : Refreshed build settings on project Mutex
13:01:17 INFO  : Registering command handlers for SDK TCF services
13:01:20 INFO  : Launching XSCT server: xsct.bat -interactive C:\FPGA\PS_FreeRTOS\PS_FreeRTOS.sdk\temp_xsdb_launch_script.tcl
13:01:28 INFO  : XSCT server has started successfully.
13:01:34 INFO  : Successfully done setting XSCT server connection channel  
13:01:35 INFO  : Successfully done setting SDK workspace  
13:03:34 INFO  : Connected to target on host '127.0.0.1' and port '3121'.
13:03:34 INFO  : 'targets -set -filter {jtag_cable_name =~ "Avnet MiniZed V1 1234-oj1A" && level==0} -index 1' command is executed.
13:03:36 INFO  : FPGA configured successfully with bitstream "C:/FPGA/PS_FreeRTOS/PS_FreeRTOS.sdk/design_1_wrapper_hw_platform_0/design_1_wrapper.bit"
13:04:01 INFO  : 'targets -set -filter {jtag_cable_name =~ "Avnet MiniZed V1 1234-oj1A" && level==0} -index 1' command is executed.
13:04:01 INFO  : 'fpga -state' command is executed.
13:04:01 INFO  : Connected to target on host '127.0.0.1' and port '3121'.
13:04:01 INFO  : 'targets -set -filter {jtag_cable_name =~ "Avnet MiniZed V1 1234-oj1A" && level==0} -index 1' command is executed.
13:04:01 INFO  : 'fpga -state' command is executed.
13:04:01 INFO  : Connected to target on host '127.0.0.1' and port '3121'.
13:04:02 INFO  : Jtag cable 'Avnet MiniZed V1 1234-oj1A' is selected.
13:04:02 INFO  : 'jtag frequency' command is executed.
13:04:02 INFO  : Sourcing of 'C:/FPGA/PS_FreeRTOS/PS_FreeRTOS.sdk/design_1_wrapper_hw_platform_0/ps7_init.tcl' is done.
13:04:02 INFO  : Context for 'APU' is selected.
13:04:02 INFO  : Hardware design information is loaded from 'C:/FPGA/PS_FreeRTOS/PS_FreeRTOS.sdk/design_1_wrapper_hw_platform_0/system.hdf'.
13:04:02 INFO  : 'configparams force-mem-access 1' command is executed.
13:04:02 INFO  : Context for 'APU' is selected.
13:04:02 INFO  : 'stop' command is executed.
13:04:03 INFO  : 'ps7_init' command is executed.
13:04:03 INFO  : 'ps7_post_config' command is executed.
13:04:03 INFO  : Context for processor 'ps7_cortexa9_0' is selected.
13:04:03 INFO  : Processor reset is completed for 'ps7_cortexa9_0'.
13:04:04 INFO  : Context for processor 'ps7_cortexa9_0' is selected.
13:04:04 INFO  : Jtag cable 'Avnet MiniZed V1 1234-oj1A' is selected.
13:04:04 INFO  : 'targets -set -filter {jtag_cable_name =~ "Avnet MiniZed V1 1234-oj1A" && level==0} -index 1' command is executed.
13:04:04 ERROR : Code 16 Time 1571742244196 Format {Invalid context}
13:04:04 INFO  : ----------------XSDB Script----------------
connect -url tcp:127.0.0.1:3121
source C:/FPGA/PS_FreeRTOS/PS_FreeRTOS.sdk/design_1_wrapper_hw_platform_0/ps7_init.tcl
targets -set -nocase -filter {name =~"APU*" && jtag_cable_name =~ "Avnet MiniZed V1 1234-oj1A"} -index 0
loadhw -hw C:/FPGA/PS_FreeRTOS/PS_FreeRTOS.sdk/design_1_wrapper_hw_platform_0/system.hdf -mem-ranges [list {0x40000000 0xbfffffff}]
configparams force-mem-access 1
targets -set -nocase -filter {name =~"APU*" && jtag_cable_name =~ "Avnet MiniZed V1 1234-oj1A"} -index 0
stop
ps7_init
ps7_post_config
targets -set -nocase -filter {name =~ "ARM*#0" && jtag_cable_name =~ "Avnet MiniZed V1 1234-oj1A"} -index 0
rst -processor
targets -set -nocase -filter {name =~ "ARM*#0" && jtag_cable_name =~ "Avnet MiniZed V1 1234-oj1A"} -index 0
dow C:/FPGA/PS_FreeRTOS/PS_FreeRTOS.sdk/Mutex/Debug/Mutex.elf
----------------End of Script----------------

13:04:04 INFO  : 'jtag frequency' command is executed.
13:04:04 INFO  : 'fpga -state' command is executed.
13:04:04 INFO  : Sourcing of 'C:/FPGA/PS_FreeRTOS/PS_FreeRTOS.sdk/design_1_wrapper_hw_platform_0/ps7_init.tcl' is done.
13:04:04 INFO  : Connected to target on host '127.0.0.1' and port '3121'.
13:04:04 INFO  : Context for 'APU' is selected.
13:04:04 INFO  : Hardware design information is loaded from 'C:/FPGA/PS_FreeRTOS/PS_FreeRTOS.sdk/design_1_wrapper_hw_platform_0/system.hdf'.
13:04:04 INFO  : 'configparams force-mem-access 1' command is executed.
13:04:04 INFO  : Context for 'APU' is selected.
13:04:04 INFO  : 'stop' command is executed.
13:04:05 INFO  : 'ps7_init' command is executed.
13:04:05 INFO  : 'ps7_post_config' command is executed.
13:04:05 INFO  : Context for processor 'ps7_cortexa9_0' is selected.
13:04:05 INFO  : Processor reset is completed for 'ps7_cortexa9_0'.
13:04:05 INFO  : Context for processor 'ps7_cortexa9_0' is selected.
13:04:06 INFO  : The application 'C:/FPGA/PS_FreeRTOS/PS_FreeRTOS.sdk/Mutex/Debug/Mutex.elf' is downloaded to processor 'ps7_cortexa9_0'.
13:04:06 INFO  : 'configparams force-mem-access 0' command is executed.
13:04:06 INFO  : ----------------XSDB Script----------------
connect -url tcp:127.0.0.1:3121
source C:/FPGA/PS_FreeRTOS/PS_FreeRTOS.sdk/design_1_wrapper_hw_platform_0/ps7_init.tcl
targets -set -nocase -filter {name =~"APU*" && jtag_cable_name =~ "Avnet MiniZed V1 1234-oj1A"} -index 0
loadhw -hw C:/FPGA/PS_FreeRTOS/PS_FreeRTOS.sdk/design_1_wrapper_hw_platform_0/system.hdf -mem-ranges [list {0x40000000 0xbfffffff}]
configparams force-mem-access 1
targets -set -nocase -filter {name =~"APU*" && jtag_cable_name =~ "Avnet MiniZed V1 1234-oj1A"} -index 0
stop
ps7_init
ps7_post_config
targets -set -nocase -filter {name =~ "ARM*#0" && jtag_cable_name =~ "Avnet MiniZed V1 1234-oj1A"} -index 0
rst -processor
targets -set -nocase -filter {name =~ "ARM*#0" && jtag_cable_name =~ "Avnet MiniZed V1 1234-oj1A"} -index 0
dow C:/FPGA/PS_FreeRTOS/PS_FreeRTOS.sdk/Mutex/Debug/Mutex.elf
configparams force-mem-access 0
----------------End of Script----------------

13:04:06 INFO  : Memory regions updated for context APU
13:04:06 INFO  : Context for processor 'ps7_cortexa9_0' is selected.
13:04:06 INFO  : 'con' command is executed.
13:04:06 INFO  : ----------------XSDB Script (After Launch)----------------
targets -set -nocase -filter {name =~ "ARM*#0" && jtag_cable_name =~ "Avnet MiniZed V1 1234-oj1A"} -index 0
con
----------------End of Script----------------

13:04:06 INFO  : Launch script is exported to file 'C:\FPGA\PS_FreeRTOS\PS_FreeRTOS.sdk\.sdk\launch_scripts\xilinx_c-c++_application_(system_debugger)\system_debugger_using_debug_mutex.elf_on_local.tcl'
13:04:06 INFO  : Jtag cable 'Avnet MiniZed V1 1234-oj1A' is selected.
13:04:06 INFO  : 'jtag frequency' command is executed.
13:04:06 INFO  : Sourcing of 'C:/FPGA/PS_FreeRTOS/PS_FreeRTOS.sdk/design_1_wrapper_hw_platform_0/ps7_init.tcl' is done.
13:04:06 INFO  : Context for 'APU' is selected.
13:04:06 INFO  : Hardware design information is loaded from 'C:/FPGA/PS_FreeRTOS/PS_FreeRTOS.sdk/design_1_wrapper_hw_platform_0/system.hdf'.
13:04:06 INFO  : 'configparams force-mem-access 1' command is executed.
13:04:07 INFO  : Context for 'APU' is selected.
13:04:07 INFO  : 'stop' command is executed.
13:04:07 INFO  : 'ps7_init' command is executed.
13:04:07 INFO  : 'ps7_post_config' command is executed.
13:04:07 INFO  : Context for processor 'ps7_cortexa9_0' is selected.
13:04:08 INFO  : Processor reset is completed for 'ps7_cortexa9_0'.
13:04:08 INFO  : Context for processor 'ps7_cortexa9_0' is selected.
13:04:08 INFO  : The application 'C:/FPGA/PS_FreeRTOS/PS_FreeRTOS.sdk/Mutex/Debug/Mutex.elf' is downloaded to processor 'ps7_cortexa9_0'.
13:04:08 INFO  : 'configparams force-mem-access 0' command is executed.
13:04:08 INFO  : ----------------XSDB Script----------------
connect -url tcp:127.0.0.1:3121
source C:/FPGA/PS_FreeRTOS/PS_FreeRTOS.sdk/design_1_wrapper_hw_platform_0/ps7_init.tcl
targets -set -nocase -filter {name =~"APU*" && jtag_cable_name =~ "Avnet MiniZed V1 1234-oj1A"} -index 0
loadhw -hw C:/FPGA/PS_FreeRTOS/PS_FreeRTOS.sdk/design_1_wrapper_hw_platform_0/system.hdf -mem-ranges [list {0x40000000 0xbfffffff}]
configparams force-mem-access 1
targets -set -nocase -filter {name =~"APU*" && jtag_cable_name =~ "Avnet MiniZed V1 1234-oj1A"} -index 0
stop
ps7_init
ps7_post_config
targets -set -nocase -filter {name =~ "ARM*#0" && jtag_cable_name =~ "Avnet MiniZed V1 1234-oj1A"} -index 0
rst -processor
targets -set -nocase -filter {name =~ "ARM*#0" && jtag_cable_name =~ "Avnet MiniZed V1 1234-oj1A"} -index 0
dow C:/FPGA/PS_FreeRTOS/PS_FreeRTOS.sdk/Mutex/Debug/Mutex.elf
configparams force-mem-access 0
----------------End of Script----------------

13:04:08 INFO  : Memory regions updated for context APU
13:04:08 INFO  : Context for processor 'ps7_cortexa9_0' is selected.
13:04:09 INFO  : 'con' command is executed.
13:04:09 INFO  : ----------------XSDB Script (After Launch)----------------
targets -set -nocase -filter {name =~ "ARM*#0" && jtag_cable_name =~ "Avnet MiniZed V1 1234-oj1A"} -index 0
con
----------------End of Script----------------

13:04:09 INFO  : Launch script is exported to file 'C:\FPGA\PS_FreeRTOS\PS_FreeRTOS.sdk\.sdk\launch_scripts\xilinx_c-c++_application_(system_debugger)\system_debugger_using_debug_mutex.elf_on_local.tcl'
13:06:12 INFO  : Disconnected from the channel tcfchan#1.
13:08:51 INFO  : Refreshed build settings on project Semaphore
13:26:26 INFO  : Refreshed build settings on project FreeRTOS_Timers
14:23:30 INFO  : Connected to target on host '127.0.0.1' and port '3121'.
14:23:31 INFO  : 'targets -set -filter {jtag_cable_name =~ "Avnet MiniZed V1 1234-oj1A" && level==0} -index 1' command is executed.
14:23:32 INFO  : FPGA configured successfully with bitstream "C:/FPGA/PS_FreeRTOS/PS_FreeRTOS.sdk/design_1_wrapper_hw_platform_0/design_1_wrapper.bit"
14:23:39 INFO  : 'targets -set -filter {jtag_cable_name =~ "Avnet MiniZed V1 1234-oj1A" && level==0} -index 1' command is executed.
14:23:39 INFO  : 'fpga -state' command is executed.
14:23:39 INFO  : Connected to target on host '127.0.0.1' and port '3121'.
14:23:39 INFO  : Jtag cable 'Avnet MiniZed V1 1234-oj1A' is selected.
14:23:39 INFO  : 'jtag frequency' command is executed.
14:23:39 INFO  : Sourcing of 'C:/FPGA/PS_FreeRTOS/PS_FreeRTOS.sdk/design_1_wrapper_hw_platform_0/ps7_init.tcl' is done.
14:23:39 INFO  : Context for 'APU' is selected.
14:23:39 INFO  : Hardware design information is loaded from 'C:/FPGA/PS_FreeRTOS/PS_FreeRTOS.sdk/design_1_wrapper_hw_platform_0/system.hdf'.
14:23:39 INFO  : 'configparams force-mem-access 1' command is executed.
14:23:39 INFO  : Context for 'APU' is selected.
14:23:39 INFO  : 'stop' command is executed.
14:23:40 INFO  : 'ps7_init' command is executed.
14:23:40 INFO  : 'ps7_post_config' command is executed.
14:23:40 INFO  : Context for processor 'ps7_cortexa9_0' is selected.
14:23:40 INFO  : Processor reset is completed for 'ps7_cortexa9_0'.
14:23:40 INFO  : Context for processor 'ps7_cortexa9_0' is selected.
14:23:40 INFO  : The application 'C:/FPGA/PS_FreeRTOS/PS_FreeRTOS.sdk/Mutex/Debug/Mutex.elf' is downloaded to processor 'ps7_cortexa9_0'.
14:23:40 INFO  : 'configparams force-mem-access 0' command is executed.
14:23:40 INFO  : ----------------XSDB Script----------------
connect -url tcp:127.0.0.1:3121
source C:/FPGA/PS_FreeRTOS/PS_FreeRTOS.sdk/design_1_wrapper_hw_platform_0/ps7_init.tcl
targets -set -nocase -filter {name =~"APU*" && jtag_cable_name =~ "Avnet MiniZed V1 1234-oj1A"} -index 0
loadhw -hw C:/FPGA/PS_FreeRTOS/PS_FreeRTOS.sdk/design_1_wrapper_hw_platform_0/system.hdf -mem-ranges [list {0x40000000 0xbfffffff}]
configparams force-mem-access 1
targets -set -nocase -filter {name =~"APU*" && jtag_cable_name =~ "Avnet MiniZed V1 1234-oj1A"} -index 0
stop
ps7_init
ps7_post_config
targets -set -nocase -filter {name =~ "ARM*#0" && jtag_cable_name =~ "Avnet MiniZed V1 1234-oj1A"} -index 0
rst -processor
targets -set -nocase -filter {name =~ "ARM*#0" && jtag_cable_name =~ "Avnet MiniZed V1 1234-oj1A"} -index 0
dow C:/FPGA/PS_FreeRTOS/PS_FreeRTOS.sdk/Mutex/Debug/Mutex.elf
configparams force-mem-access 0
----------------End of Script----------------

14:23:40 INFO  : Memory regions updated for context APU
14:23:40 INFO  : Context for processor 'ps7_cortexa9_0' is selected.
14:23:40 INFO  : 'con' command is executed.
14:23:40 INFO  : ----------------XSDB Script (After Launch)----------------
targets -set -nocase -filter {name =~ "ARM*#0" && jtag_cable_name =~ "Avnet MiniZed V1 1234-oj1A"} -index 0
con
----------------End of Script----------------

14:23:40 INFO  : Launch script is exported to file 'C:\FPGA\PS_FreeRTOS\PS_FreeRTOS.sdk\.sdk\launch_scripts\xilinx_c-c++_application_(system_debugger)\system_debugger_using_debug_mutex.elf_on_local.tcl'
14:24:27 INFO  : Disconnected from the channel tcfchan#2.
14:24:28 INFO  : 'targets -set -filter {jtag_cable_name =~ "Avnet MiniZed V1 1234-oj1A" && level==0} -index 1' command is executed.
14:24:28 INFO  : 'fpga -state' command is executed.
14:24:28 INFO  : Connected to target on host '127.0.0.1' and port '3121'.
14:24:29 INFO  : Jtag cable 'Avnet MiniZed V1 1234-oj1A' is selected.
14:24:29 INFO  : 'jtag frequency' command is executed.
14:24:29 INFO  : Sourcing of 'C:/FPGA/PS_FreeRTOS/PS_FreeRTOS.sdk/design_1_wrapper_hw_platform_0/ps7_init.tcl' is done.
14:24:29 INFO  : Context for 'APU' is selected.
14:24:29 INFO  : Hardware design information is loaded from 'C:/FPGA/PS_FreeRTOS/PS_FreeRTOS.sdk/design_1_wrapper_hw_platform_0/system.hdf'.
14:24:29 INFO  : 'configparams force-mem-access 1' command is executed.
14:24:29 INFO  : Context for 'APU' is selected.
14:24:29 INFO  : 'stop' command is executed.
14:24:29 INFO  : 'ps7_init' command is executed.
14:24:29 INFO  : 'ps7_post_config' command is executed.
14:24:29 INFO  : Context for processor 'ps7_cortexa9_0' is selected.
14:24:29 INFO  : Processor reset is completed for 'ps7_cortexa9_0'.
14:24:30 INFO  : Context for processor 'ps7_cortexa9_0' is selected.
14:24:30 INFO  : The application 'C:/FPGA/PS_FreeRTOS/PS_FreeRTOS.sdk/Mutex/Debug/Mutex.elf' is downloaded to processor 'ps7_cortexa9_0'.
14:24:30 INFO  : 'configparams force-mem-access 0' command is executed.
14:24:30 INFO  : ----------------XSDB Script----------------
connect -url tcp:127.0.0.1:3121
source C:/FPGA/PS_FreeRTOS/PS_FreeRTOS.sdk/design_1_wrapper_hw_platform_0/ps7_init.tcl
targets -set -nocase -filter {name =~"APU*" && jtag_cable_name =~ "Avnet MiniZed V1 1234-oj1A"} -index 0
loadhw -hw C:/FPGA/PS_FreeRTOS/PS_FreeRTOS.sdk/design_1_wrapper_hw_platform_0/system.hdf -mem-ranges [list {0x40000000 0xbfffffff}]
configparams force-mem-access 1
targets -set -nocase -filter {name =~"APU*" && jtag_cable_name =~ "Avnet MiniZed V1 1234-oj1A"} -index 0
stop
ps7_init
ps7_post_config
targets -set -nocase -filter {name =~ "ARM*#0" && jtag_cable_name =~ "Avnet MiniZed V1 1234-oj1A"} -index 0
rst -processor
targets -set -nocase -filter {name =~ "ARM*#0" && jtag_cable_name =~ "Avnet MiniZed V1 1234-oj1A"} -index 0
dow C:/FPGA/PS_FreeRTOS/PS_FreeRTOS.sdk/Mutex/Debug/Mutex.elf
configparams force-mem-access 0
----------------End of Script----------------

14:24:30 INFO  : Memory regions updated for context APU
14:24:30 INFO  : Context for processor 'ps7_cortexa9_0' is selected.
14:24:30 INFO  : 'con' command is executed.
14:24:30 INFO  : ----------------XSDB Script (After Launch)----------------
targets -set -nocase -filter {name =~ "ARM*#0" && jtag_cable_name =~ "Avnet MiniZed V1 1234-oj1A"} -index 0
con
----------------End of Script----------------

14:24:30 INFO  : Launch script is exported to file 'C:\FPGA\PS_FreeRTOS\PS_FreeRTOS.sdk\.sdk\launch_scripts\xilinx_c-c++_application_(system_debugger)\system_debugger_using_debug_mutex.elf_on_local.tcl'
14:24:50 INFO  : Disconnected from the channel tcfchan#3.
14:24:51 INFO  : 'targets -set -filter {jtag_cable_name =~ "Avnet MiniZed V1 1234-oj1A" && level==0} -index 1' command is executed.
14:24:51 INFO  : 'fpga -state' command is executed.
14:24:51 INFO  : Connected to target on host '127.0.0.1' and port '3121'.
14:24:51 INFO  : Jtag cable 'Avnet MiniZed V1 1234-oj1A' is selected.
14:24:51 INFO  : 'jtag frequency' command is executed.
14:24:51 INFO  : Sourcing of 'C:/FPGA/PS_FreeRTOS/PS_FreeRTOS.sdk/design_1_wrapper_hw_platform_0/ps7_init.tcl' is done.
14:24:52 INFO  : Context for 'APU' is selected.
14:24:52 INFO  : Hardware design information is loaded from 'C:/FPGA/PS_FreeRTOS/PS_FreeRTOS.sdk/design_1_wrapper_hw_platform_0/system.hdf'.
14:24:52 INFO  : 'configparams force-mem-access 1' command is executed.
14:24:52 INFO  : Context for 'APU' is selected.
14:24:52 INFO  : 'stop' command is executed.
14:24:52 INFO  : 'ps7_init' command is executed.
14:24:52 INFO  : 'ps7_post_config' command is executed.
14:24:52 INFO  : Context for processor 'ps7_cortexa9_0' is selected.
14:24:52 INFO  : Processor reset is completed for 'ps7_cortexa9_0'.
14:24:52 INFO  : Context for processor 'ps7_cortexa9_0' is selected.
14:24:52 INFO  : The application 'C:/FPGA/PS_FreeRTOS/PS_FreeRTOS.sdk/Mutex/Debug/Mutex.elf' is downloaded to processor 'ps7_cortexa9_0'.
14:24:52 INFO  : 'configparams force-mem-access 0' command is executed.
14:24:52 INFO  : ----------------XSDB Script----------------
connect -url tcp:127.0.0.1:3121
source C:/FPGA/PS_FreeRTOS/PS_FreeRTOS.sdk/design_1_wrapper_hw_platform_0/ps7_init.tcl
targets -set -nocase -filter {name =~"APU*" && jtag_cable_name =~ "Avnet MiniZed V1 1234-oj1A"} -index 0
loadhw -hw C:/FPGA/PS_FreeRTOS/PS_FreeRTOS.sdk/design_1_wrapper_hw_platform_0/system.hdf -mem-ranges [list {0x40000000 0xbfffffff}]
configparams force-mem-access 1
targets -set -nocase -filter {name =~"APU*" && jtag_cable_name =~ "Avnet MiniZed V1 1234-oj1A"} -index 0
stop
ps7_init
ps7_post_config
targets -set -nocase -filter {name =~ "ARM*#0" && jtag_cable_name =~ "Avnet MiniZed V1 1234-oj1A"} -index 0
rst -processor
targets -set -nocase -filter {name =~ "ARM*#0" && jtag_cable_name =~ "Avnet MiniZed V1 1234-oj1A"} -index 0
dow C:/FPGA/PS_FreeRTOS/PS_FreeRTOS.sdk/Mutex/Debug/Mutex.elf
configparams force-mem-access 0
----------------End of Script----------------

14:24:52 INFO  : Memory regions updated for context APU
14:24:53 INFO  : Context for processor 'ps7_cortexa9_0' is selected.
14:24:53 INFO  : 'con' command is executed.
14:24:53 INFO  : ----------------XSDB Script (After Launch)----------------
targets -set -nocase -filter {name =~ "ARM*#0" && jtag_cable_name =~ "Avnet MiniZed V1 1234-oj1A"} -index 0
con
----------------End of Script----------------

14:24:53 INFO  : Launch script is exported to file 'C:\FPGA\PS_FreeRTOS\PS_FreeRTOS.sdk\.sdk\launch_scripts\xilinx_c-c++_application_(system_debugger)\system_debugger_using_debug_mutex.elf_on_local.tcl'
14:24:57 INFO  : Disconnected from the channel tcfchan#4.
14:24:59 INFO  : 'targets -set -filter {jtag_cable_name =~ "Avnet MiniZed V1 1234-oj1A" && level==0} -index 1' command is executed.
14:24:59 INFO  : 'fpga -state' command is executed.
14:24:59 INFO  : Connected to target on host '127.0.0.1' and port '3121'.
14:24:59 INFO  : Jtag cable 'Avnet MiniZed V1 1234-oj1A' is selected.
14:24:59 INFO  : 'jtag frequency' command is executed.
14:24:59 INFO  : Sourcing of 'C:/FPGA/PS_FreeRTOS/PS_FreeRTOS.sdk/design_1_wrapper_hw_platform_0/ps7_init.tcl' is done.
14:24:59 INFO  : Context for 'APU' is selected.
14:24:59 INFO  : Hardware design information is loaded from 'C:/FPGA/PS_FreeRTOS/PS_FreeRTOS.sdk/design_1_wrapper_hw_platform_0/system.hdf'.
14:24:59 INFO  : 'configparams force-mem-access 1' command is executed.
14:24:59 INFO  : Context for 'APU' is selected.
14:24:59 INFO  : 'stop' command is executed.
14:25:00 INFO  : 'ps7_init' command is executed.
14:25:00 INFO  : 'ps7_post_config' command is executed.
14:25:00 INFO  : Context for processor 'ps7_cortexa9_0' is selected.
14:25:00 INFO  : Processor reset is completed for 'ps7_cortexa9_0'.
14:25:00 INFO  : Context for processor 'ps7_cortexa9_0' is selected.
14:25:00 INFO  : The application 'C:/FPGA/PS_FreeRTOS/PS_FreeRTOS.sdk/Mutex/Debug/Mutex.elf' is downloaded to processor 'ps7_cortexa9_0'.
14:25:00 INFO  : 'configparams force-mem-access 0' command is executed.
14:25:00 INFO  : ----------------XSDB Script----------------
connect -url tcp:127.0.0.1:3121
source C:/FPGA/PS_FreeRTOS/PS_FreeRTOS.sdk/design_1_wrapper_hw_platform_0/ps7_init.tcl
targets -set -nocase -filter {name =~"APU*" && jtag_cable_name =~ "Avnet MiniZed V1 1234-oj1A"} -index 0
loadhw -hw C:/FPGA/PS_FreeRTOS/PS_FreeRTOS.sdk/design_1_wrapper_hw_platform_0/system.hdf -mem-ranges [list {0x40000000 0xbfffffff}]
configparams force-mem-access 1
targets -set -nocase -filter {name =~"APU*" && jtag_cable_name =~ "Avnet MiniZed V1 1234-oj1A"} -index 0
stop
ps7_init
ps7_post_config
targets -set -nocase -filter {name =~ "ARM*#0" && jtag_cable_name =~ "Avnet MiniZed V1 1234-oj1A"} -index 0
rst -processor
targets -set -nocase -filter {name =~ "ARM*#0" && jtag_cable_name =~ "Avnet MiniZed V1 1234-oj1A"} -index 0
dow C:/FPGA/PS_FreeRTOS/PS_FreeRTOS.sdk/Mutex/Debug/Mutex.elf
configparams force-mem-access 0
----------------End of Script----------------

14:25:00 INFO  : Memory regions updated for context APU
14:25:00 INFO  : Context for processor 'ps7_cortexa9_0' is selected.
14:25:00 INFO  : 'con' command is executed.
14:25:00 INFO  : ----------------XSDB Script (After Launch)----------------
targets -set -nocase -filter {name =~ "ARM*#0" && jtag_cable_name =~ "Avnet MiniZed V1 1234-oj1A"} -index 0
con
----------------End of Script----------------

14:25:00 INFO  : Launch script is exported to file 'C:\FPGA\PS_FreeRTOS\PS_FreeRTOS.sdk\.sdk\launch_scripts\xilinx_c-c++_application_(system_debugger)\system_debugger_using_debug_mutex.elf_on_local.tcl'
14:25:52 INFO  : Disconnected from the channel tcfchan#5.
14:25:53 INFO  : 'targets -set -filter {jtag_cable_name =~ "Avnet MiniZed V1 1234-oj1A" && level==0} -index 1' command is executed.
14:25:53 INFO  : 'fpga -state' command is executed.
14:25:53 INFO  : Connected to target on host '127.0.0.1' and port '3121'.
14:25:53 INFO  : Jtag cable 'Avnet MiniZed V1 1234-oj1A' is selected.
14:25:53 INFO  : 'jtag frequency' command is executed.
14:25:53 INFO  : Sourcing of 'C:/FPGA/PS_FreeRTOS/PS_FreeRTOS.sdk/design_1_wrapper_hw_platform_0/ps7_init.tcl' is done.
14:25:53 INFO  : Context for 'APU' is selected.
14:25:53 INFO  : Hardware design information is loaded from 'C:/FPGA/PS_FreeRTOS/PS_FreeRTOS.sdk/design_1_wrapper_hw_platform_0/system.hdf'.
14:25:53 INFO  : 'configparams force-mem-access 1' command is executed.
14:25:54 INFO  : Context for 'APU' is selected.
14:25:54 INFO  : 'stop' command is executed.
14:25:54 INFO  : 'ps7_init' command is executed.
14:25:54 INFO  : 'ps7_post_config' command is executed.
14:25:54 INFO  : Context for processor 'ps7_cortexa9_0' is selected.
14:25:54 INFO  : Processor reset is completed for 'ps7_cortexa9_0'.
14:25:54 INFO  : Context for processor 'ps7_cortexa9_0' is selected.
14:25:54 INFO  : The application 'C:/FPGA/PS_FreeRTOS/PS_FreeRTOS.sdk/FreeRTOS_Timers/Debug/FreeRTOS_Timers.elf' is downloaded to processor 'ps7_cortexa9_0'.
14:25:54 INFO  : 'configparams force-mem-access 0' command is executed.
14:25:54 INFO  : ----------------XSDB Script----------------
connect -url tcp:127.0.0.1:3121
source C:/FPGA/PS_FreeRTOS/PS_FreeRTOS.sdk/design_1_wrapper_hw_platform_0/ps7_init.tcl
targets -set -nocase -filter {name =~"APU*" && jtag_cable_name =~ "Avnet MiniZed V1 1234-oj1A"} -index 0
loadhw -hw C:/FPGA/PS_FreeRTOS/PS_FreeRTOS.sdk/design_1_wrapper_hw_platform_0/system.hdf -mem-ranges [list {0x40000000 0xbfffffff}]
configparams force-mem-access 1
targets -set -nocase -filter {name =~"APU*" && jtag_cable_name =~ "Avnet MiniZed V1 1234-oj1A"} -index 0
stop
ps7_init
ps7_post_config
targets -set -nocase -filter {name =~ "ARM*#0" && jtag_cable_name =~ "Avnet MiniZed V1 1234-oj1A"} -index 0
rst -processor
targets -set -nocase -filter {name =~ "ARM*#0" && jtag_cable_name =~ "Avnet MiniZed V1 1234-oj1A"} -index 0
dow C:/FPGA/PS_FreeRTOS/PS_FreeRTOS.sdk/FreeRTOS_Timers/Debug/FreeRTOS_Timers.elf
configparams force-mem-access 0
----------------End of Script----------------

14:25:54 INFO  : Memory regions updated for context APU
14:25:54 INFO  : Context for processor 'ps7_cortexa9_0' is selected.
14:25:54 INFO  : 'con' command is executed.
14:25:54 INFO  : ----------------XSDB Script (After Launch)----------------
targets -set -nocase -filter {name =~ "ARM*#0" && jtag_cable_name =~ "Avnet MiniZed V1 1234-oj1A"} -index 0
con
----------------End of Script----------------

14:25:54 INFO  : Launch script is exported to file 'C:\FPGA\PS_FreeRTOS\PS_FreeRTOS.sdk\.sdk\launch_scripts\xilinx_c-c++_application_(system_debugger)\system_debugger_using_debug_freertos_timers.elf_on_local.tcl'
14:27:54 INFO  : Disconnected from the channel tcfchan#6.
14:30:03 INFO  : 'targets -set -filter {jtag_cable_name =~ "Avnet MiniZed V1 1234-oj1A" && level==0} -index 1' command is executed.
14:30:03 INFO  : 'fpga -state' command is executed.
14:30:06 INFO  : Connected to target on host '127.0.0.1' and port '3121'.
14:30:06 INFO  : Jtag cable 'Avnet MiniZed V1 1234-oj1A' is selected.
14:30:06 INFO  : 'jtag frequency' command is executed.
14:30:06 INFO  : Sourcing of 'C:/FPGA/PS_FreeRTOS/PS_FreeRTOS.sdk/design_1_wrapper_hw_platform_0/ps7_init.tcl' is done.
14:30:06 INFO  : Context for 'APU' is selected.
14:30:06 INFO  : Hardware design information is loaded from 'C:/FPGA/PS_FreeRTOS/PS_FreeRTOS.sdk/design_1_wrapper_hw_platform_0/system.hdf'.
14:30:06 INFO  : 'configparams force-mem-access 1' command is executed.
14:30:06 INFO  : Context for 'APU' is selected.
14:30:06 INFO  : 'stop' command is executed.
14:30:07 INFO  : 'ps7_init' command is executed.
14:30:07 INFO  : 'ps7_post_config' command is executed.
14:30:07 INFO  : Context for processor 'ps7_cortexa9_0' is selected.
14:30:07 INFO  : Processor reset is completed for 'ps7_cortexa9_0'.
14:30:07 INFO  : Context for processor 'ps7_cortexa9_0' is selected.
14:30:07 INFO  : The application 'C:/FPGA/PS_FreeRTOS/PS_FreeRTOS.sdk/FreeRTOS_Timers/Debug/FreeRTOS_Timers.elf' is downloaded to processor 'ps7_cortexa9_0'.
14:30:07 INFO  : 'configparams force-mem-access 0' command is executed.
14:30:07 INFO  : ----------------XSDB Script----------------
connect -url tcp:127.0.0.1:3121
source C:/FPGA/PS_FreeRTOS/PS_FreeRTOS.sdk/design_1_wrapper_hw_platform_0/ps7_init.tcl
targets -set -nocase -filter {name =~"APU*" && jtag_cable_name =~ "Avnet MiniZed V1 1234-oj1A"} -index 0
loadhw -hw C:/FPGA/PS_FreeRTOS/PS_FreeRTOS.sdk/design_1_wrapper_hw_platform_0/system.hdf -mem-ranges [list {0x40000000 0xbfffffff}]
configparams force-mem-access 1
targets -set -nocase -filter {name =~"APU*" && jtag_cable_name =~ "Avnet MiniZed V1 1234-oj1A"} -index 0
stop
ps7_init
ps7_post_config
targets -set -nocase -filter {name =~ "ARM*#0" && jtag_cable_name =~ "Avnet MiniZed V1 1234-oj1A"} -index 0
rst -processor
targets -set -nocase -filter {name =~ "ARM*#0" && jtag_cable_name =~ "Avnet MiniZed V1 1234-oj1A"} -index 0
dow C:/FPGA/PS_FreeRTOS/PS_FreeRTOS.sdk/FreeRTOS_Timers/Debug/FreeRTOS_Timers.elf
configparams force-mem-access 0
----------------End of Script----------------

14:30:07 INFO  : Memory regions updated for context APU
14:30:07 INFO  : Context for processor 'ps7_cortexa9_0' is selected.
14:30:07 INFO  : 'con' command is executed.
14:30:07 INFO  : ----------------XSDB Script (After Launch)----------------
targets -set -nocase -filter {name =~ "ARM*#0" && jtag_cable_name =~ "Avnet MiniZed V1 1234-oj1A"} -index 0
con
----------------End of Script----------------

14:30:07 INFO  : Launch script is exported to file 'C:\FPGA\PS_FreeRTOS\PS_FreeRTOS.sdk\.sdk\launch_scripts\xilinx_c-c++_application_(system_debugger)\system_debugger_using_debug_freertos_timers.elf_on_local.tcl'
14:30:13 INFO  : Connected to target on host '127.0.0.1' and port '3121'.
14:30:13 INFO  : 'targets -set -filter {jtag_cable_name =~ "Avnet MiniZed V1 1234-oj1A" && level==0} -index 1' command is executed.
14:30:14 INFO  : FPGA configured successfully with bitstream "C:/FPGA/PS_FreeRTOS/PS_FreeRTOS.sdk/design_1_wrapper_hw_platform_0/design_1_wrapper.bit"
14:30:20 INFO  : Disconnected from the channel tcfchan#7.
14:30:21 INFO  : Connected to target on host '127.0.0.1' and port '3121'.
14:30:21 INFO  : Jtag cable 'Avnet MiniZed V1 1234-oj1A' is selected.
14:30:21 INFO  : 'jtag frequency' command is executed.
14:30:21 INFO  : Sourcing of 'C:/FPGA/PS_FreeRTOS/PS_FreeRTOS.sdk/design_1_wrapper_hw_platform_0/ps7_init.tcl' is done.
14:30:21 INFO  : 'targets -set -filter {jtag_cable_name =~ "Avnet MiniZed V1 1234-oj1A" && level==0} -index 1' command is executed.
14:30:23 INFO  : FPGA configured successfully with bitstream "C:/FPGA/PS_FreeRTOS/PS_FreeRTOS.sdk/design_1_wrapper_hw_platform_0/design_1_wrapper.bit"
14:30:23 INFO  : Context for 'APU' is selected.
14:30:23 INFO  : Hardware design information is loaded from 'C:/FPGA/PS_FreeRTOS/PS_FreeRTOS.sdk/design_1_wrapper_hw_platform_0/system.hdf'.
14:30:23 INFO  : 'configparams force-mem-access 1' command is executed.
14:30:23 INFO  : Context for 'APU' is selected.
14:30:23 INFO  : 'stop' command is executed.
14:30:23 INFO  : 'ps7_init' command is executed.
14:30:23 INFO  : 'ps7_post_config' command is executed.
14:30:23 INFO  : Context for processor 'ps7_cortexa9_0' is selected.
14:30:23 INFO  : Processor reset is completed for 'ps7_cortexa9_0'.
14:30:23 INFO  : Context for processor 'ps7_cortexa9_0' is selected.
14:30:24 INFO  : The application 'C:/FPGA/PS_FreeRTOS/PS_FreeRTOS.sdk/FreeRTOS_Timers/Debug/FreeRTOS_Timers.elf' is downloaded to processor 'ps7_cortexa9_0'.
14:30:24 INFO  : 'configparams force-mem-access 0' command is executed.
14:30:24 INFO  : ----------------XSDB Script----------------
connect -url tcp:127.0.0.1:3121
source C:/FPGA/PS_FreeRTOS/PS_FreeRTOS.sdk/design_1_wrapper_hw_platform_0/ps7_init.tcl
targets -set -filter {jtag_cable_name =~ "Avnet MiniZed V1 1234-oj1A" && level==0} -index 1
fpga -file C:/FPGA/PS_FreeRTOS/PS_FreeRTOS.sdk/design_1_wrapper_hw_platform_0/design_1_wrapper.bit
targets -set -nocase -filter {name =~"APU*" && jtag_cable_name =~ "Avnet MiniZed V1 1234-oj1A"} -index 0
loadhw -hw C:/FPGA/PS_FreeRTOS/PS_FreeRTOS.sdk/design_1_wrapper_hw_platform_0/system.hdf -mem-ranges [list {0x40000000 0xbfffffff}]
configparams force-mem-access 1
targets -set -nocase -filter {name =~"APU*" && jtag_cable_name =~ "Avnet MiniZed V1 1234-oj1A"} -index 0
stop
ps7_init
ps7_post_config
targets -set -nocase -filter {name =~ "ARM*#0" && jtag_cable_name =~ "Avnet MiniZed V1 1234-oj1A"} -index 0
rst -processor
targets -set -nocase -filter {name =~ "ARM*#0" && jtag_cable_name =~ "Avnet MiniZed V1 1234-oj1A"} -index 0
dow C:/FPGA/PS_FreeRTOS/PS_FreeRTOS.sdk/FreeRTOS_Timers/Debug/FreeRTOS_Timers.elf
configparams force-mem-access 0
----------------End of Script----------------

14:30:24 INFO  : Memory regions updated for context APU
14:30:24 INFO  : Context for processor 'ps7_cortexa9_0' is selected.
14:30:24 INFO  : 'con' command is executed.
14:30:24 INFO  : ----------------XSDB Script (After Launch)----------------
targets -set -nocase -filter {name =~ "ARM*#0" && jtag_cable_name =~ "Avnet MiniZed V1 1234-oj1A"} -index 0
con
----------------End of Script----------------

14:30:24 INFO  : Launch script is exported to file 'C:\FPGA\PS_FreeRTOS\PS_FreeRTOS.sdk\.sdk\launch_scripts\xilinx_c-c++_application_(system_debugger)\system_debugger_using_debug_freertos_timers.elf_on_local.tcl'
14:31:16 INFO  : Disconnected from the channel tcfchan#8.
14:31:17 INFO  : Connected to target on host '127.0.0.1' and port '3121'.
14:31:17 INFO  : Jtag cable 'Avnet MiniZed V1 1234-oj1A' is selected.
14:31:17 INFO  : 'jtag frequency' command is executed.
14:31:17 INFO  : Sourcing of 'C:/FPGA/PS_FreeRTOS/PS_FreeRTOS.sdk/design_1_wrapper_hw_platform_0/ps7_init.tcl' is done.
14:31:17 INFO  : 'targets -set -filter {jtag_cable_name =~ "Avnet MiniZed V1 1234-oj1A" && level==0} -index 1' command is executed.
14:31:18 INFO  : FPGA configured successfully with bitstream "C:/FPGA/PS_FreeRTOS/PS_FreeRTOS.sdk/design_1_wrapper_hw_platform_0/design_1_wrapper.bit"
14:31:18 INFO  : Context for 'APU' is selected.
14:31:18 INFO  : Hardware design information is loaded from 'C:/FPGA/PS_FreeRTOS/PS_FreeRTOS.sdk/design_1_wrapper_hw_platform_0/system.hdf'.
14:31:18 INFO  : 'configparams force-mem-access 1' command is executed.
14:31:18 INFO  : Context for 'APU' is selected.
14:31:18 INFO  : 'stop' command is executed.
14:31:19 INFO  : 'ps7_init' command is executed.
14:31:19 INFO  : 'ps7_post_config' command is executed.
14:31:19 INFO  : Context for processor 'ps7_cortexa9_0' is selected.
14:31:19 INFO  : Processor reset is completed for 'ps7_cortexa9_0'.
14:31:19 INFO  : Context for processor 'ps7_cortexa9_0' is selected.
14:31:19 INFO  : The application 'C:/FPGA/PS_FreeRTOS/PS_FreeRTOS.sdk/FreeRTOS_Timers/Debug/FreeRTOS_Timers.elf' is downloaded to processor 'ps7_cortexa9_0'.
14:31:19 INFO  : 'configparams force-mem-access 0' command is executed.
14:31:19 INFO  : ----------------XSDB Script----------------
connect -url tcp:127.0.0.1:3121
source C:/FPGA/PS_FreeRTOS/PS_FreeRTOS.sdk/design_1_wrapper_hw_platform_0/ps7_init.tcl
targets -set -filter {jtag_cable_name =~ "Avnet MiniZed V1 1234-oj1A" && level==0} -index 1
fpga -file C:/FPGA/PS_FreeRTOS/PS_FreeRTOS.sdk/design_1_wrapper_hw_platform_0/design_1_wrapper.bit
targets -set -nocase -filter {name =~"APU*" && jtag_cable_name =~ "Avnet MiniZed V1 1234-oj1A"} -index 0
loadhw -hw C:/FPGA/PS_FreeRTOS/PS_FreeRTOS.sdk/design_1_wrapper_hw_platform_0/system.hdf -mem-ranges [list {0x40000000 0xbfffffff}]
configparams force-mem-access 1
targets -set -nocase -filter {name =~"APU*" && jtag_cable_name =~ "Avnet MiniZed V1 1234-oj1A"} -index 0
stop
ps7_init
ps7_post_config
targets -set -nocase -filter {name =~ "ARM*#0" && jtag_cable_name =~ "Avnet MiniZed V1 1234-oj1A"} -index 0
rst -processor
targets -set -nocase -filter {name =~ "ARM*#0" && jtag_cable_name =~ "Avnet MiniZed V1 1234-oj1A"} -index 0
dow C:/FPGA/PS_FreeRTOS/PS_FreeRTOS.sdk/FreeRTOS_Timers/Debug/FreeRTOS_Timers.elf
configparams force-mem-access 0
----------------End of Script----------------

14:31:19 INFO  : Memory regions updated for context APU
14:31:19 INFO  : Context for processor 'ps7_cortexa9_0' is selected.
14:31:19 INFO  : 'con' command is executed.
14:31:19 INFO  : ----------------XSDB Script (After Launch)----------------
targets -set -nocase -filter {name =~ "ARM*#0" && jtag_cable_name =~ "Avnet MiniZed V1 1234-oj1A"} -index 0
con
----------------End of Script----------------

14:31:20 INFO  : Launch script is exported to file 'C:\FPGA\PS_FreeRTOS\PS_FreeRTOS.sdk\.sdk\launch_scripts\xilinx_c-c++_application_(system_debugger)\system_debugger_using_debug_freertos_timers.elf_on_local.tcl'
14:36:59 INFO  : Disconnected from the channel tcfchan#9.
14:37:00 INFO  : Connected to target on host '127.0.0.1' and port '3121'.
14:37:01 INFO  : Jtag cable 'Avnet MiniZed V1 1234-oj1A' is selected.
14:37:01 INFO  : 'jtag frequency' command is executed.
14:37:01 INFO  : Sourcing of 'C:/FPGA/PS_FreeRTOS/PS_FreeRTOS.sdk/design_1_wrapper_hw_platform_0/ps7_init.tcl' is done.
14:37:01 INFO  : 'targets -set -filter {jtag_cable_name =~ "Avnet MiniZed V1 1234-oj1A" && level==0} -index 1' command is executed.
14:37:02 INFO  : FPGA configured successfully with bitstream "C:/FPGA/PS_FreeRTOS/PS_FreeRTOS.sdk/design_1_wrapper_hw_platform_0/design_1_wrapper.bit"
14:37:02 INFO  : Context for 'APU' is selected.
14:37:02 INFO  : Hardware design information is loaded from 'C:/FPGA/PS_FreeRTOS/PS_FreeRTOS.sdk/design_1_wrapper_hw_platform_0/system.hdf'.
14:37:02 INFO  : 'configparams force-mem-access 1' command is executed.
14:37:02 INFO  : Context for 'APU' is selected.
14:37:02 INFO  : 'stop' command is executed.
14:37:03 INFO  : 'ps7_init' command is executed.
14:37:03 INFO  : 'ps7_post_config' command is executed.
14:37:03 INFO  : Context for processor 'ps7_cortexa9_0' is selected.
14:37:03 INFO  : Processor reset is completed for 'ps7_cortexa9_0'.
14:37:03 INFO  : Context for processor 'ps7_cortexa9_0' is selected.
14:37:03 INFO  : The application 'C:/FPGA/PS_FreeRTOS/PS_FreeRTOS.sdk/FreeRTOS_Timers/Debug/FreeRTOS_Timers.elf' is downloaded to processor 'ps7_cortexa9_0'.
14:37:03 INFO  : 'configparams force-mem-access 0' command is executed.
14:37:03 INFO  : ----------------XSDB Script----------------
connect -url tcp:127.0.0.1:3121
source C:/FPGA/PS_FreeRTOS/PS_FreeRTOS.sdk/design_1_wrapper_hw_platform_0/ps7_init.tcl
targets -set -filter {jtag_cable_name =~ "Avnet MiniZed V1 1234-oj1A" && level==0} -index 1
fpga -file C:/FPGA/PS_FreeRTOS/PS_FreeRTOS.sdk/design_1_wrapper_hw_platform_0/design_1_wrapper.bit
targets -set -nocase -filter {name =~"APU*" && jtag_cable_name =~ "Avnet MiniZed V1 1234-oj1A"} -index 0
loadhw -hw C:/FPGA/PS_FreeRTOS/PS_FreeRTOS.sdk/design_1_wrapper_hw_platform_0/system.hdf -mem-ranges [list {0x40000000 0xbfffffff}]
configparams force-mem-access 1
targets -set -nocase -filter {name =~"APU*" && jtag_cable_name =~ "Avnet MiniZed V1 1234-oj1A"} -index 0
stop
ps7_init
ps7_post_config
targets -set -nocase -filter {name =~ "ARM*#0" && jtag_cable_name =~ "Avnet MiniZed V1 1234-oj1A"} -index 0
rst -processor
targets -set -nocase -filter {name =~ "ARM*#0" && jtag_cable_name =~ "Avnet MiniZed V1 1234-oj1A"} -index 0
dow C:/FPGA/PS_FreeRTOS/PS_FreeRTOS.sdk/FreeRTOS_Timers/Debug/FreeRTOS_Timers.elf
configparams force-mem-access 0
----------------End of Script----------------

14:37:03 INFO  : Memory regions updated for context APU
14:37:03 INFO  : Context for processor 'ps7_cortexa9_0' is selected.
14:37:03 INFO  : 'con' command is executed.
14:37:03 INFO  : ----------------XSDB Script (After Launch)----------------
targets -set -nocase -filter {name =~ "ARM*#0" && jtag_cable_name =~ "Avnet MiniZed V1 1234-oj1A"} -index 0
con
----------------End of Script----------------

14:37:03 INFO  : Launch script is exported to file 'C:\FPGA\PS_FreeRTOS\PS_FreeRTOS.sdk\.sdk\launch_scripts\xilinx_c-c++_application_(system_debugger)\system_debugger_using_debug_freertos_timers.elf_on_local.tcl'
14:39:58 INFO  : Disconnected from the channel tcfchan#10.
14:39:59 INFO  : Connected to target on host '127.0.0.1' and port '3121'.
14:40:00 INFO  : Jtag cable 'Avnet MiniZed V1 1234-oj1A' is selected.
14:40:00 INFO  : 'jtag frequency' command is executed.
14:40:00 INFO  : Sourcing of 'C:/FPGA/PS_FreeRTOS/PS_FreeRTOS.sdk/design_1_wrapper_hw_platform_0/ps7_init.tcl' is done.
14:40:00 INFO  : 'targets -set -filter {jtag_cable_name =~ "Avnet MiniZed V1 1234-oj1A" && level==0} -index 1' command is executed.
14:40:01 INFO  : FPGA configured successfully with bitstream "C:/FPGA/PS_FreeRTOS/PS_FreeRTOS.sdk/design_1_wrapper_hw_platform_0/design_1_wrapper.bit"
14:40:01 INFO  : Context for 'APU' is selected.
14:40:01 INFO  : Hardware design information is loaded from 'C:/FPGA/PS_FreeRTOS/PS_FreeRTOS.sdk/design_1_wrapper_hw_platform_0/system.hdf'.
14:40:01 INFO  : 'configparams force-mem-access 1' command is executed.
14:40:01 INFO  : Context for 'APU' is selected.
14:40:01 INFO  : 'stop' command is executed.
14:40:02 INFO  : 'ps7_init' command is executed.
14:40:02 INFO  : 'ps7_post_config' command is executed.
14:40:02 INFO  : Context for processor 'ps7_cortexa9_0' is selected.
14:40:02 INFO  : Processor reset is completed for 'ps7_cortexa9_0'.
14:40:02 INFO  : Context for processor 'ps7_cortexa9_0' is selected.
14:40:02 INFO  : The application 'C:/FPGA/PS_FreeRTOS/PS_FreeRTOS.sdk/FreeRTOS_Timers/Debug/FreeRTOS_Timers.elf' is downloaded to processor 'ps7_cortexa9_0'.
14:40:02 INFO  : 'configparams force-mem-access 0' command is executed.
14:40:02 INFO  : ----------------XSDB Script----------------
connect -url tcp:127.0.0.1:3121
source C:/FPGA/PS_FreeRTOS/PS_FreeRTOS.sdk/design_1_wrapper_hw_platform_0/ps7_init.tcl
targets -set -filter {jtag_cable_name =~ "Avnet MiniZed V1 1234-oj1A" && level==0} -index 1
fpga -file C:/FPGA/PS_FreeRTOS/PS_FreeRTOS.sdk/design_1_wrapper_hw_platform_0/design_1_wrapper.bit
targets -set -nocase -filter {name =~"APU*" && jtag_cable_name =~ "Avnet MiniZed V1 1234-oj1A"} -index 0
loadhw -hw C:/FPGA/PS_FreeRTOS/PS_FreeRTOS.sdk/design_1_wrapper_hw_platform_0/system.hdf -mem-ranges [list {0x40000000 0xbfffffff}]
configparams force-mem-access 1
targets -set -nocase -filter {name =~"APU*" && jtag_cable_name =~ "Avnet MiniZed V1 1234-oj1A"} -index 0
stop
ps7_init
ps7_post_config
targets -set -nocase -filter {name =~ "ARM*#0" && jtag_cable_name =~ "Avnet MiniZed V1 1234-oj1A"} -index 0
rst -processor
targets -set -nocase -filter {name =~ "ARM*#0" && jtag_cable_name =~ "Avnet MiniZed V1 1234-oj1A"} -index 0
dow C:/FPGA/PS_FreeRTOS/PS_FreeRTOS.sdk/FreeRTOS_Timers/Debug/FreeRTOS_Timers.elf
configparams force-mem-access 0
----------------End of Script----------------

14:40:02 INFO  : Memory regions updated for context APU
14:40:02 INFO  : Context for processor 'ps7_cortexa9_0' is selected.
14:40:02 INFO  : 'con' command is executed.
14:40:02 INFO  : ----------------XSDB Script (After Launch)----------------
targets -set -nocase -filter {name =~ "ARM*#0" && jtag_cable_name =~ "Avnet MiniZed V1 1234-oj1A"} -index 0
con
----------------End of Script----------------

14:40:02 INFO  : Launch script is exported to file 'C:\FPGA\PS_FreeRTOS\PS_FreeRTOS.sdk\.sdk\launch_scripts\xilinx_c-c++_application_(system_debugger)\system_debugger_using_debug_freertos_timers.elf_on_local.tcl'
14:41:53 INFO  : Disconnected from the channel tcfchan#11.
14:41:54 INFO  : Connected to target on host '127.0.0.1' and port '3121'.
14:41:55 INFO  : Jtag cable 'Avnet MiniZed V1 1234-oj1A' is selected.
14:41:55 INFO  : 'jtag frequency' command is executed.
14:41:55 INFO  : Sourcing of 'C:/FPGA/PS_FreeRTOS/PS_FreeRTOS.sdk/design_1_wrapper_hw_platform_0/ps7_init.tcl' is done.
14:41:55 INFO  : 'targets -set -filter {jtag_cable_name =~ "Avnet MiniZed V1 1234-oj1A" && level==0} -index 1' command is executed.
14:41:56 INFO  : FPGA configured successfully with bitstream "C:/FPGA/PS_FreeRTOS/PS_FreeRTOS.sdk/design_1_wrapper_hw_platform_0/design_1_wrapper.bit"
14:41:56 INFO  : Context for 'APU' is selected.
14:41:56 INFO  : Hardware design information is loaded from 'C:/FPGA/PS_FreeRTOS/PS_FreeRTOS.sdk/design_1_wrapper_hw_platform_0/system.hdf'.
14:41:56 INFO  : 'configparams force-mem-access 1' command is executed.
14:41:56 INFO  : Context for 'APU' is selected.
14:41:56 INFO  : 'stop' command is executed.
14:41:57 INFO  : 'ps7_init' command is executed.
14:41:57 INFO  : 'ps7_post_config' command is executed.
14:41:57 INFO  : Context for processor 'ps7_cortexa9_0' is selected.
14:41:57 INFO  : Processor reset is completed for 'ps7_cortexa9_0'.
14:41:57 INFO  : Context for processor 'ps7_cortexa9_0' is selected.
14:41:57 INFO  : The application 'C:/FPGA/PS_FreeRTOS/PS_FreeRTOS.sdk/FreeRTOS_Timers/Debug/FreeRTOS_Timers.elf' is downloaded to processor 'ps7_cortexa9_0'.
14:41:57 INFO  : 'configparams force-mem-access 0' command is executed.
14:41:57 INFO  : ----------------XSDB Script----------------
connect -url tcp:127.0.0.1:3121
source C:/FPGA/PS_FreeRTOS/PS_FreeRTOS.sdk/design_1_wrapper_hw_platform_0/ps7_init.tcl
targets -set -filter {jtag_cable_name =~ "Avnet MiniZed V1 1234-oj1A" && level==0} -index 1
fpga -file C:/FPGA/PS_FreeRTOS/PS_FreeRTOS.sdk/design_1_wrapper_hw_platform_0/design_1_wrapper.bit
targets -set -nocase -filter {name =~"APU*" && jtag_cable_name =~ "Avnet MiniZed V1 1234-oj1A"} -index 0
loadhw -hw C:/FPGA/PS_FreeRTOS/PS_FreeRTOS.sdk/design_1_wrapper_hw_platform_0/system.hdf -mem-ranges [list {0x40000000 0xbfffffff}]
configparams force-mem-access 1
targets -set -nocase -filter {name =~"APU*" && jtag_cable_name =~ "Avnet MiniZed V1 1234-oj1A"} -index 0
stop
ps7_init
ps7_post_config
targets -set -nocase -filter {name =~ "ARM*#0" && jtag_cable_name =~ "Avnet MiniZed V1 1234-oj1A"} -index 0
rst -processor
targets -set -nocase -filter {name =~ "ARM*#0" && jtag_cable_name =~ "Avnet MiniZed V1 1234-oj1A"} -index 0
dow C:/FPGA/PS_FreeRTOS/PS_FreeRTOS.sdk/FreeRTOS_Timers/Debug/FreeRTOS_Timers.elf
configparams force-mem-access 0
----------------End of Script----------------

14:41:57 INFO  : Memory regions updated for context APU
14:41:57 INFO  : Context for processor 'ps7_cortexa9_0' is selected.
14:41:57 INFO  : 'con' command is executed.
14:41:57 INFO  : ----------------XSDB Script (After Launch)----------------
targets -set -nocase -filter {name =~ "ARM*#0" && jtag_cable_name =~ "Avnet MiniZed V1 1234-oj1A"} -index 0
con
----------------End of Script----------------

14:41:57 INFO  : Launch script is exported to file 'C:\FPGA\PS_FreeRTOS\PS_FreeRTOS.sdk\.sdk\launch_scripts\xilinx_c-c++_application_(system_debugger)\system_debugger_using_debug_freertos_timers.elf_on_local.tcl'
17:01:51 INFO  : Disconnected from the channel tcfchan#12.
18:31:54 INFO  : Registering command handlers for SDK TCF services
18:31:54 INFO  : Launching XSCT server: xsct.bat -interactive C:\FPGA\PS_FreeRTOS\PS_FreeRTOS.sdk\temp_xsdb_launch_script.tcl
18:31:56 INFO  : XSCT server has started successfully.
18:31:56 INFO  : Successfully done setting XSCT server connection channel  
18:31:56 INFO  : Successfully done setting SDK workspace  
18:32:01 INFO  : SDK has detected change in the last modified timestamps for source hardware specification file Source:1571761625168,  Project:1571137637063
18:32:01 INFO  : Project design_1_wrapper_hw_platform_0's source hardware specification located at C:/FPGA/PS_FreeRTOS/PS_FreeRTOS.sdk/design_1_wrapper.hdf is now different from the local copy.
		 The local copy will be replaced with the source specification and your workspace will be updated.
18:32:16 INFO  : Copied contents of C:/FPGA/PS_FreeRTOS/PS_FreeRTOS.sdk/design_1_wrapper.hdf into \design_1_wrapper_hw_platform_0\system.hdf.
18:32:19 INFO  : Synchronizing projects in the workspace with the hardware platform specification changes.
18:32:22 INFO  : 
18:32:25 INFO  : 
18:32:27 INFO  : 
18:32:29 INFO  : 
18:32:29 INFO  : Updating hardware inferred compiler options for FreeRTOS_Timers.
18:32:30 INFO  : Updating hardware inferred compiler options for Mutex.
18:32:31 INFO  : Updating hardware inferred compiler options for PS_GPIO_FreeRTOS.
18:32:32 INFO  : Updating hardware inferred compiler options for Semaphore.
18:32:32 INFO  : Clearing existing target manager status.
18:32:32 INFO  : Workspace synchronized with the new hardware specification file. Cleaning dependent projects...
18:32:36 WARN  : Linker script will not be updated automatically. Users need to update it manually.
18:32:37 INFO  : SDK has detected change in the last modified timestamps for source hardware specification file Source:1571761626363,  Project:1571141331509
18:32:37 INFO  : Project design_1_wrapper_hw_platform_1's source hardware specification located at C:/FPGA/Segment2019/Segment2019.sdk/design_1_wrapper.hdf is now different from the local copy.
		 The local copy will be replaced with the source specification and your workspace will be updated.
18:32:40 INFO  : Copied contents of C:/FPGA/Segment2019/Segment2019.sdk/design_1_wrapper.hdf into \design_1_wrapper_hw_platform_1\system.hdf.
18:32:43 INFO  : Synchronizing projects in the workspace with the hardware platform specification changes.
18:32:43 INFO  : Clearing existing target manager status.
18:32:43 INFO  : Workspace synchronized with the new hardware specification file. Cleaning dependent projects...
18:32:43 WARN  : Linker script will not be updated automatically. Users need to update it manually.
18:43:35 INFO  : Connected to target on host '127.0.0.1' and port '3121'.
18:43:36 INFO  : Jtag cable 'Avnet MiniZed V1 1234-oj1A' is selected.
18:43:36 INFO  : 'jtag frequency' command is executed.
18:43:36 INFO  : Sourcing of 'C:/FPGA/PS_FreeRTOS/PS_FreeRTOS.sdk/design_1_wrapper_hw_platform_0/ps7_init.tcl' is done.
18:43:36 INFO  : 'targets -set -filter {jtag_cable_name =~ "Avnet MiniZed V1 1234-oj1A" && level==0} -index 1' command is executed.
18:43:37 INFO  : FPGA configured successfully with bitstream "C:/FPGA/PS_FreeRTOS/PS_FreeRTOS.sdk/design_1_wrapper_hw_platform_0/design_1_wrapper.bit"
18:43:37 INFO  : Context for 'APU' is selected.
18:43:37 INFO  : Hardware design information is loaded from 'C:/FPGA/PS_FreeRTOS/PS_FreeRTOS.sdk/design_1_wrapper_hw_platform_0/system.hdf'.
18:43:37 INFO  : 'configparams force-mem-access 1' command is executed.
18:43:37 INFO  : Context for 'APU' is selected.
18:43:37 INFO  : 'stop' command is executed.
18:43:38 INFO  : 'ps7_init' command is executed.
18:43:38 INFO  : 'ps7_post_config' command is executed.
18:43:38 INFO  : Context for processor 'ps7_cortexa9_0' is selected.
18:43:38 INFO  : Processor reset is completed for 'ps7_cortexa9_0'.
18:43:38 INFO  : Context for processor 'ps7_cortexa9_0' is selected.
18:43:38 INFO  : The application 'C:/FPGA/PS_FreeRTOS/PS_FreeRTOS.sdk/FreeRTOS_Timers/Debug/FreeRTOS_Timers.elf' is downloaded to processor 'ps7_cortexa9_0'.
18:43:38 INFO  : 'configparams force-mem-access 0' command is executed.
18:43:38 INFO  : ----------------XSDB Script----------------
connect -url tcp:127.0.0.1:3121
source C:/FPGA/PS_FreeRTOS/PS_FreeRTOS.sdk/design_1_wrapper_hw_platform_0/ps7_init.tcl
targets -set -filter {jtag_cable_name =~ "Avnet MiniZed V1 1234-oj1A" && level==0} -index 1
fpga -file C:/FPGA/PS_FreeRTOS/PS_FreeRTOS.sdk/design_1_wrapper_hw_platform_0/design_1_wrapper.bit
targets -set -nocase -filter {name =~"APU*" && jtag_cable_name =~ "Avnet MiniZed V1 1234-oj1A"} -index 0
loadhw -hw C:/FPGA/PS_FreeRTOS/PS_FreeRTOS.sdk/design_1_wrapper_hw_platform_0/system.hdf -mem-ranges [list {0x40000000 0xbfffffff}]
configparams force-mem-access 1
targets -set -nocase -filter {name =~"APU*" && jtag_cable_name =~ "Avnet MiniZed V1 1234-oj1A"} -index 0
stop
ps7_init
ps7_post_config
targets -set -nocase -filter {name =~ "ARM*#0" && jtag_cable_name =~ "Avnet MiniZed V1 1234-oj1A"} -index 0
rst -processor
targets -set -nocase -filter {name =~ "ARM*#0" && jtag_cable_name =~ "Avnet MiniZed V1 1234-oj1A"} -index 0
dow C:/FPGA/PS_FreeRTOS/PS_FreeRTOS.sdk/FreeRTOS_Timers/Debug/FreeRTOS_Timers.elf
configparams force-mem-access 0
----------------End of Script----------------

18:43:38 INFO  : Memory regions updated for context APU
18:43:38 INFO  : Context for processor 'ps7_cortexa9_0' is selected.
18:43:38 INFO  : 'con' command is executed.
18:43:38 INFO  : ----------------XSDB Script (After Launch)----------------
targets -set -nocase -filter {name =~ "ARM*#0" && jtag_cable_name =~ "Avnet MiniZed V1 1234-oj1A"} -index 0
con
----------------End of Script----------------

18:43:38 INFO  : Launch script is exported to file 'C:\FPGA\PS_FreeRTOS\PS_FreeRTOS.sdk\.sdk\launch_scripts\xilinx_c-c++_application_(system_debugger)\system_debugger_using_debug_freertos_timers.elf_on_local.tcl'
18:44:24 INFO  : Disconnected from the channel tcfchan#1.
18:44:25 INFO  : Connected to target on host '127.0.0.1' and port '3121'.
18:44:25 INFO  : Jtag cable 'Avnet MiniZed V1 1234-oj1A' is selected.
18:44:25 INFO  : 'jtag frequency' command is executed.
18:44:25 INFO  : Sourcing of 'C:/FPGA/PS_FreeRTOS/PS_FreeRTOS.sdk/design_1_wrapper_hw_platform_0/ps7_init.tcl' is done.
18:44:25 INFO  : 'targets -set -filter {jtag_cable_name =~ "Avnet MiniZed V1 1234-oj1A" && level==0} -index 1' command is executed.
18:44:27 INFO  : FPGA configured successfully with bitstream "C:/FPGA/PS_FreeRTOS/PS_FreeRTOS.sdk/design_1_wrapper_hw_platform_0/design_1_wrapper.bit"
18:44:27 INFO  : Context for 'APU' is selected.
18:44:28 INFO  : Hardware design information is loaded from 'C:/FPGA/PS_FreeRTOS/PS_FreeRTOS.sdk/design_1_wrapper_hw_platform_0/system.hdf'.
18:44:28 INFO  : 'configparams force-mem-access 1' command is executed.
18:44:28 INFO  : Context for 'APU' is selected.
18:44:28 INFO  : 'stop' command is executed.
18:44:29 INFO  : 'ps7_init' command is executed.
18:44:29 INFO  : 'ps7_post_config' command is executed.
18:44:29 INFO  : Context for processor 'ps7_cortexa9_0' is selected.
18:44:29 INFO  : Processor reset is completed for 'ps7_cortexa9_0'.
18:44:29 INFO  : Context for processor 'ps7_cortexa9_0' is selected.
18:44:29 INFO  : The application 'C:/FPGA/PS_FreeRTOS/PS_FreeRTOS.sdk/FreeRTOS_Timers/Debug/FreeRTOS_Timers.elf' is downloaded to processor 'ps7_cortexa9_0'.
18:44:29 INFO  : 'configparams force-mem-access 0' command is executed.
18:44:29 INFO  : ----------------XSDB Script----------------
connect -url tcp:127.0.0.1:3121
source C:/FPGA/PS_FreeRTOS/PS_FreeRTOS.sdk/design_1_wrapper_hw_platform_0/ps7_init.tcl
targets -set -filter {jtag_cable_name =~ "Avnet MiniZed V1 1234-oj1A" && level==0} -index 1
fpga -file C:/FPGA/PS_FreeRTOS/PS_FreeRTOS.sdk/design_1_wrapper_hw_platform_0/design_1_wrapper.bit
targets -set -nocase -filter {name =~"APU*" && jtag_cable_name =~ "Avnet MiniZed V1 1234-oj1A"} -index 0
loadhw -hw C:/FPGA/PS_FreeRTOS/PS_FreeRTOS.sdk/design_1_wrapper_hw_platform_0/system.hdf -mem-ranges [list {0x40000000 0xbfffffff}]
configparams force-mem-access 1
targets -set -nocase -filter {name =~"APU*" && jtag_cable_name =~ "Avnet MiniZed V1 1234-oj1A"} -index 0
stop
ps7_init
ps7_post_config
targets -set -nocase -filter {name =~ "ARM*#0" && jtag_cable_name =~ "Avnet MiniZed V1 1234-oj1A"} -index 0
rst -processor
targets -set -nocase -filter {name =~ "ARM*#0" && jtag_cable_name =~ "Avnet MiniZed V1 1234-oj1A"} -index 0
dow C:/FPGA/PS_FreeRTOS/PS_FreeRTOS.sdk/FreeRTOS_Timers/Debug/FreeRTOS_Timers.elf
configparams force-mem-access 0
----------------End of Script----------------

18:44:29 INFO  : Memory regions updated for context APU
18:44:29 INFO  : Context for processor 'ps7_cortexa9_0' is selected.
18:44:29 INFO  : 'con' command is executed.
18:44:29 INFO  : ----------------XSDB Script (After Launch)----------------
targets -set -nocase -filter {name =~ "ARM*#0" && jtag_cable_name =~ "Avnet MiniZed V1 1234-oj1A"} -index 0
con
----------------End of Script----------------

18:44:29 INFO  : Launch script is exported to file 'C:\FPGA\PS_FreeRTOS\PS_FreeRTOS.sdk\.sdk\launch_scripts\xilinx_c-c++_application_(system_debugger)\system_debugger_using_debug_freertos_timers.elf_on_local.tcl'
19:17:06 INFO  : Refreshed build settings on project FreeRTOS_Queue
19:33:34 INFO  : Disconnected from the channel tcfchan#2.
15:53:31 INFO  : Registering command handlers for SDK TCF services
15:53:32 INFO  : Launching XSCT server: xsct.bat -interactive C:\FPGA\PS_FreeRTOS\PS_FreeRTOS.sdk\temp_xsdb_launch_script.tcl
15:53:34 INFO  : XSCT server has started successfully.
15:53:35 INFO  : Successfully done setting XSCT server connection channel  
15:53:35 INFO  : Processing command line option -hwspec C:/FPGA/PS_FreeRTOS/PS_FreeRTOS.sdk/design_1_wrapper.hdf.
15:53:35 INFO  : Successfully done setting SDK workspace  
15:53:35 INFO  : Checking for hwspec changes in the project design_1_wrapper_hw_platform_0.
15:56:35 INFO  : Connected to target on host '127.0.0.1' and port '3121'.
15:56:35 INFO  : Jtag cable 'Avnet MiniZed V1 1234-oj1A' is selected.
15:56:35 INFO  : 'jtag frequency' command is executed.
15:56:35 INFO  : Sourcing of 'C:/FPGA/PS_FreeRTOS/PS_FreeRTOS.sdk/design_1_wrapper_hw_platform_0/ps7_init.tcl' is done.
15:56:35 INFO  : 'targets -set -filter {jtag_cable_name =~ "Avnet MiniZed V1 1234-oj1A" && level==0} -index 1' command is executed.
15:56:37 INFO  : FPGA configured successfully with bitstream "C:/FPGA/PS_FreeRTOS/PS_FreeRTOS.sdk/design_1_wrapper_hw_platform_0/design_1_wrapper.bit"
15:56:37 INFO  : Context for 'APU' is selected.
15:56:37 INFO  : Hardware design information is loaded from 'C:/FPGA/PS_FreeRTOS/PS_FreeRTOS.sdk/design_1_wrapper_hw_platform_0/system.hdf'.
15:56:37 INFO  : 'configparams force-mem-access 1' command is executed.
15:56:37 INFO  : Context for 'APU' is selected.
15:56:37 INFO  : 'stop' command is executed.
15:56:37 INFO  : 'ps7_init' command is executed.
15:56:37 INFO  : 'ps7_post_config' command is executed.
15:56:37 INFO  : Context for processor 'ps7_cortexa9_0' is selected.
15:56:37 INFO  : Processor reset is completed for 'ps7_cortexa9_0'.
15:56:37 INFO  : Context for processor 'ps7_cortexa9_0' is selected.
15:56:37 INFO  : The application 'C:/FPGA/PS_FreeRTOS/PS_FreeRTOS.sdk/PS_GPIO_FreeRTOS/Debug/PS_GPIO_FreeRTOS.elf' is downloaded to processor 'ps7_cortexa9_0'.
15:56:37 INFO  : 'configparams force-mem-access 0' command is executed.
15:56:37 INFO  : ----------------XSDB Script----------------
connect -url tcp:127.0.0.1:3121
source C:/FPGA/PS_FreeRTOS/PS_FreeRTOS.sdk/design_1_wrapper_hw_platform_0/ps7_init.tcl
targets -set -filter {jtag_cable_name =~ "Avnet MiniZed V1 1234-oj1A" && level==0} -index 1
fpga -file C:/FPGA/PS_FreeRTOS/PS_FreeRTOS.sdk/design_1_wrapper_hw_platform_0/design_1_wrapper.bit
targets -set -nocase -filter {name =~"APU*" && jtag_cable_name =~ "Avnet MiniZed V1 1234-oj1A"} -index 0
loadhw -hw C:/FPGA/PS_FreeRTOS/PS_FreeRTOS.sdk/design_1_wrapper_hw_platform_0/system.hdf -mem-ranges [list {0x40000000 0xbfffffff}]
configparams force-mem-access 1
targets -set -nocase -filter {name =~"APU*" && jtag_cable_name =~ "Avnet MiniZed V1 1234-oj1A"} -index 0
stop
ps7_init
ps7_post_config
targets -set -nocase -filter {name =~ "ARM*#0" && jtag_cable_name =~ "Avnet MiniZed V1 1234-oj1A"} -index 0
rst -processor
targets -set -nocase -filter {name =~ "ARM*#0" && jtag_cable_name =~ "Avnet MiniZed V1 1234-oj1A"} -index 0
dow C:/FPGA/PS_FreeRTOS/PS_FreeRTOS.sdk/PS_GPIO_FreeRTOS/Debug/PS_GPIO_FreeRTOS.elf
configparams force-mem-access 0
----------------End of Script----------------

15:56:37 INFO  : Memory regions updated for context APU
15:56:37 INFO  : Context for processor 'ps7_cortexa9_0' is selected.
15:56:37 INFO  : 'con' command is executed.
15:56:37 INFO  : ----------------XSDB Script (After Launch)----------------
targets -set -nocase -filter {name =~ "ARM*#0" && jtag_cable_name =~ "Avnet MiniZed V1 1234-oj1A"} -index 0
con
----------------End of Script----------------

15:56:37 INFO  : Launch script is exported to file 'C:\FPGA\PS_FreeRTOS\PS_FreeRTOS.sdk\.sdk\launch_scripts\xilinx_c-c++_application_(system_debugger)\system_debugger_using_debug_ps_gpio_freertos.elf_on_local.tcl'
16:00:42 INFO  : Disconnected from the channel tcfchan#1.
16:00:43 INFO  : Connected to target on host '127.0.0.1' and port '3121'.
16:00:43 INFO  : Jtag cable 'Avnet MiniZed V1 1234-oj1A' is selected.
16:00:43 INFO  : 'jtag frequency' command is executed.
16:00:43 INFO  : Sourcing of 'C:/FPGA/PS_FreeRTOS/PS_FreeRTOS.sdk/design_1_wrapper_hw_platform_0/ps7_init.tcl' is done.
16:00:43 INFO  : 'targets -set -filter {jtag_cable_name =~ "Avnet MiniZed V1 1234-oj1A" && level==0} -index 1' command is executed.
16:00:44 INFO  : FPGA configured successfully with bitstream "C:/FPGA/PS_FreeRTOS/PS_FreeRTOS.sdk/design_1_wrapper_hw_platform_0/design_1_wrapper.bit"
16:00:44 INFO  : Context for 'APU' is selected.
16:00:46 INFO  : Hardware design information is loaded from 'C:/FPGA/PS_FreeRTOS/PS_FreeRTOS.sdk/design_1_wrapper_hw_platform_0/system.hdf'.
16:00:46 INFO  : 'configparams force-mem-access 1' command is executed.
16:00:46 INFO  : Context for 'APU' is selected.
16:00:46 INFO  : 'stop' command is executed.
16:00:46 INFO  : 'ps7_init' command is executed.
16:00:46 INFO  : 'ps7_post_config' command is executed.
16:00:46 INFO  : Context for processor 'ps7_cortexa9_0' is selected.
16:00:46 INFO  : Processor reset is completed for 'ps7_cortexa9_0'.
16:00:46 INFO  : Context for processor 'ps7_cortexa9_0' is selected.
16:00:46 INFO  : The application 'C:/FPGA/PS_FreeRTOS/PS_FreeRTOS.sdk/PS_GPIO_FreeRTOS/Debug/PS_GPIO_FreeRTOS.elf' is downloaded to processor 'ps7_cortexa9_0'.
16:00:46 INFO  : 'configparams force-mem-access 0' command is executed.
16:00:46 INFO  : ----------------XSDB Script----------------
connect -url tcp:127.0.0.1:3121
source C:/FPGA/PS_FreeRTOS/PS_FreeRTOS.sdk/design_1_wrapper_hw_platform_0/ps7_init.tcl
targets -set -filter {jtag_cable_name =~ "Avnet MiniZed V1 1234-oj1A" && level==0} -index 1
fpga -file C:/FPGA/PS_FreeRTOS/PS_FreeRTOS.sdk/design_1_wrapper_hw_platform_0/design_1_wrapper.bit
targets -set -nocase -filter {name =~"APU*" && jtag_cable_name =~ "Avnet MiniZed V1 1234-oj1A"} -index 0
loadhw -hw C:/FPGA/PS_FreeRTOS/PS_FreeRTOS.sdk/design_1_wrapper_hw_platform_0/system.hdf -mem-ranges [list {0x40000000 0xbfffffff}]
configparams force-mem-access 1
targets -set -nocase -filter {name =~"APU*" && jtag_cable_name =~ "Avnet MiniZed V1 1234-oj1A"} -index 0
stop
ps7_init
ps7_post_config
targets -set -nocase -filter {name =~ "ARM*#0" && jtag_cable_name =~ "Avnet MiniZed V1 1234-oj1A"} -index 0
rst -processor
targets -set -nocase -filter {name =~ "ARM*#0" && jtag_cable_name =~ "Avnet MiniZed V1 1234-oj1A"} -index 0
dow C:/FPGA/PS_FreeRTOS/PS_FreeRTOS.sdk/PS_GPIO_FreeRTOS/Debug/PS_GPIO_FreeRTOS.elf
configparams force-mem-access 0
----------------End of Script----------------

16:00:46 INFO  : Memory regions updated for context APU
16:00:46 INFO  : Context for processor 'ps7_cortexa9_0' is selected.
16:00:46 INFO  : 'con' command is executed.
16:00:46 INFO  : ----------------XSDB Script (After Launch)----------------
targets -set -nocase -filter {name =~ "ARM*#0" && jtag_cable_name =~ "Avnet MiniZed V1 1234-oj1A"} -index 0
con
----------------End of Script----------------

16:00:46 INFO  : Launch script is exported to file 'C:\FPGA\PS_FreeRTOS\PS_FreeRTOS.sdk\.sdk\launch_scripts\xilinx_c-c++_application_(system_debugger)\system_debugger_using_debug_ps_gpio_freertos.elf_on_local.tcl'
14:04:50 INFO  : Registering command handlers for SDK TCF services
14:04:52 INFO  : Launching XSCT server: xsct.bat -interactive C:\FPGA\PS_FreeRTOS\PS_FreeRTOS.sdk\temp_xsdb_launch_script.tcl
14:05:00 INFO  : XSCT server has started successfully.
14:05:06 INFO  : Successfully done setting XSCT server connection channel  
14:05:06 INFO  : Successfully done setting SDK workspace  
14:05:20 INFO  : SDK has detected change in the last modified timestamps for source hardware specification file Source:1571770726137,  Project:1571761625168
14:05:20 INFO  : Project design_1_wrapper_hw_platform_0's source hardware specification located at C:/FPGA/PS_FreeRTOS/PS_FreeRTOS.sdk/design_1_wrapper.hdf is now different from the local copy.
		 The local copy will be replaced with the source specification and your workspace will be updated.
14:05:20 INFO  : Copied contents of C:/FPGA/PS_FreeRTOS/PS_FreeRTOS.sdk/design_1_wrapper.hdf into \design_1_wrapper_hw_platform_0\system.hdf.
14:05:28 INFO  : Synchronizing projects in the workspace with the hardware platform specification changes.
14:05:38 INFO  : 
14:05:43 INFO  : 
14:05:47 INFO  : 
14:05:52 INFO  : 
14:05:53 INFO  : Updating hardware inferred compiler options for FreeRTOS_Timers.
14:05:53 INFO  : Updating hardware inferred compiler options for Mutex.
14:05:54 INFO  : Updating hardware inferred compiler options for PS_GPIO_FreeRTOS.
14:05:55 INFO  : Updating hardware inferred compiler options for Semaphore.
14:05:55 INFO  : Clearing existing target manager status.
14:05:55 INFO  : Workspace synchronized with the new hardware specification file. Cleaning dependent projects...
14:06:11 WARN  : Linker script will not be updated automatically. Users need to update it manually.
14:06:16 INFO  : SDK has detected change in the last modified timestamps for source hardware specification file Source:1571770729194,  Project:1571761626363
14:06:16 INFO  : Project design_1_wrapper_hw_platform_1's source hardware specification located at C:/FPGA/Segment2019/Segment2019.sdk/design_1_wrapper.hdf is now different from the local copy.
		 The local copy will be replaced with the source specification and your workspace will be updated.
14:06:16 INFO  : Copied contents of C:/FPGA/Segment2019/Segment2019.sdk/design_1_wrapper.hdf into \design_1_wrapper_hw_platform_1\system.hdf.
14:06:23 INFO  : Synchronizing projects in the workspace with the hardware platform specification changes.
14:06:25 INFO  : Clearing existing target manager status.
14:06:25 INFO  : Workspace synchronized with the new hardware specification file. Cleaning dependent projects...
14:06:25 WARN  : Linker script will not be updated automatically. Users need to update it manually.
14:08:19 INFO  : Connected to target on host '127.0.0.1' and port '3121'.
14:08:21 INFO  : Jtag cable 'Avnet MiniZed V1 1234-oj1A' is selected.
14:08:21 INFO  : 'jtag frequency' command is executed.
14:08:21 INFO  : Sourcing of 'C:/FPGA/PS_FreeRTOS/PS_FreeRTOS.sdk/design_1_wrapper_hw_platform_0/ps7_init.tcl' is done.
14:08:21 INFO  : 'targets -set -filter {jtag_cable_name =~ "Avnet MiniZed V1 1234-oj1A" && level==0} -index 1' command is executed.
14:08:22 INFO  : FPGA configured successfully with bitstream "C:/FPGA/PS_FreeRTOS/PS_FreeRTOS.sdk/design_1_wrapper_hw_platform_0/design_1_wrapper.bit"
14:08:22 INFO  : Context for 'APU' is selected.
14:08:22 INFO  : Hardware design information is loaded from 'C:/FPGA/PS_FreeRTOS/PS_FreeRTOS.sdk/design_1_wrapper_hw_platform_0/system.hdf'.
14:08:22 INFO  : 'configparams force-mem-access 1' command is executed.
14:08:23 INFO  : Context for 'APU' is selected.
14:08:23 INFO  : 'stop' command is executed.
14:08:23 INFO  : 'ps7_init' command is executed.
14:08:23 INFO  : 'ps7_post_config' command is executed.
14:08:23 INFO  : Context for processor 'ps7_cortexa9_0' is selected.
14:08:23 INFO  : Processor reset is completed for 'ps7_cortexa9_0'.
14:08:23 INFO  : Context for processor 'ps7_cortexa9_0' is selected.
14:08:24 INFO  : The application 'C:/FPGA/PS_FreeRTOS/PS_FreeRTOS.sdk/FreeRTOS_Timers/Debug/FreeRTOS_Timers.elf' is downloaded to processor 'ps7_cortexa9_0'.
14:08:24 INFO  : 'configparams force-mem-access 0' command is executed.
14:08:24 INFO  : ----------------XSDB Script----------------
connect -url tcp:127.0.0.1:3121
source C:/FPGA/PS_FreeRTOS/PS_FreeRTOS.sdk/design_1_wrapper_hw_platform_0/ps7_init.tcl
targets -set -filter {jtag_cable_name =~ "Avnet MiniZed V1 1234-oj1A" && level==0} -index 1
fpga -file C:/FPGA/PS_FreeRTOS/PS_FreeRTOS.sdk/design_1_wrapper_hw_platform_0/design_1_wrapper.bit
targets -set -nocase -filter {name =~"APU*" && jtag_cable_name =~ "Avnet MiniZed V1 1234-oj1A"} -index 0
loadhw -hw C:/FPGA/PS_FreeRTOS/PS_FreeRTOS.sdk/design_1_wrapper_hw_platform_0/system.hdf -mem-ranges [list {0x40000000 0xbfffffff}]
configparams force-mem-access 1
targets -set -nocase -filter {name =~"APU*" && jtag_cable_name =~ "Avnet MiniZed V1 1234-oj1A"} -index 0
stop
ps7_init
ps7_post_config
targets -set -nocase -filter {name =~ "ARM*#0" && jtag_cable_name =~ "Avnet MiniZed V1 1234-oj1A"} -index 0
rst -processor
targets -set -nocase -filter {name =~ "ARM*#0" && jtag_cable_name =~ "Avnet MiniZed V1 1234-oj1A"} -index 0
dow C:/FPGA/PS_FreeRTOS/PS_FreeRTOS.sdk/FreeRTOS_Timers/Debug/FreeRTOS_Timers.elf
configparams force-mem-access 0
----------------End of Script----------------

14:08:24 INFO  : Memory regions updated for context APU
14:08:24 INFO  : Context for processor 'ps7_cortexa9_0' is selected.
14:08:24 INFO  : 'con' command is executed.
14:08:24 INFO  : ----------------XSDB Script (After Launch)----------------
targets -set -nocase -filter {name =~ "ARM*#0" && jtag_cable_name =~ "Avnet MiniZed V1 1234-oj1A"} -index 0
con
----------------End of Script----------------

14:08:24 INFO  : Launch script is exported to file 'C:\FPGA\PS_FreeRTOS\PS_FreeRTOS.sdk\.sdk\launch_scripts\xilinx_c-c++_application_(system_debugger)\system_debugger_using_debug_freertos_timers.elf_on_local.tcl'
14:09:37 INFO  : Disconnected from the channel tcfchan#1.
